[    2022ms] Uncaught Error: Minified React error #418; visit https://reactjs.org/docs/error-decoder.html?invariant=418 for the full message or use the non-minified dev environment for full errors and additional helpful warnings.
    at lh (https://resources.reed.co.uk/cdn/web-jobseeker-jobs/20260402.1/_next/static/chunks/framework-1ce91eb6f9ecda85.js:0:46429)
    at i (https://resources.reed.co.uk/cdn/web-jobseeker-jobs/20260402.1/_next/static/chunks/framework-1ce91eb6f9ecda85.js:0:121052)
    at oM (https://resources.reed.co.uk/cdn/web-jobseeker-jobs/20260402.1/_next/static/chunks/framework-1ce91eb6f9ecda85.js:0:99036)
    at oF (https://resources.reed.co.uk/cdn/web-jobseeker-jobs/20260402.1/_next/static/chunks/framework-1ce91eb6f9ecda85.js:0:98906)
    at ow (https://resources.reed.co.uk/cdn/web-jobseeker-jobs/20260402.1/_next/static/chunks/framework-1ce91eb6f9ecda85.js:0:93979)
    at x (https://resources.reed.co.uk/cdn/web-jobseeker-jobs/20260402.1/_next/static/chunks/framework-1ce91eb6f9ecda85.js:0:130703)
    at T (https://resources.reed.co.uk/cdn/web-jobseeker-jobs/20260402.1/_next/static/chunks/framework-1ce91eb6f9ecda85.js:0:131233)
[    2024ms] Uncaught Error: Minified React error #425; visit https://reactjs.org/docs/error-decoder.html?invariant=425 for the full message or use the non-minified dev environment for full errors and additional helpful warnings.
    at rm (https://resources.reed.co.uk/cdn/web-jobseeker-jobs/20260402.1/_next/static/chunks/framework-1ce91eb6f9ecda85.js:0:40258)
    at <anonymous> (https://resources.reed.co.uk/cdn/web-jobseeker-jobs/20260402.1/_next/static/chunks/framework-1ce91eb6f9ecda85.js:0:103399)
    at oO (https://resources.reed.co.uk/cdn/web-jobseeker-jobs/20260402.1/_next/static/chunks/framework-1ce91eb6f9ecda85.js:0:106146)
    at oM (https://resources.reed.co.uk/cdn/web-jobseeker-jobs/20260402.1/_next/static/chunks/framework-1ce91eb6f9ecda85.js:0:99096)
    at oF (https://resources.reed.co.uk/cdn/web-jobseeker-jobs/20260402.1/_next/static/chunks/framework-1ce91eb6f9ecda85.js:0:98906)
    at ow (https://resources.reed.co.uk/cdn/web-jobseeker-jobs/20260402.1/_next/static/chunks/framework-1ce91eb6f9ecda85.js:0:93979)
    at x (https://resources.reed.co.uk/cdn/web-jobseeker-jobs/20260402.1/_next/static/chunks/framework-1ce91eb6f9ecda85.js:0:130703)
    at T (https://resources.reed.co.uk/cdn/web-jobseeker-jobs/20260402.1/_next/static/chunks/framework-1ce91eb6f9ecda85.js:0:131233)
[    2025ms] Uncaught Error: Minified React error #418; visit https://reactjs.org/docs/error-decoder.html?invariant=418 for the full message or use the non-minified dev environment for full errors and additional helpful warnings.
    at lh (https://resources.reed.co.uk/cdn/web-jobseeker-jobs/20260402.1/_next/static/chunks/framework-1ce91eb6f9ecda85.js:0:46549)
    at i (https://resources.reed.co.uk/cdn/web-jobseeker-jobs/20260402.1/_next/static/chunks/framework-1ce91eb6f9ecda85.js:0:121052)
    at oM (https://resources.reed.co.uk/cdn/web-jobseeker-jobs/20260402.1/_next/static/chunks/framework-1ce91eb6f9ecda85.js:0:99036)
    at oF (https://resources.reed.co.uk/cdn/web-jobseeker-jobs/20260402.1/_next/static/chunks/framework-1ce91eb6f9ecda85.js:0:98906)
    at ow (https://resources.reed.co.uk/cdn/web-jobseeker-jobs/20260402.1/_next/static/chunks/framework-1ce91eb6f9ecda85.js:0:93979)
    at x (https://resources.reed.co.uk/cdn/web-jobseeker-jobs/20260402.1/_next/static/chunks/framework-1ce91eb6f9ecda85.js:0:130703)
    at T (https://resources.reed.co.uk/cdn/web-jobseeker-jobs/20260402.1/_next/static/chunks/framework-1ce91eb6f9ecda85.js:0:131233)
[    2026ms] Uncaught Error: Minified React error #418; visit https://reactjs.org/docs/error-decoder.html?invariant=418 for the full message or use the non-minified dev environment for full errors and additional helpful warnings.
    at lh (https://resources.reed.co.uk/cdn/web-jobseeker-jobs/20260402.1/_next/static/chunks/framework-1ce91eb6f9ecda85.js:0:46549)
    at i (https://resources.reed.co.uk/cdn/web-jobseeker-jobs/20260402.1/_next/static/chunks/framework-1ce91eb6f9ecda85.js:0:121052)
    at oM (https://resources.reed.co.uk/cdn/web-jobseeker-jobs/20260402.1/_next/static/chunks/framework-1ce91eb6f9ecda85.js:0:99036)
    at oF (https://resources.reed.co.uk/cdn/web-jobseeker-jobs/20260402.1/_next/static/chunks/framework-1ce91eb6f9ecda85.js:0:98906)
    at ow (https://resources.reed.co.uk/cdn/web-jobseeker-jobs/20260402.1/_next/static/chunks/framework-1ce91eb6f9ecda85.js:0:93979)
    at x (https://resources.reed.co.uk/cdn/web-jobseeker-jobs/20260402.1/_next/static/chunks/framework-1ce91eb6f9ecda85.js:0:130703)
    at T (https://resources.reed.co.uk/cdn/web-jobseeker-jobs/20260402.1/_next/static/chunks/framework-1ce91eb6f9ecda85.js:0:131233)
[    2027ms] Uncaught Error: Minified React error #418; visit https://reactjs.org/docs/error-decoder.html?invariant=418 for the full message or use the non-minified dev environment for full errors and additional helpful warnings.
    at lh (https://resources.reed.co.uk/cdn/web-jobseeker-jobs/20260402.1/_next/static/chunks/framework-1ce91eb6f9ecda85.js:0:46549)
    at i (https://resources.reed.co.uk/cdn/web-jobseeker-jobs/20260402.1/_next/static/chunks/framework-1ce91eb6f9ecda85.js:0:121052)
    at oM (https://resources.reed.co.uk/cdn/web-jobseeker-jobs/20260402.1/_next/static/chunks/framework-1ce91eb6f9ecda85.js:0:99036)
    at oF (https://resources.reed.co.uk/cdn/web-jobseeker-jobs/20260402.1/_next/static/chunks/framework-1ce91eb6f9ecda85.js:0:98906)
    at ow (https://resources.reed.co.uk/cdn/web-jobseeker-jobs/20260402.1/_next/static/chunks/framework-1ce91eb6f9ecda85.js:0:93979)
    at x (https://resources.reed.co.uk/cdn/web-jobseeker-jobs/20260402.1/_next/static/chunks/framework-1ce91eb6f9ecda85.js:0:130703)
    at T (https://resources.reed.co.uk/cdn/web-jobseeker-jobs/20260402.1/_next/static/chunks/framework-1ce91eb6f9ecda85.js:0:131233)
[    2028ms] Uncaught Error: Minified React error #418; visit https://reactjs.org/docs/error-decoder.html?invariant=418 for the full message or use the non-minified dev environment for full errors and additional helpful warnings.
    at lh (https://resources.reed.co.uk/cdn/web-jobseeker-jobs/20260402.1/_next/static/chunks/framework-1ce91eb6f9ecda85.js:0:46549)
    at i (https://resources.reed.co.uk/cdn/web-jobseeker-jobs/20260402.1/_next/static/chunks/framework-1ce91eb6f9ecda85.js:0:121052)
    at oM (https://resources.reed.co.uk/cdn/web-jobseeker-jobs/20260402.1/_next/static/chunks/framework-1ce91eb6f9ecda85.js:0:99036)
    at oF (https://resources.reed.co.uk/cdn/web-jobseeker-jobs/20260402.1/_next/static/chunks/framework-1ce91eb6f9ecda85.js:0:98906)
    at ow (https://resources.reed.co.uk/cdn/web-jobseeker-jobs/20260402.1/_next/static/chunks/framework-1ce91eb6f9ecda85.js:0:93979)
    at x (https://resources.reed.co.uk/cdn/web-jobseeker-jobs/20260402.1/_next/static/chunks/framework-1ce91eb6f9ecda85.js:0:130703)
    at T (https://resources.reed.co.uk/cdn/web-jobseeker-jobs/20260402.1/_next/static/chunks/framework-1ce91eb6f9ecda85.js:0:131233)
[    2029ms] Uncaught Error: Minified React error #418; visit https://reactjs.org/docs/error-decoder.html?invariant=418 for the full message or use the non-minified dev environment for full errors and additional helpful warnings.
    at lh (https://resources.reed.co.uk/cdn/web-jobseeker-jobs/20260402.1/_next/static/chunks/framework-1ce91eb6f9ecda85.js:0:46549)
    at i (https://resources.reed.co.uk/cdn/web-jobseeker-jobs/20260402.1/_next/static/chunks/framework-1ce91eb6f9ecda85.js:0:121052)
    at oM (https://resources.reed.co.uk/cdn/web-jobseeker-jobs/20260402.1/_next/static/chunks/framework-1ce91eb6f9ecda85.js:0:99036)
    at oF (https://resources.reed.co.uk/cdn/web-jobseeker-jobs/20260402.1/_next/static/chunks/framework-1ce91eb6f9ecda85.js:0:98906)
    at ow (https://resources.reed.co.uk/cdn/web-jobseeker-jobs/20260402.1/_next/static/chunks/framework-1ce91eb6f9ecda85.js:0:93979)
    at x (https://resources.reed.co.uk/cdn/web-jobseeker-jobs/20260402.1/_next/static/chunks/framework-1ce91eb6f9ecda85.js:0:130703)
    at T (https://resources.reed.co.uk/cdn/web-jobseeker-jobs/20260402.1/_next/static/chunks/framework-1ce91eb6f9ecda85.js:0:131233)
[    2030ms] Uncaught Error: Minified React error #418; visit https://reactjs.org/docs/error-decoder.html?invariant=418 for the full message or use the non-minified dev environment for full errors and additional helpful warnings.
    at lh (https://resources.reed.co.uk/cdn/web-jobseeker-jobs/20260402.1/_next/static/chunks/framework-1ce91eb6f9ecda85.js:0:46549)
    at i (https://resources.reed.co.uk/cdn/web-jobseeker-jobs/20260402.1/_next/static/chunks/framework-1ce91eb6f9ecda85.js:0:121052)
    at oM (https://resources.reed.co.uk/cdn/web-jobseeker-jobs/20260402.1/_next/static/chunks/framework-1ce91eb6f9ecda85.js:0:99036)
    at oF (https://resources.reed.co.uk/cdn/web-jobseeker-jobs/20260402.1/_next/static/chunks/framework-1ce91eb6f9ecda85.js:0:98906)
    at ow (https://resources.reed.co.uk/cdn/web-jobseeker-jobs/20260402.1/_next/static/chunks/framework-1ce91eb6f9ecda85.js:0:93979)
    at x (https://resources.reed.co.uk/cdn/web-jobseeker-jobs/20260402.1/_next/static/chunks/framework-1ce91eb6f9ecda85.js:0:130703)
    at T (https://resources.reed.co.uk/cdn/web-jobseeker-jobs/20260402.1/_next/static/chunks/framework-1ce91eb6f9ecda85.js:0:131233)
[    2031ms] Uncaught Error: Minified React error #418; visit https://reactjs.org/docs/error-decoder.html?invariant=418 for the full message or use the non-minified dev environment for full errors and additional helpful warnings.
    at lh (https://resources.reed.co.uk/cdn/web-jobseeker-jobs/20260402.1/_next/static/chunks/framework-1ce91eb6f9ecda85.js:0:46549)
    at i (https://resources.reed.co.uk/cdn/web-jobseeker-jobs/20260402.1/_next/static/chunks/framework-1ce91eb6f9ecda85.js:0:121052)
    at oM (https://resources.reed.co.uk/cdn/web-jobseeker-jobs/20260402.1/_next/static/chunks/framework-1ce91eb6f9ecda85.js:0:99036)
    at oF (https://resources.reed.co.uk/cdn/web-jobseeker-jobs/20260402.1/_next/static/chunks/framework-1ce91eb6f9ecda85.js:0:98906)
    at ow (https://resources.reed.co.uk/cdn/web-jobseeker-jobs/20260402.1/_next/static/chunks/framework-1ce91eb6f9ecda85.js:0:93979)
    at x (https://resources.reed.co.uk/cdn/web-jobseeker-jobs/20260402.1/_next/static/chunks/framework-1ce91eb6f9ecda85.js:0:130703)
    at T (https://resources.reed.co.uk/cdn/web-jobseeker-jobs/20260402.1/_next/static/chunks/framework-1ce91eb6f9ecda85.js:0:131233)
[    2032ms] Uncaught Error: Minified React error #418; visit https://reactjs.org/docs/error-decoder.html?invariant=418 for the full message or use the non-minified dev environment for full errors and additional helpful warnings.
    at lh (https://resources.reed.co.uk/cdn/web-jobseeker-jobs/20260402.1/_next/static/chunks/framework-1ce91eb6f9ecda85.js:0:46549)
    at i (https://resources.reed.co.uk/cdn/web-jobseeker-jobs/20260402.1/_next/static/chunks/framework-1ce91eb6f9ecda85.js:0:121052)
    at oM (https://resources.reed.co.uk/cdn/web-jobseeker-jobs/20260402.1/_next/static/chunks/framework-1ce91eb6f9ecda85.js:0:99036)
    at oF (https://resources.reed.co.uk/cdn/web-jobseeker-jobs/20260402.1/_next/static/chunks/framework-1ce91eb6f9ecda85.js:0:98906)
    at ow (https://resources.reed.co.uk/cdn/web-jobseeker-jobs/20260402.1/_next/static/chunks/framework-1ce91eb6f9ecda85.js:0:93979)
    at x (https://resources.reed.co.uk/cdn/web-jobseeker-jobs/20260402.1/_next/static/chunks/framework-1ce91eb6f9ecda85.js:0:130703)
    at T (https://resources.reed.co.uk/cdn/web-jobseeker-jobs/20260402.1/_next/static/chunks/framework-1ce91eb6f9ecda85.js:0:131233)
[    2033ms] Uncaught Error: Minified React error #418; visit https://reactjs.org/docs/error-decoder.html?invariant=418 for the full message or use the non-minified dev environment for full errors and additional helpful warnings.
    at lh (https://resources.reed.co.uk/cdn/web-jobseeker-jobs/20260402.1/_next/static/chunks/framework-1ce91eb6f9ecda85.js:0:46549)
    at i (https://resources.reed.co.uk/cdn/web-jobseeker-jobs/20260402.1/_next/static/chunks/framework-1ce91eb6f9ecda85.js:0:121052)
    at oM (https://resources.reed.co.uk/cdn/web-jobseeker-jobs/20260402.1/_next/static/chunks/framework-1ce91eb6f9ecda85.js:0:99036)
    at oF (https://resources.reed.co.uk/cdn/web-jobseeker-jobs/20260402.1/_next/static/chunks/framework-1ce91eb6f9ecda85.js:0:98906)
    at ow (https://resources.reed.co.uk/cdn/web-jobseeker-jobs/20260402.1/_next/static/chunks/framework-1ce91eb6f9ecda85.js:0:93979)
    at x (https://resources.reed.co.uk/cdn/web-jobseeker-jobs/20260402.1/_next/static/chunks/framework-1ce91eb6f9ecda85.js:0:130703)
    at T (https://resources.reed.co.uk/cdn/web-jobseeker-jobs/20260402.1/_next/static/chunks/framework-1ce91eb6f9ecda85.js:0:131233)
[    2035ms] Uncaught Error: Minified React error #418; visit https://reactjs.org/docs/error-decoder.html?invariant=418 for the full message or use the non-minified dev environment for full errors and additional helpful warnings.
    at lh (https://resources.reed.co.uk/cdn/web-jobseeker-jobs/20260402.1/_next/static/chunks/framework-1ce91eb6f9ecda85.js:0:46549)
    at i (https://resources.reed.co.uk/cdn/web-jobseeker-jobs/20260402.1/_next/static/chunks/framework-1ce91eb6f9ecda85.js:0:121052)
    at oM (https://resources.reed.co.uk/cdn/web-jobseeker-jobs/20260402.1/_next/static/chunks/framework-1ce91eb6f9ecda85.js:0:99036)
    at oF (https://resources.reed.co.uk/cdn/web-jobseeker-jobs/20260402.1/_next/static/chunks/framework-1ce91eb6f9ecda85.js:0:98906)
    at ow (https://resources.reed.co.uk/cdn/web-jobseeker-jobs/20260402.1/_next/static/chunks/framework-1ce91eb6f9ecda85.js:0:93979)
    at x (https://resources.reed.co.uk/cdn/web-jobseeker-jobs/20260402.1/_next/static/chunks/framework-1ce91eb6f9ecda85.js:0:130703)
    at T (https://resources.reed.co.uk/cdn/web-jobseeker-jobs/20260402.1/_next/static/chunks/framework-1ce91eb6f9ecda85.js:0:131233)
[    2036ms] Uncaught Error: Minified React error #418; visit https://reactjs.org/docs/error-decoder.html?invariant=418 for the full message or use the non-minified dev environment for full errors and additional helpful warnings.
    at lh (https://resources.reed.co.uk/cdn/web-jobseeker-jobs/20260402.1/_next/static/chunks/framework-1ce91eb6f9ecda85.js:0:46549)
    at i (https://resources.reed.co.uk/cdn/web-jobseeker-jobs/20260402.1/_next/static/chunks/framework-1ce91eb6f9ecda85.js:0:121052)
    at oM (https://resources.reed.co.uk/cdn/web-jobseeker-jobs/20260402.1/_next/static/chunks/framework-1ce91eb6f9ecda85.js:0:99036)
    at oF (https://resources.reed.co.uk/cdn/web-jobseeker-jobs/20260402.1/_next/static/chunks/framework-1ce91eb6f9ecda85.js:0:98906)
    at ow (https://resources.reed.co.uk/cdn/web-jobseeker-jobs/20260402.1/_next/static/chunks/framework-1ce91eb6f9ecda85.js:0:93979)
    at x (https://resources.reed.co.uk/cdn/web-jobseeker-jobs/20260402.1/_next/static/chunks/framework-1ce91eb6f9ecda85.js:0:130703)
    at T (https://resources.reed.co.uk/cdn/web-jobseeker-jobs/20260402.1/_next/static/chunks/framework-1ce91eb6f9ecda85.js:0:131233)
[    2036ms] Uncaught Error: Minified React error #418; visit https://reactjs.org/docs/error-decoder.html?invariant=418 for the full message or use the non-minified dev environment for full errors and additional helpful warnings.
    at lh (https://resources.reed.co.uk/cdn/web-jobseeker-jobs/20260402.1/_next/static/chunks/framework-1ce91eb6f9ecda85.js:0:46549)
    at i (https://resources.reed.co.uk/cdn/web-jobseeker-jobs/20260402.1/_next/static/chunks/framework-1ce91eb6f9ecda85.js:0:121052)
    at oM (https://resources.reed.co.uk/cdn/web-jobseeker-jobs/20260402.1/_next/static/chunks/framework-1ce91eb6f9ecda85.js:0:99036)
    at oF (https://resources.reed.co.uk/cdn/web-jobseeker-jobs/20260402.1/_next/static/chunks/framework-1ce91eb6f9ecda85.js:0:98906)
    at ow (https://resources.reed.co.uk/cdn/web-jobseeker-jobs/20260402.1/_next/static/chunks/framework-1ce91eb6f9ecda85.js:0:93979)
    at x (https://resources.reed.co.uk/cdn/web-jobseeker-jobs/20260402.1/_next/static/chunks/framework-1ce91eb6f9ecda85.js:0:130703)
    at T (https://resources.reed.co.uk/cdn/web-jobseeker-jobs/20260402.1/_next/static/chunks/framework-1ce91eb6f9ecda85.js:0:131233)
[    2037ms] Uncaught Error: Minified React error #418; visit https://reactjs.org/docs/error-decoder.html?invariant=418 for the full message or use the non-minified dev environment for full errors and additional helpful warnings.
    at lh (https://resources.reed.co.uk/cdn/web-jobseeker-jobs/20260402.1/_next/static/chunks/framework-1ce91eb6f9ecda85.js:0:46549)
    at i (https://resources.reed.co.uk/cdn/web-jobseeker-jobs/20260402.1/_next/static/chunks/framework-1ce91eb6f9ecda85.js:0:121052)
    at oM (https://resources.reed.co.uk/cdn/web-jobseeker-jobs/20260402.1/_next/static/chunks/framework-1ce91eb6f9ecda85.js:0:99036)
    at oF (https://resources.reed.co.uk/cdn/web-jobseeker-jobs/20260402.1/_next/static/chunks/framework-1ce91eb6f9ecda85.js:0:98906)
    at ow (https://resources.reed.co.uk/cdn/web-jobseeker-jobs/20260402.1/_next/static/chunks/framework-1ce91eb6f9ecda85.js:0:93979)
    at x (https://resources.reed.co.uk/cdn/web-jobseeker-jobs/20260402.1/_next/static/chunks/framework-1ce91eb6f9ecda85.js:0:130703)
    at T (https://resources.reed.co.uk/cdn/web-jobseeker-jobs/20260402.1/_next/static/chunks/framework-1ce91eb6f9ecda85.js:0:131233)
[    2038ms] Uncaught Error: Minified React error #418; visit https://reactjs.org/docs/error-decoder.html?invariant=418 for the full message or use the non-minified dev environment for full errors and additional helpful warnings.
    at lh (https://resources.reed.co.uk/cdn/web-jobseeker-jobs/20260402.1/_next/static/chunks/framework-1ce91eb6f9ecda85.js:0:46549)
    at i (https://resources.reed.co.uk/cdn/web-jobseeker-jobs/20260402.1/_next/static/chunks/framework-1ce91eb6f9ecda85.js:0:121052)
    at oM (https://resources.reed.co.uk/cdn/web-jobseeker-jobs/20260402.1/_next/static/chunks/framework-1ce91eb6f9ecda85.js:0:99036)
    at oF (https://resources.reed.co.uk/cdn/web-jobseeker-jobs/20260402.1/_next/static/chunks/framework-1ce91eb6f9ecda85.js:0:98906)
    at ow (https://resources.reed.co.uk/cdn/web-jobseeker-jobs/20260402.1/_next/static/chunks/framework-1ce91eb6f9ecda85.js:0:93979)
    at x (https://resources.reed.co.uk/cdn/web-jobseeker-jobs/20260402.1/_next/static/chunks/framework-1ce91eb6f9ecda85.js:0:130703)
    at T (https://resources.reed.co.uk/cdn/web-jobseeker-jobs/20260402.1/_next/static/chunks/framework-1ce91eb6f9ecda85.js:0:131233)
[    2039ms] Uncaught Error: Minified React error #418; visit https://reactjs.org/docs/error-decoder.html?invariant=418 for the full message or use the non-minified dev environment for full errors and additional helpful warnings.
    at lh (https://resources.reed.co.uk/cdn/web-jobseeker-jobs/20260402.1/_next/static/chunks/framework-1ce91eb6f9ecda85.js:0:46549)
    at i (https://resources.reed.co.uk/cdn/web-jobseeker-jobs/20260402.1/_next/static/chunks/framework-1ce91eb6f9ecda85.js:0:121052)
    at oM (https://resources.reed.co.uk/cdn/web-jobseeker-jobs/20260402.1/_next/static/chunks/framework-1ce91eb6f9ecda85.js:0:99036)
    at oF (https://resources.reed.co.uk/cdn/web-jobseeker-jobs/20260402.1/_next/static/chunks/framework-1ce91eb6f9ecda85.js:0:98906)
    at ow (https://resources.reed.co.uk/cdn/web-jobseeker-jobs/20260402.1/_next/static/chunks/framework-1ce91eb6f9ecda85.js:0:93979)
    at x (https://resources.reed.co.uk/cdn/web-jobseeker-jobs/20260402.1/_next/static/chunks/framework-1ce91eb6f9ecda85.js:0:130703)
    at T (https://resources.reed.co.uk/cdn/web-jobseeker-jobs/20260402.1/_next/static/chunks/framework-1ce91eb6f9ecda85.js:0:131233)
[    2040ms] Uncaught Error: Minified React error #418; visit https://reactjs.org/docs/error-decoder.html?invariant=418 for the full message or use the non-minified dev environment for full errors and additional helpful warnings.
    at lh (https://resources.reed.co.uk/cdn/web-jobseeker-jobs/20260402.1/_next/static/chunks/framework-1ce91eb6f9ecda85.js:0:46549)
    at i (https://resources.reed.co.uk/cdn/web-jobseeker-jobs/20260402.1/_next/static/chunks/framework-1ce91eb6f9ecda85.js:0:121052)
    at oM (https://resources.reed.co.uk/cdn/web-jobseeker-jobs/20260402.1/_next/static/chunks/framework-1ce91eb6f9ecda85.js:0:99036)
    at oF (https://resources.reed.co.uk/cdn/web-jobseeker-jobs/20260402.1/_next/static/chunks/framework-1ce91eb6f9ecda85.js:0:98906)
    at ow (https://resources.reed.co.uk/cdn/web-jobseeker-jobs/20260402.1/_next/static/chunks/framework-1ce91eb6f9ecda85.js:0:93979)
    at x (https://resources.reed.co.uk/cdn/web-jobseeker-jobs/20260402.1/_next/static/chunks/framework-1ce91eb6f9ecda85.js:0:130703)
    at T (https://resources.reed.co.uk/cdn/web-jobseeker-jobs/20260402.1/_next/static/chunks/framework-1ce91eb6f9ecda85.js:0:131233)
[    2040ms] Uncaught Error: Minified React error #418; visit https://reactjs.org/docs/error-decoder.html?invariant=418 for the full message or use the non-minified dev environment for full errors and additional helpful warnings.
    at lh (https://resources.reed.co.uk/cdn/web-jobseeker-jobs/20260402.1/_next/static/chunks/framework-1ce91eb6f9ecda85.js:0:46549)
    at i (https://resources.reed.co.uk/cdn/web-jobseeker-jobs/20260402.1/_next/static/chunks/framework-1ce91eb6f9ecda85.js:0:121052)
    at oM (https://resources.reed.co.uk/cdn/web-jobseeker-jobs/20260402.1/_next/static/chunks/framework-1ce91eb6f9ecda85.js:0:99036)
    at oF (https://resources.reed.co.uk/cdn/web-jobseeker-jobs/20260402.1/_next/static/chunks/framework-1ce91eb6f9ecda85.js:0:98906)
    at ow (https://resources.reed.co.uk/cdn/web-jobseeker-jobs/20260402.1/_next/static/chunks/framework-1ce91eb6f9ecda85.js:0:93979)
    at x (https://resources.reed.co.uk/cdn/web-jobseeker-jobs/20260402.1/_next/static/chunks/framework-1ce91eb6f9ecda85.js:0:130703)
    at T (https://resources.reed.co.uk/cdn/web-jobseeker-jobs/20260402.1/_next/static/chunks/framework-1ce91eb6f9ecda85.js:0:131233)
[    2043ms] Uncaught Error: Minified React error #418; visit https://reactjs.org/docs/error-decoder.html?invariant=418 for the full message or use the non-minified dev environment for full errors and additional helpful warnings.
    at lh (https://resources.reed.co.uk/cdn/web-jobseeker-jobs/20260402.1/_next/static/chunks/framework-1ce91eb6f9ecda85.js:0:46549)
    at i (https://resources.reed.co.uk/cdn/web-jobseeker-jobs/20260402.1/_next/static/chunks/framework-1ce91eb6f9ecda85.js:0:121052)
    at oM (https://resources.reed.co.uk/cdn/web-jobseeker-jobs/20260402.1/_next/static/chunks/framework-1ce91eb6f9ecda85.js:0:99036)
    at oF (https://resources.reed.co.uk/cdn/web-jobseeker-jobs/20260402.1/_next/static/chunks/framework-1ce91eb6f9ecda85.js:0:98906)
    at ow (https://resources.reed.co.uk/cdn/web-jobseeker-jobs/20260402.1/_next/static/chunks/framework-1ce91eb6f9ecda85.js:0:93979)
    at x (https://resources.reed.co.uk/cdn/web-jobseeker-jobs/20260402.1/_next/static/chunks/framework-1ce91eb6f9ecda85.js:0:130703)
    at T (https://resources.reed.co.uk/cdn/web-jobseeker-jobs/20260402.1/_next/static/chunks/framework-1ce91eb6f9ecda85.js:0:131233)
[    2045ms] Uncaught Error: Minified React error #418; visit https://reactjs.org/docs/error-decoder.html?invariant=418 for the full message or use the non-minified dev environment for full errors and additional helpful warnings.
    at lh (https://resources.reed.co.uk/cdn/web-jobseeker-jobs/20260402.1/_next/static/chunks/framework-1ce91eb6f9ecda85.js:0:46549)
    at i (https://resources.reed.co.uk/cdn/web-jobseeker-jobs/20260402.1/_next/static/chunks/framework-1ce91eb6f9ecda85.js:0:121052)
    at oM (https://resources.reed.co.uk/cdn/web-jobseeker-jobs/20260402.1/_next/static/chunks/framework-1ce91eb6f9ecda85.js:0:99036)
    at oF (https://resources.reed.co.uk/cdn/web-jobseeker-jobs/20260402.1/_next/static/chunks/framework-1ce91eb6f9ecda85.js:0:98906)
    at ow (https://resources.reed.co.uk/cdn/web-jobseeker-jobs/20260402.1/_next/static/chunks/framework-1ce91eb6f9ecda85.js:0:93979)
    at x (https://resources.reed.co.uk/cdn/web-jobseeker-jobs/20260402.1/_next/static/chunks/framework-1ce91eb6f9ecda85.js:0:130703)
    at T (https://resources.reed.co.uk/cdn/web-jobseeker-jobs/20260402.1/_next/static/chunks/framework-1ce91eb6f9ecda85.js:0:131233)
[    2046ms] Uncaught Error: Minified React error #418; visit https://reactjs.org/docs/error-decoder.html?invariant=418 for the full message or use the non-minified dev environment for full errors and additional helpful warnings.
    at lh (https://resources.reed.co.uk/cdn/web-jobseeker-jobs/20260402.1/_next/static/chunks/framework-1ce91eb6f9ecda85.js:0:46549)
    at i (https://resources.reed.co.uk/cdn/web-jobseeker-jobs/20260402.1/_next/static/chunks/framework-1ce91eb6f9ecda85.js:0:121052)
    at oM (https://resources.reed.co.uk/cdn/web-jobseeker-jobs/20260402.1/_next/static/chunks/framework-1ce91eb6f9ecda85.js:0:99036)
    at oF (https://resources.reed.co.uk/cdn/web-jobseeker-jobs/20260402.1/_next/static/chunks/framework-1ce91eb6f9ecda85.js:0:98906)
    at ow (https://resources.reed.co.uk/cdn/web-jobseeker-jobs/20260402.1/_next/static/chunks/framework-1ce91eb6f9ecda85.js:0:93979)
    at x (https://resources.reed.co.uk/cdn/web-jobseeker-jobs/20260402.1/_next/static/chunks/framework-1ce91eb6f9ecda85.js:0:130703)
    at T (https://resources.reed.co.uk/cdn/web-jobseeker-jobs/20260402.1/_next/static/chunks/framework-1ce91eb6f9ecda85.js:0:131233)
[    2046ms] Uncaught Error: Minified React error #418; visit https://reactjs.org/docs/error-decoder.html?invariant=418 for the full message or use the non-minified dev environment for full errors and additional helpful warnings.
    at lh (https://resources.reed.co.uk/cdn/web-jobseeker-jobs/20260402.1/_next/static/chunks/framework-1ce91eb6f9ecda85.js:0:46549)
    at i (https://resources.reed.co.uk/cdn/web-jobseeker-jobs/20260402.1/_next/static/chunks/framework-1ce91eb6f9ecda85.js:0:121052)
    at oM (https://resources.reed.co.uk/cdn/web-jobseeker-jobs/20260402.1/_next/static/chunks/framework-1ce91eb6f9ecda85.js:0:99036)
    at oF (https://resources.reed.co.uk/cdn/web-jobseeker-jobs/20260402.1/_next/static/chunks/framework-1ce91eb6f9ecda85.js:0:98906)
    at ow (https://resources.reed.co.uk/cdn/web-jobseeker-jobs/20260402.1/_next/static/chunks/framework-1ce91eb6f9ecda85.js:0:93979)
    at x (https://resources.reed.co.uk/cdn/web-jobseeker-jobs/20260402.1/_next/static/chunks/framework-1ce91eb6f9ecda85.js:0:130703)
    at T (https://resources.reed.co.uk/cdn/web-jobseeker-jobs/20260402.1/_next/static/chunks/framework-1ce91eb6f9ecda85.js:0:131233)
[    2047ms] Uncaught Error: Minified React error #418; visit https://reactjs.org/docs/error-decoder.html?invariant=418 for the full message or use the non-minified dev environment for full errors and additional helpful warnings.
    at lh (https://resources.reed.co.uk/cdn/web-jobseeker-jobs/20260402.1/_next/static/chunks/framework-1ce91eb6f9ecda85.js:0:46549)
    at i (https://resources.reed.co.uk/cdn/web-jobseeker-jobs/20260402.1/_next/static/chunks/framework-1ce91eb6f9ecda85.js:0:121052)
    at oM (https://resources.reed.co.uk/cdn/web-jobseeker-jobs/20260402.1/_next/static/chunks/framework-1ce91eb6f9ecda85.js:0:99036)
    at oF (https://resources.reed.co.uk/cdn/web-jobseeker-jobs/20260402.1/_next/static/chunks/framework-1ce91eb6f9ecda85.js:0:98906)
    at ow (https://resources.reed.co.uk/cdn/web-jobseeker-jobs/20260402.1/_next/static/chunks/framework-1ce91eb6f9ecda85.js:0:93979)
    at x (https://resources.reed.co.uk/cdn/web-jobseeker-jobs/20260402.1/_next/static/chunks/framework-1ce91eb6f9ecda85.js:0:130703)
    at T (https://resources.reed.co.uk/cdn/web-jobseeker-jobs/20260402.1/_next/static/chunks/framework-1ce91eb6f9ecda85.js:0:131233)
[    2048ms] Uncaught Error: Minified React error #418; visit https://reactjs.org/docs/error-decoder.html?invariant=418 for the full message or use the non-minified dev environment for full errors and additional helpful warnings.
    at lh (https://resources.reed.co.uk/cdn/web-jobseeker-jobs/20260402.1/_next/static/chunks/framework-1ce91eb6f9ecda85.js:0:46549)
    at i (https://resources.reed.co.uk/cdn/web-jobseeker-jobs/20260402.1/_next/static/chunks/framework-1ce91eb6f9ecda85.js:0:121052)
    at oM (https://resources.reed.co.uk/cdn/web-jobseeker-jobs/20260402.1/_next/static/chunks/framework-1ce91eb6f9ecda85.js:0:99036)
    at oF (https://resources.reed.co.uk/cdn/web-jobseeker-jobs/20260402.1/_next/static/chunks/framework-1ce91eb6f9ecda85.js:0:98906)
    at ow (https://resources.reed.co.uk/cdn/web-jobseeker-jobs/20260402.1/_next/static/chunks/framework-1ce91eb6f9ecda85.js:0:93979)
    at x (https://resources.reed.co.uk/cdn/web-jobseeker-jobs/20260402.1/_next/static/chunks/framework-1ce91eb6f9ecda85.js:0:130703)
    at T (https://resources.reed.co.uk/cdn/web-jobseeker-jobs/20260402.1/_next/static/chunks/framework-1ce91eb6f9ecda85.js:0:131233)
[    2050ms] Uncaught Error: Minified React error #418; visit https://reactjs.org/docs/error-decoder.html?invariant=418 for the full message or use the non-minified dev environment for full errors and additional helpful warnings.
    at lh (https://resources.reed.co.uk/cdn/web-jobseeker-jobs/20260402.1/_next/static/chunks/framework-1ce91eb6f9ecda85.js:0:46549)
    at i (https://resources.reed.co.uk/cdn/web-jobseeker-jobs/20260402.1/_next/static/chunks/framework-1ce91eb6f9ecda85.js:0:121052)
    at oM (https://resources.reed.co.uk/cdn/web-jobseeker-jobs/20260402.1/_next/static/chunks/framework-1ce91eb6f9ecda85.js:0:99036)
    at oF (https://resources.reed.co.uk/cdn/web-jobseeker-jobs/20260402.1/_next/static/chunks/framework-1ce91eb6f9ecda85.js:0:98906)
    at ow (https://resources.reed.co.uk/cdn/web-jobseeker-jobs/20260402.1/_next/static/chunks/framework-1ce91eb6f9ecda85.js:0:93979)
    at x (https://resources.reed.co.uk/cdn/web-jobseeker-jobs/20260402.1/_next/static/chunks/framework-1ce91eb6f9ecda85.js:0:130703)
    at T (https://resources.reed.co.uk/cdn/web-jobseeker-jobs/20260402.1/_next/static/chunks/framework-1ce91eb6f9ecda85.js:0:131233)
[    2051ms] Uncaught Error: Minified React error #418; visit https://reactjs.org/docs/error-decoder.html?invariant=418 for the full message or use the non-minified dev environment for full errors and additional helpful warnings.
    at lh (https://resources.reed.co.uk/cdn/web-jobseeker-jobs/20260402.1/_next/static/chunks/framework-1ce91eb6f9ecda85.js:0:46549)
    at i (https://resources.reed.co.uk/cdn/web-jobseeker-jobs/20260402.1/_next/static/chunks/framework-1ce91eb6f9ecda85.js:0:121052)
    at oM (https://resources.reed.co.uk/cdn/web-jobseeker-jobs/20260402.1/_next/static/chunks/framework-1ce91eb6f9ecda85.js:0:99036)
    at oF (https://resources.reed.co.uk/cdn/web-jobseeker-jobs/20260402.1/_next/static/chunks/framework-1ce91eb6f9ecda85.js:0:98906)
    at ow (https://resources.reed.co.uk/cdn/web-jobseeker-jobs/20260402.1/_next/static/chunks/framework-1ce91eb6f9ecda85.js:0:93979)
    at x (https://resources.reed.co.uk/cdn/web-jobseeker-jobs/20260402.1/_next/static/chunks/framework-1ce91eb6f9ecda85.js:0:130703)
    at T (https://resources.reed.co.uk/cdn/web-jobseeker-jobs/20260402.1/_next/static/chunks/framework-1ce91eb6f9ecda85.js:0:131233)
[    2052ms] Uncaught Error: Minified React error #418; visit https://reactjs.org/docs/error-decoder.html?invariant=418 for the full message or use the non-minified dev environment for full errors and additional helpful warnings.
    at lh (https://resources.reed.co.uk/cdn/web-jobseeker-jobs/20260402.1/_next/static/chunks/framework-1ce91eb6f9ecda85.js:0:46549)
    at i (https://resources.reed.co.uk/cdn/web-jobseeker-jobs/20260402.1/_next/static/chunks/framework-1ce91eb6f9ecda85.js:0:121052)
    at oM (https://resources.reed.co.uk/cdn/web-jobseeker-jobs/20260402.1/_next/static/chunks/framework-1ce91eb6f9ecda85.js:0:99036)
    at oF (https://resources.reed.co.uk/cdn/web-jobseeker-jobs/20260402.1/_next/static/chunks/framework-1ce91eb6f9ecda85.js:0:98906)
    at ow (https://resources.reed.co.uk/cdn/web-jobseeker-jobs/20260402.1/_next/static/chunks/framework-1ce91eb6f9ecda85.js:0:93979)
    at x (https://resources.reed.co.uk/cdn/web-jobseeker-jobs/20260402.1/_next/static/chunks/framework-1ce91eb6f9ecda85.js:0:130703)
    at T (https://resources.reed.co.uk/cdn/web-jobseeker-jobs/20260402.1/_next/static/chunks/framework-1ce91eb6f9ecda85.js:0:131233)
[    2053ms] Uncaught Error: Minified React error #418; visit https://reactjs.org/docs/error-decoder.html?invariant=418 for the full message or use the non-minified dev environment for full errors and additional helpful warnings.
    at lh (https://resources.reed.co.uk/cdn/web-jobseeker-jobs/20260402.1/_next/static/chunks/framework-1ce91eb6f9ecda85.js:0:46549)
    at i (https://resources.reed.co.uk/cdn/web-jobseeker-jobs/20260402.1/_next/static/chunks/framework-1ce91eb6f9ecda85.js:0:121052)
    at oM (https://resources.reed.co.uk/cdn/web-jobseeker-jobs/20260402.1/_next/static/chunks/framework-1ce91eb6f9ecda85.js:0:99036)
    at oF (https://resources.reed.co.uk/cdn/web-jobseeker-jobs/20260402.1/_next/static/chunks/framework-1ce91eb6f9ecda85.js:0:98906)
    at ow (https://resources.reed.co.uk/cdn/web-jobseeker-jobs/20260402.1/_next/static/chunks/framework-1ce91eb6f9ecda85.js:0:93979)
    at x (https://resources.reed.co.uk/cdn/web-jobseeker-jobs/20260402.1/_next/static/chunks/framework-1ce91eb6f9ecda85.js:0:130703)
    at T (https://resources.reed.co.uk/cdn/web-jobseeker-jobs/20260402.1/_next/static/chunks/framework-1ce91eb6f9ecda85.js:0:131233)
[    2053ms] Uncaught Error: Minified React error #418; visit https://reactjs.org/docs/error-decoder.html?invariant=418 for the full message or use the non-minified dev environment for full errors and additional helpful warnings.
    at lh (https://resources.reed.co.uk/cdn/web-jobseeker-jobs/20260402.1/_next/static/chunks/framework-1ce91eb6f9ecda85.js:0:46549)
    at i (https://resources.reed.co.uk/cdn/web-jobseeker-jobs/20260402.1/_next/static/chunks/framework-1ce91eb6f9ecda85.js:0:121052)
    at oM (https://resources.reed.co.uk/cdn/web-jobseeker-jobs/20260402.1/_next/static/chunks/framework-1ce91eb6f9ecda85.js:0:99036)
    at oF (https://resources.reed.co.uk/cdn/web-jobseeker-jobs/20260402.1/_next/static/chunks/framework-1ce91eb6f9ecda85.js:0:98906)
    at ow (https://resources.reed.co.uk/cdn/web-jobseeker-jobs/20260402.1/_next/static/chunks/framework-1ce91eb6f9ecda85.js:0:93979)
    at x (https://resources.reed.co.uk/cdn/web-jobseeker-jobs/20260402.1/_next/static/chunks/framework-1ce91eb6f9ecda85.js:0:130703)
    at T (https://resources.reed.co.uk/cdn/web-jobseeker-jobs/20260402.1/_next/static/chunks/framework-1ce91eb6f9ecda85.js:0:131233)
[    2054ms] Uncaught Error: Minified React error #423; visit https://reactjs.org/docs/error-decoder.html?invariant=423 for the full message or use the non-minified dev environment for full errors and additional helpful warnings.
    at i (https://resources.reed.co.uk/cdn/web-jobseeker-jobs/20260402.1/_next/static/chunks/framework-1ce91eb6f9ecda85.js:0:120711)
    at oM (https://resources.reed.co.uk/cdn/web-jobseeker-jobs/20260402.1/_next/static/chunks/framework-1ce91eb6f9ecda85.js:0:99036)
    at oF (https://resources.reed.co.uk/cdn/web-jobseeker-jobs/20260402.1/_next/static/chunks/framework-1ce91eb6f9ecda85.js:0:98906)
    at oS (https://resources.reed.co.uk/cdn/web-jobseeker-jobs/20260402.1/_next/static/chunks/framework-1ce91eb6f9ecda85.js:0:95677)
    at ow (https://resources.reed.co.uk/cdn/web-jobseeker-jobs/20260402.1/_next/static/chunks/framework-1ce91eb6f9ecda85.js:0:94232)
    at x (https://resources.reed.co.uk/cdn/web-jobseeker-jobs/20260402.1/_next/static/chunks/framework-1ce91eb6f9ecda85.js:0:130703)
    at T (https://resources.reed.co.uk/cdn/web-jobseeker-jobs/20260402.1/_next/static/chunks/framework-1ce91eb6f9ecda85.js:0:131233)
[    3115ms] [WARNING] [GPT] Using deprecated googletag.encryptedSignalProviders. Please use googletag.secureSignalProviders instead.
https://goo.gle/gpt-message#155 @ https://securepubads.g.doubleclick.net/pagead/managed/js/gpt/m202603300101/pubads_impl.js?cb=31097555:18
[    3512ms] [WARNING] [GPT] Using deprecated googletag.encryptedSignalProviders. Please use googletag.secureSignalProviders instead.
https://goo.gle/gpt-message#155 @ https://securepubads.g.doubleclick.net/pagead/managed/js/gpt/m202603300101/pubads_impl.js?cb=31097555:18
[    3681ms] [LOG] Influent Media script loaded @ https://resources.reed.co.uk/cdn/web-jobseeker-jobs/20260402.1/_next/static/chunks/307-fdbeae25a91c3798.js:0
[    3687ms] [LOG] Influent Media script initialized @ https://resources.reed.co.uk/cdn/web-jobseeker-jobs/20260402.1/_next/static/chunks/307-fdbeae25a91c3798.js:0
[   54035ms] [LOG] Visibility threshold pct=50, Visibility threshold ms = 0 @ https://tag.durationmedia.net/sites/11540/dm.js:0
[   61949ms] [ERROR] Failed to load resource: net::ERR_TOO_MANY_REDIRECTS @ https://match.adsrvr.org/track/cmf/generic?ttd_pid=8h9u11h&ttd_tpi=1&gdpr=1&gdpr_consent=CQiCGJgQiCGJgAcABBENCYFsAP_gAEPgAChQMPtR_G__bWlr-bb3abtkeYxP9_hr7sQxBgbJk24FzLvW7JwHx2E5NAzatqIKmRIAu3TBIQNlHJDURUCgKIgFryDMaE2U4TNKJ6BkiFMZA2tYCFxvm4tjWQCY4ur_5lc1mB-t7dr82dzyy6hHn3a5fmS1UJCdIYetDfv8ZBOT-9IEd-x8v4v4_EbpEm-eS1n_pGtp4jd6YnM_dBmxt-Tyff7Pn__rl_e7X_ve_n3zv8oXH77r____f_-7___2b_-___b-__7IMPAAmGhUQRlkQKBAoCEECABQVhABQIAgAASBogIATBgQ5AwAXWEyAEAKAAYIAQAAgwABAAAJAAhEAEABAIAQIBAoAAwAIAgIAGBgADABYiAQAAgOgYpgQQCBYAJEZVBpgSgAJBAS2VCCUDAgrhCkWOAQQIiYKAAAEAAoAAEB8LAQklBKxIIAuILoAACAAAKIESBFIWYAgqDNFoKwJOAyNMAyfMEySnQZAEwQkZBkQmqCQeKYohQQ5AbFLMAdPEFADLtZIQ_wAAAA.f_wACHwAAAAA:0
[   73640ms] [ERROR] Attestation check for Attribution Reporting on https://www.facebook.com failed. @ https://www.reed.co.uk/jobs/it-support-jobs-in-london?salaryFrom=33000&salaryTo=100000&dateCreatedOffSet=lastthreedays&salaryfrom=33000&salaryto=100000:0
