[    1351ms] [WARNING] [OPTIMIZELY] - WARN  2026-03-26T11:16:35.999Z Invalid eventBatchSize undefined, defaulting to 10 @ https://www.totaljobs.com/static/lpca/social-auth-logout-script/main.js?v=2026-03-26:1
[    1352ms] [WARNING] [OPTIMIZELY] - WARN  2026-03-26T11:16:36.026Z Invalid eventFlushInterval undefined, defaulting to 1000 @ https://www.totaljobs.com/static/lpca/social-auth-logout-script/main.js?v=2026-03-26:1
[    1615ms] [WARNING] Disabling this snippet because Optimizely has already initialized on this page load. Are there multiple snippets on the page? @ https://www.totaljobs.com/optimizely-edge/20561852190.js:2
[    2729ms] [WARNING] [OPTIMIZELY] - WARN  2026-03-26T11:16:37.403Z Invalid eventBatchSize undefined, defaulting to 10 @ https://www.totaljobs.com/viewlets/searchbarrenderer/search-bar-renderer/uk/1_71_0__d3c02e3/vendors.af106491529af76777df.js:1
[    2730ms] [WARNING] [OPTIMIZELY] - WARN  2026-03-26T11:16:37.404Z Invalid eventFlushInterval undefined, defaulting to 1000 @ https://www.totaljobs.com/viewlets/searchbarrenderer/search-bar-renderer/uk/1_71_0__d3c02e3/vendors.af106491529af76777df.js:1
[    2940ms] [WARNING] Datadog Browser SDK: SDK is loaded more than once. This is unsupported and might have unexpected behavior. @ https://www.totaljobs.com/static/ld/job-ad-display/732-5b534f846661efa34dd3.js?a530840429f56731c414:1
[    3071ms] [ERROR] Datadog Browser SDK: DD_LOGS is already initialized. @ https://www.totaljobs.com/static/ld/job-ad-display/732-5b534f846661efa34dd3.js?a530840429f56731c414:1
[    3128ms] [WARNING] Datadog Browser SDK: SDK is loaded more than once. This is unsupported and might have unexpected behavior. @ https://www.totaljobs.com/static/cbc-garland/recom/recommender-widget/reco-477-1ba645127fb4f29bc5c3-5942beb.js?2675ca99e905bfe32db1:1
[    4063ms] Error: Minified React error #425; visit https://reactjs.org/docs/error-decoder.html?invariant=425 for the full message or use the non-minified dev environment for full errors and additional helpful warnings.
    at Qr (https://www.totaljobs.com/static/cbc-garland/recom/recommender-widget/reco-477-1ba645127fb4f29bc5c3-5942beb.js?2675ca99e905bfe32db1:2:184594)
    at Xs (https://www.totaljobs.com/static/cbc-garland/recom/recommender-widget/reco-477-1ba645127fb4f29bc5c3-5942beb.js?2675ca99e905bfe32db1:2:225824)
    at Su (https://www.totaljobs.com/static/cbc-garland/recom/recommender-widget/reco-477-1ba645127fb4f29bc5c3-5942beb.js?2675ca99e905bfe32db1:2:249971)
    at wu (https://www.totaljobs.com/static/cbc-garland/recom/recommender-widget/reco-477-1ba645127fb4f29bc5c3-5942beb.js?2675ca99e905bfe32db1:2:249711)
    at bu (https://www.totaljobs.com/static/cbc-garland/recom/recommender-widget/reco-477-1ba645127fb4f29bc5c3-5942beb.js?2675ca99e905bfe32db1:2:249578)
    at vu (https://www.totaljobs.com/static/cbc-garland/recom/recommender-widget/reco-477-1ba645127fb4f29bc5c3-5942beb.js?2675ca99e905bfe32db1:2:249441)
    at au (https://www.totaljobs.com/static/cbc-garland/recom/recommender-widget/reco-477-1ba645127fb4f29bc5c3-5942beb.js?2675ca99e905bfe32db1:2:244606)
    at E (https://www.totaljobs.com/static/cbc-garland/recom/recommender-widget/reco-477-1ba645127fb4f29bc5c3-5942beb.js?2675ca99e905bfe32db1:2:621416)
    at O (https://www.totaljobs.com/static/cbc-garland/recom/recommender-widget/reco-477-1ba645127fb4f29bc5c3-5942beb.js?2675ca99e905bfe32db1:2:621948)
    at e.exports (https://www.totaljobs.com/sharedassets/@stepstone/react-redux-vendor-package-next/22.0.0/index.js:2:19882)
[    4064ms] Error: Minified React error #423; visit https://reactjs.org/docs/error-decoder.html?invariant=423 for the full message or use the non-minified dev environment for full errors and additional helpful warnings.
    at kl (https://www.totaljobs.com/static/cbc-garland/recom/recommender-widget/reco-477-1ba645127fb4f29bc5c3-5942beb.js?2675ca99e905bfe32db1:2:261774)
    at wu (https://www.totaljobs.com/static/cbc-garland/recom/recommender-widget/reco-477-1ba645127fb4f29bc5c3-5942beb.js?2675ca99e905bfe32db1:2:249650)
    at bu (https://www.totaljobs.com/static/cbc-garland/recom/recommender-widget/reco-477-1ba645127fb4f29bc5c3-5942beb.js?2675ca99e905bfe32db1:2:249578)
    at vu (https://www.totaljobs.com/static/cbc-garland/recom/recommender-widget/reco-477-1ba645127fb4f29bc5c3-5942beb.js?2675ca99e905bfe32db1:2:249441)
    at su (https://www.totaljobs.com/static/cbc-garland/recom/recommender-widget/reco-477-1ba645127fb4f29bc5c3-5942beb.js?2675ca99e905bfe32db1:2:246276)
    at au (https://www.totaljobs.com/static/cbc-garland/recom/recommender-widget/reco-477-1ba645127fb4f29bc5c3-5942beb.js?2675ca99e905bfe32db1:2:244832)
    at E (https://www.totaljobs.com/static/cbc-garland/recom/recommender-widget/reco-477-1ba645127fb4f29bc5c3-5942beb.js?2675ca99e905bfe32db1:2:621416)
    at O (https://www.totaljobs.com/static/cbc-garland/recom/recommender-widget/reco-477-1ba645127fb4f29bc5c3-5942beb.js?2675ca99e905bfe32db1:2:621948)
    at e.exports (https://www.totaljobs.com/sharedassets/@stepstone/react-redux-vendor-package-next/22.0.0/index.js:2:19882)
    at g.<computed> (https://www.totaljobs.com/sharedassets/@stepstone/react-redux-vendor-package-next/22.0.0/index.js:2:35098)
[    4423ms] [ERROR] Failed to load resource: the server responded with a status of 404 () @ https://www.totaljobs.com/premium/api/v1/candidate/subscription/status:0
[    8435ms] Uncaught The pagetype parameter is required when you include the prodid parameter.
    at UET.throwError (https://bat.bing.com/bat.js:0:26126)
    at UET.validateDataObjectNew (https://bat.bing.com/bat.js:0:31565)
    at UET.evt (https://bat.bing.com/bat.js:0:35110)
    at UET._push (https://bat.bing.com/bat.js:0:16964)
    at UET.checkuetHostdocumentload (https://bat.bing.com/bat.js:0:7903)
    at UET.containerCheckLoad (https://bat.bing.com/bat.js:0:54229)
    at UET.containerOnLoad (https://bat.bing.com/bat.js:0:53968)
[    8595ms] [WARNING] [Meta Pixel] - Duplicate Pixel ID: 665267016975562. @ https://connect.facebook.net/en_US/fbevents.js:175
[    9908ms] [ERROR] Attestation check for Attribution Reporting on https://www.facebook.com failed. @ https://www.totaljobs.com/job/it-field-engineer-msp/cardonet-consultancy-ltd-job106987639:0
[    9908ms] [ERROR] Attestation check for Attribution Reporting on https://www.facebook.com failed. @ https://www.totaljobs.com/job/it-field-engineer-msp/cardonet-consultancy-ltd-job106987639:0
[    9908ms] [ERROR] Attestation check for Attribution Reporting on https://www.facebook.com failed. @ https://www.totaljobs.com/job/it-field-engineer-msp/cardonet-consultancy-ltd-job106987639:0
[    9909ms] [ERROR] Attestation check for Attribution Reporting on https://www.facebook.com failed. @ https://www.totaljobs.com/job/it-field-engineer-msp/cardonet-consultancy-ltd-job106987639:0
[    9909ms] [ERROR] Attestation check for Attribution Reporting on https://www.facebook.com failed. @ https://www.totaljobs.com/job/it-field-engineer-msp/cardonet-consultancy-ltd-job106987639:0
[   21709ms] [WARNING] [OPTIMIZELY] - WARN  2026-03-26T11:16:56.364Z Invalid eventBatchSize undefined, defaulting to 10 @ https://www.totaljobs.com/static/lpca/social-auth-logout-script/main.js?v=2026-03-25:1
[   21709ms] [WARNING] [OPTIMIZELY] - WARN  2026-03-26T11:16:56.383Z Invalid eventFlushInterval undefined, defaulting to 1000 @ https://www.totaljobs.com/static/lpca/social-auth-logout-script/main.js?v=2026-03-25:1
[   22379ms] [WARNING] Failed to execute 'postMessage' on 'DOMWindow': The target origin provided ('https://local.amplitude.com:3010') does not match the recipient window's origin ('https://www.totaljobs.com'). @ https://www.totaljobs.com/sharedassets/@stepstone/amplitude-wrapper-sap/latest/main.js:0
[   22379ms] [WARNING] Failed to execute 'postMessage' on 'DOMWindow': The target origin provided ('https://apps.stag2.amplitude.com') does not match the recipient window's origin ('https://www.totaljobs.com'). @ https://www.totaljobs.com/sharedassets/@stepstone/amplitude-wrapper-sap/latest/main.js:0
[   22379ms] [WARNING] Failed to execute 'postMessage' on 'DOMWindow': The target origin provided ('https://app.amplitude.com') does not match the recipient window's origin ('https://www.totaljobs.com'). @ https://www.totaljobs.com/sharedassets/@stepstone/amplitude-wrapper-sap/latest/main.js:0
[   22379ms] [WARNING] Failed to execute 'postMessage' on 'DOMWindow': The target origin provided ('https://app.eu.amplitude.com') does not match the recipient window's origin ('https://www.totaljobs.com'). @ https://www.totaljobs.com/sharedassets/@stepstone/amplitude-wrapper-sap/latest/main.js:0
[   23318ms] [WARNING] Datadog Browser SDK: SDK is loaded more than once. This is unsupported and might have unexpected behavior. @ https://www.totaljobs.com/application/process-renderer/assets/confirmation.1014290052c280cc8044.js:1
[   25712ms] [WARNING] Failed to execute 'postMessage' on 'DOMWindow': The target origin provided ('https://local.amplitude.com:3010') does not match the recipient window's origin ('https://www.totaljobs.com'). @ https://cdn.eu.amplitude.com/engagement-browser/prod/split/0802b9c2eb855ea2b6569f8c8d215f17d6d664fb-chunk-EL57N5GK.js:0
[   25712ms] [WARNING] Failed to execute 'postMessage' on 'DOMWindow': The target origin provided ('https://apps.stag2.amplitude.com') does not match the recipient window's origin ('https://www.totaljobs.com'). @ https://cdn.eu.amplitude.com/engagement-browser/prod/split/0802b9c2eb855ea2b6569f8c8d215f17d6d664fb-chunk-EL57N5GK.js:0
[   25712ms] [WARNING] Failed to execute 'postMessage' on 'DOMWindow': The target origin provided ('https://app.amplitude.com') does not match the recipient window's origin ('https://www.totaljobs.com'). @ https://cdn.eu.amplitude.com/engagement-browser/prod/split/0802b9c2eb855ea2b6569f8c8d215f17d6d664fb-chunk-EL57N5GK.js:0
[   25712ms] [WARNING] Failed to execute 'postMessage' on 'DOMWindow': The target origin provided ('https://app.eu.amplitude.com') does not match the recipient window's origin ('https://www.totaljobs.com'). @ https://cdn.eu.amplitude.com/engagement-browser/prod/split/0802b9c2eb855ea2b6569f8c8d215f17d6d664fb-chunk-EL57N5GK.js:0
[   26086ms] [WARNING] Failed to execute 'postMessage' on 'DOMWindow': The target origin provided ('https://local.amplitude.com:3010') does not match the recipient window's origin ('https://www.totaljobs.com'). @ https://cdn.eu.amplitude.com/engagement-browser/prod/split/0802b9c2eb855ea2b6569f8c8d215f17d6d664fb-chunk-EL57N5GK.js:0
[   26086ms] [WARNING] Failed to execute 'postMessage' on 'DOMWindow': The target origin provided ('https://apps.stag2.amplitude.com') does not match the recipient window's origin ('https://www.totaljobs.com'). @ https://cdn.eu.amplitude.com/engagement-browser/prod/split/0802b9c2eb855ea2b6569f8c8d215f17d6d664fb-chunk-EL57N5GK.js:0
[   26086ms] [WARNING] Failed to execute 'postMessage' on 'DOMWindow': The target origin provided ('https://app.amplitude.com') does not match the recipient window's origin ('https://www.totaljobs.com'). @ https://cdn.eu.amplitude.com/engagement-browser/prod/split/0802b9c2eb855ea2b6569f8c8d215f17d6d664fb-chunk-EL57N5GK.js:0
[   26086ms] [WARNING] Failed to execute 'postMessage' on 'DOMWindow': The target origin provided ('https://app.eu.amplitude.com') does not match the recipient window's origin ('https://www.totaljobs.com'). @ https://cdn.eu.amplitude.com/engagement-browser/prod/split/0802b9c2eb855ea2b6569f8c8d215f17d6d664fb-chunk-EL57N5GK.js:0
[   27471ms] [WARNING] [Meta Pixel] - Duplicate Pixel ID: 665267016975562. @ https://connect.facebook.net/en_US/fbevents.js:175
[   27538ms] Uncaught The pagetype parameter is required when you include the prodid parameter.
    at UET.throwError (https://bat.bing.com/bat.js:0:26126)
    at UET.validateDataObjectNew (https://bat.bing.com/bat.js:0:31565)
    at UET.evt (https://bat.bing.com/bat.js:0:35110)
    at UET._push (https://bat.bing.com/bat.js:0:16964)
    at UET.checkuetHostdocumentload (https://bat.bing.com/bat.js:0:7903)
    at <anonymous> (https://bat.bing.com/bat.js:0:8194)
[   28406ms] [ERROR] Attestation check for Attribution Reporting on https://www.facebook.com failed. @ https://www.totaljobs.com/job/f5a4d88d-78d2-4464-9d9f-4845280dc569/application/confirmation/success?locale=en_GB:0
[   28406ms] [ERROR] Attestation check for Attribution Reporting on https://www.facebook.com failed. @ https://www.totaljobs.com/job/f5a4d88d-78d2-4464-9d9f-4845280dc569/application/confirmation/success?locale=en_GB:0
[   29891ms] [WARNING] Failed to execute 'postMessage' on 'DOMWindow': The target origin provided ('https://www.google.com') does not match the recipient window's origin ('https://www.totaljobs.com'). @ https://www.googletagmanager.com/gtag/js?id=AW-1036593523:761
[   29891ms] [WARNING] Failed to execute 'postMessage' on 'DOMWindow': The target origin provided ('https://www.youtube.com') does not match the recipient window's origin ('https://www.totaljobs.com'). @ https://www.googletagmanager.com/gtag/js?id=AW-1036593523:761
[   29891ms] [WARNING] Failed to execute 'postMessage' on 'DOMWindow': The target origin provided ('https://m.youtube.com') does not match the recipient window's origin ('https://www.totaljobs.com'). @ https://www.googletagmanager.com/gtag/js?id=AW-1036593523:761
[   30154ms] [WARNING] Failed to execute 'postMessage' on 'DOMWindow': The target origin provided ('https://insights.hotjar.com') does not match the recipient window's origin ('https://www.totaljobs.com'). @ https://script.hotjar.com/modules.6a0f3932cb1341a35c18.js:3
