[     336ms] [ERROR] Failed to load resource: the server responded with a status of 404 () @ https://www.totaljobs.com/account/login:0
[     694ms] [ERROR] Failed to load resource: the server responded with a status of 404 () @ https://www.totaljobs.com/account/@stepstone/amplitude-wrapper-sap/latest/main.js:0
[    1557ms] Error: Minified React error #418; visit https://react.dev/errors/418 for the full message or use the non-minified dev environment for full errors and additional helpful warnings.
    at t5 (https://www.totaljobs.com/static/gfp/canvas-monorepo/_next/static/chunks/fac1b33e-335bb7522c96b925.js:1:24673)
    at iZ (https://www.totaljobs.com/static/gfp/canvas-monorepo/_next/static/chunks/fac1b33e-335bb7522c96b925.js:1:120614)
    at ia (https://www.totaljobs.com/static/gfp/canvas-monorepo/_next/static/chunks/fac1b33e-335bb7522c96b925.js:1:95165)
    at https://www.totaljobs.com/static/gfp/canvas-monorepo/_next/static/chunks/fac1b33e-335bb7522c96b925.js:1:91091
    at https://www.totaljobs.com/static/gfp/canvas-monorepo/_next/static/chunks/fac1b33e-335bb7522c96b925.js:1:91098
    at oZ (https://www.totaljobs.com/static/gfp/canvas-monorepo/_next/static/chunks/fac1b33e-335bb7522c96b925.js:1:91203)
    at MessagePort.T (https://www.totaljobs.com/static/gfp/canvas-monorepo/_next/static/chunks/3323-933e7aa7c9a2c821.js:1:84307)
[    1558ms] Error: Minified React error #418; visit https://react.dev/errors/418 for the full message or use the non-minified dev environment for full errors and additional helpful warnings.
    at t5 (https://www.totaljobs.com/static/gfp/canvas-monorepo/_next/static/chunks/fac1b33e-335bb7522c96b925.js:1:24673)
    at iZ (https://www.totaljobs.com/static/gfp/canvas-monorepo/_next/static/chunks/fac1b33e-335bb7522c96b925.js:1:120614)
    at ia (https://www.totaljobs.com/static/gfp/canvas-monorepo/_next/static/chunks/fac1b33e-335bb7522c96b925.js:1:95165)
    at https://www.totaljobs.com/static/gfp/canvas-monorepo/_next/static/chunks/fac1b33e-335bb7522c96b925.js:1:91091
    at https://www.totaljobs.com/static/gfp/canvas-monorepo/_next/static/chunks/fac1b33e-335bb7522c96b925.js:1:91098
    at oZ (https://www.totaljobs.com/static/gfp/canvas-monorepo/_next/static/chunks/fac1b33e-335bb7522c96b925.js:1:91203)
    at MessagePort.T (https://www.totaljobs.com/static/gfp/canvas-monorepo/_next/static/chunks/3323-933e7aa7c9a2c821.js:1:84307)
[    1559ms] Error: Minified React error #418; visit https://react.dev/errors/418 for the full message or use the non-minified dev environment for full errors and additional helpful warnings.
    at t5 (https://www.totaljobs.com/static/gfp/canvas-monorepo/_next/static/chunks/fac1b33e-335bb7522c96b925.js:1:24673)
    at iZ (https://www.totaljobs.com/static/gfp/canvas-monorepo/_next/static/chunks/fac1b33e-335bb7522c96b925.js:1:120614)
    at ia (https://www.totaljobs.com/static/gfp/canvas-monorepo/_next/static/chunks/fac1b33e-335bb7522c96b925.js:1:95165)
    at https://www.totaljobs.com/static/gfp/canvas-monorepo/_next/static/chunks/fac1b33e-335bb7522c96b925.js:1:91091
    at https://www.totaljobs.com/static/gfp/canvas-monorepo/_next/static/chunks/fac1b33e-335bb7522c96b925.js:1:91098
    at oZ (https://www.totaljobs.com/static/gfp/canvas-monorepo/_next/static/chunks/fac1b33e-335bb7522c96b925.js:1:91203)
    at MessagePort.T (https://www.totaljobs.com/static/gfp/canvas-monorepo/_next/static/chunks/3323-933e7aa7c9a2c821.js:1:84307)
[    1563ms] Error: Minified React error #418; visit https://react.dev/errors/418 for the full message or use the non-minified dev environment for full errors and additional helpful warnings.
    at t5 (https://www.totaljobs.com/static/gfp/canvas-monorepo/_next/static/chunks/fac1b33e-335bb7522c96b925.js:1:24673)
    at iZ (https://www.totaljobs.com/static/gfp/canvas-monorepo/_next/static/chunks/fac1b33e-335bb7522c96b925.js:1:120614)
    at ia (https://www.totaljobs.com/static/gfp/canvas-monorepo/_next/static/chunks/fac1b33e-335bb7522c96b925.js:1:95165)
    at https://www.totaljobs.com/static/gfp/canvas-monorepo/_next/static/chunks/fac1b33e-335bb7522c96b925.js:1:91091
    at https://www.totaljobs.com/static/gfp/canvas-monorepo/_next/static/chunks/fac1b33e-335bb7522c96b925.js:1:91098
    at oZ (https://www.totaljobs.com/static/gfp/canvas-monorepo/_next/static/chunks/fac1b33e-335bb7522c96b925.js:1:91203)
    at MessagePort.T (https://www.totaljobs.com/static/gfp/canvas-monorepo/_next/static/chunks/3323-933e7aa7c9a2c821.js:1:84307)
[    1564ms] Error: Minified React error #418; visit https://react.dev/errors/418 for the full message or use the non-minified dev environment for full errors and additional helpful warnings.
    at t5 (https://www.totaljobs.com/static/gfp/canvas-monorepo/_next/static/chunks/fac1b33e-335bb7522c96b925.js:1:24673)
    at iZ (https://www.totaljobs.com/static/gfp/canvas-monorepo/_next/static/chunks/fac1b33e-335bb7522c96b925.js:1:120614)
    at ia (https://www.totaljobs.com/static/gfp/canvas-monorepo/_next/static/chunks/fac1b33e-335bb7522c96b925.js:1:95165)
    at https://www.totaljobs.com/static/gfp/canvas-monorepo/_next/static/chunks/fac1b33e-335bb7522c96b925.js:1:91091
    at https://www.totaljobs.com/static/gfp/canvas-monorepo/_next/static/chunks/fac1b33e-335bb7522c96b925.js:1:91098
    at oZ (https://www.totaljobs.com/static/gfp/canvas-monorepo/_next/static/chunks/fac1b33e-335bb7522c96b925.js:1:91203)
    at MessagePort.T (https://www.totaljobs.com/static/gfp/canvas-monorepo/_next/static/chunks/3323-933e7aa7c9a2c821.js:1:84307)
[    1564ms] Error: Minified React error #418; visit https://react.dev/errors/418 for the full message or use the non-minified dev environment for full errors and additional helpful warnings.
    at t5 (https://www.totaljobs.com/static/gfp/canvas-monorepo/_next/static/chunks/fac1b33e-335bb7522c96b925.js:1:24673)
    at iZ (https://www.totaljobs.com/static/gfp/canvas-monorepo/_next/static/chunks/fac1b33e-335bb7522c96b925.js:1:120614)
    at ia (https://www.totaljobs.com/static/gfp/canvas-monorepo/_next/static/chunks/fac1b33e-335bb7522c96b925.js:1:95165)
    at https://www.totaljobs.com/static/gfp/canvas-monorepo/_next/static/chunks/fac1b33e-335bb7522c96b925.js:1:91091
    at https://www.totaljobs.com/static/gfp/canvas-monorepo/_next/static/chunks/fac1b33e-335bb7522c96b925.js:1:91098
    at oZ (https://www.totaljobs.com/static/gfp/canvas-monorepo/_next/static/chunks/fac1b33e-335bb7522c96b925.js:1:91203)
    at MessagePort.T (https://www.totaljobs.com/static/gfp/canvas-monorepo/_next/static/chunks/3323-933e7aa7c9a2c821.js:1:84307)
[    1565ms] Error: Minified React error #418; visit https://react.dev/errors/418 for the full message or use the non-minified dev environment for full errors and additional helpful warnings.
    at t5 (https://www.totaljobs.com/static/gfp/canvas-monorepo/_next/static/chunks/fac1b33e-335bb7522c96b925.js:1:24673)
    at iZ (https://www.totaljobs.com/static/gfp/canvas-monorepo/_next/static/chunks/fac1b33e-335bb7522c96b925.js:1:120614)
    at ia (https://www.totaljobs.com/static/gfp/canvas-monorepo/_next/static/chunks/fac1b33e-335bb7522c96b925.js:1:95165)
    at https://www.totaljobs.com/static/gfp/canvas-monorepo/_next/static/chunks/fac1b33e-335bb7522c96b925.js:1:91091
    at https://www.totaljobs.com/static/gfp/canvas-monorepo/_next/static/chunks/fac1b33e-335bb7522c96b925.js:1:91098
    at oZ (https://www.totaljobs.com/static/gfp/canvas-monorepo/_next/static/chunks/fac1b33e-335bb7522c96b925.js:1:91203)
    at MessagePort.T (https://www.totaljobs.com/static/gfp/canvas-monorepo/_next/static/chunks/3323-933e7aa7c9a2c821.js:1:84307)
[    1566ms] Error: Minified React error #418; visit https://react.dev/errors/418 for the full message or use the non-minified dev environment for full errors and additional helpful warnings.
    at t5 (https://www.totaljobs.com/static/gfp/canvas-monorepo/_next/static/chunks/fac1b33e-335bb7522c96b925.js:1:24673)
    at iZ (https://www.totaljobs.com/static/gfp/canvas-monorepo/_next/static/chunks/fac1b33e-335bb7522c96b925.js:1:120614)
    at ia (https://www.totaljobs.com/static/gfp/canvas-monorepo/_next/static/chunks/fac1b33e-335bb7522c96b925.js:1:95165)
    at https://www.totaljobs.com/static/gfp/canvas-monorepo/_next/static/chunks/fac1b33e-335bb7522c96b925.js:1:91091
    at https://www.totaljobs.com/static/gfp/canvas-monorepo/_next/static/chunks/fac1b33e-335bb7522c96b925.js:1:91098
    at oZ (https://www.totaljobs.com/static/gfp/canvas-monorepo/_next/static/chunks/fac1b33e-335bb7522c96b925.js:1:91203)
    at MessagePort.T (https://www.totaljobs.com/static/gfp/canvas-monorepo/_next/static/chunks/3323-933e7aa7c9a2c821.js:1:84307)
[    1566ms] Error: Minified React error #418; visit https://react.dev/errors/418 for the full message or use the non-minified dev environment for full errors and additional helpful warnings.
    at t5 (https://www.totaljobs.com/static/gfp/canvas-monorepo/_next/static/chunks/fac1b33e-335bb7522c96b925.js:1:24673)
    at iZ (https://www.totaljobs.com/static/gfp/canvas-monorepo/_next/static/chunks/fac1b33e-335bb7522c96b925.js:1:120614)
    at ia (https://www.totaljobs.com/static/gfp/canvas-monorepo/_next/static/chunks/fac1b33e-335bb7522c96b925.js:1:95165)
    at https://www.totaljobs.com/static/gfp/canvas-monorepo/_next/static/chunks/fac1b33e-335bb7522c96b925.js:1:91091
    at https://www.totaljobs.com/static/gfp/canvas-monorepo/_next/static/chunks/fac1b33e-335bb7522c96b925.js:1:91098
    at oZ (https://www.totaljobs.com/static/gfp/canvas-monorepo/_next/static/chunks/fac1b33e-335bb7522c96b925.js:1:91203)
    at MessagePort.T (https://www.totaljobs.com/static/gfp/canvas-monorepo/_next/static/chunks/3323-933e7aa7c9a2c821.js:1:84307)
[    1567ms] Error: Minified React error #418; visit https://react.dev/errors/418 for the full message or use the non-minified dev environment for full errors and additional helpful warnings.
    at t5 (https://www.totaljobs.com/static/gfp/canvas-monorepo/_next/static/chunks/fac1b33e-335bb7522c96b925.js:1:24673)
    at iZ (https://www.totaljobs.com/static/gfp/canvas-monorepo/_next/static/chunks/fac1b33e-335bb7522c96b925.js:1:120614)
    at ia (https://www.totaljobs.com/static/gfp/canvas-monorepo/_next/static/chunks/fac1b33e-335bb7522c96b925.js:1:95165)
    at https://www.totaljobs.com/static/gfp/canvas-monorepo/_next/static/chunks/fac1b33e-335bb7522c96b925.js:1:91091
    at https://www.totaljobs.com/static/gfp/canvas-monorepo/_next/static/chunks/fac1b33e-335bb7522c96b925.js:1:91098
    at oZ (https://www.totaljobs.com/static/gfp/canvas-monorepo/_next/static/chunks/fac1b33e-335bb7522c96b925.js:1:91203)
    at MessagePort.T (https://www.totaljobs.com/static/gfp/canvas-monorepo/_next/static/chunks/3323-933e7aa7c9a2c821.js:1:84307)
[    1568ms] Error: Minified React error #418; visit https://react.dev/errors/418 for the full message or use the non-minified dev environment for full errors and additional helpful warnings.
    at t5 (https://www.totaljobs.com/static/gfp/canvas-monorepo/_next/static/chunks/fac1b33e-335bb7522c96b925.js:1:24673)
    at iZ (https://www.totaljobs.com/static/gfp/canvas-monorepo/_next/static/chunks/fac1b33e-335bb7522c96b925.js:1:120614)
    at ia (https://www.totaljobs.com/static/gfp/canvas-monorepo/_next/static/chunks/fac1b33e-335bb7522c96b925.js:1:95165)
    at https://www.totaljobs.com/static/gfp/canvas-monorepo/_next/static/chunks/fac1b33e-335bb7522c96b925.js:1:91091
    at https://www.totaljobs.com/static/gfp/canvas-monorepo/_next/static/chunks/fac1b33e-335bb7522c96b925.js:1:91098
    at oZ (https://www.totaljobs.com/static/gfp/canvas-monorepo/_next/static/chunks/fac1b33e-335bb7522c96b925.js:1:91203)
    at MessagePort.T (https://www.totaljobs.com/static/gfp/canvas-monorepo/_next/static/chunks/3323-933e7aa7c9a2c821.js:1:84307)
[    1569ms] Error: Minified React error #423; visit https://react.dev/errors/423 for the full message or use the non-minified dev environment for full errors and additional helpful warnings.
    at iZ (https://www.totaljobs.com/static/gfp/canvas-monorepo/_next/static/chunks/fac1b33e-335bb7522c96b925.js:1:118352)
    at ia (https://www.totaljobs.com/static/gfp/canvas-monorepo/_next/static/chunks/fac1b33e-335bb7522c96b925.js:1:95165)
    at https://www.totaljobs.com/static/gfp/canvas-monorepo/_next/static/chunks/fac1b33e-335bb7522c96b925.js:1:94987
    at il (https://www.totaljobs.com/static/gfp/canvas-monorepo/_next/static/chunks/fac1b33e-335bb7522c96b925.js:1:94994)
    at oJ (https://www.totaljobs.com/static/gfp/canvas-monorepo/_next/static/chunks/fac1b33e-335bb7522c96b925.js:1:92350)
    at oZ (https://www.totaljobs.com/static/gfp/canvas-monorepo/_next/static/chunks/fac1b33e-335bb7522c96b925.js:1:91769)
    at MessagePort.T (https://www.totaljobs.com/static/gfp/canvas-monorepo/_next/static/chunks/3323-933e7aa7c9a2c821.js:1:84307)
