[     703ms] [WARNING] [OPTIMIZELY] - WARN  2026-03-27T14:40:07.951Z Invalid eventBatchSize undefined, defaulting to 10 @ https://www.totaljobs.com/static/lpca/social-auth-logout-script/main.js?v=2026-03-26:1
[     703ms] [WARNING] [OPTIMIZELY] - WARN  2026-03-27T14:40:07.962Z Invalid eventFlushInterval undefined, defaulting to 1000 @ https://www.totaljobs.com/static/lpca/social-auth-logout-script/main.js?v=2026-03-26:1
[     796ms] [ERROR] Failed to load resource: the server responded with a status of 403 () @ https://www.totaljobs.com/CompanyLogos/?im=Resize=(40,40):0
[    1301ms] [WARNING] [OPTIMIZELY] - WARN  2026-03-27T14:40:08.557Z Invalid eventBatchSize undefined, defaulting to 10 @ https://www.totaljobs.com/viewlets/searchbarrenderer/search-bar-renderer/uk/1_71_0__d3c02e3/vendors.af106491529af76777df.js:1
[    1302ms] [WARNING] [OPTIMIZELY] - WARN  2026-03-27T14:40:08.560Z Invalid eventFlushInterval undefined, defaulting to 1000 @ https://www.totaljobs.com/viewlets/searchbarrenderer/search-bar-renderer/uk/1_71_0__d3c02e3/vendors.af106491529af76777df.js:1
[    1478ms] [WARNING] Datadog Browser SDK: SDK is loaded more than once. This is unsupported and might have unexpected behavior. @ https://www.totaljobs.com/static/ld/job-ad-display/732-5b534f846661efa34dd3.js?a530840429f56731c414:1
[    1663ms] [ERROR] Datadog Browser SDK: DD_LOGS is already initialized. @ https://www.totaljobs.com/static/ld/job-ad-display/732-5b534f846661efa34dd3.js?a530840429f56731c414:1
[    1781ms] [WARNING] Datadog Browser SDK: SDK is loaded more than once. This is unsupported and might have unexpected behavior. @ https://www.totaljobs.com/static/cbc-garland/recom/recommender-widget/reco-477-1ba645127fb4f29bc5c3-5942beb.js?2675ca99e905bfe32db1:1
[    2524ms] Error: Minified React error #425; visit https://reactjs.org/docs/error-decoder.html?invariant=425 for the full message or use the non-minified dev environment for full errors and additional helpful warnings.
    at Qr (https://www.totaljobs.com/static/cbc-garland/recom/recommender-widget/reco-477-1ba645127fb4f29bc5c3-5942beb.js?2675ca99e905bfe32db1:2:184594)
    at Xs (https://www.totaljobs.com/static/cbc-garland/recom/recommender-widget/reco-477-1ba645127fb4f29bc5c3-5942beb.js?2675ca99e905bfe32db1:2:225824)
    at Su (https://www.totaljobs.com/static/cbc-garland/recom/recommender-widget/reco-477-1ba645127fb4f29bc5c3-5942beb.js?2675ca99e905bfe32db1:2:249971)
    at wu (https://www.totaljobs.com/static/cbc-garland/recom/recommender-widget/reco-477-1ba645127fb4f29bc5c3-5942beb.js?2675ca99e905bfe32db1:2:249711)
    at bu (https://www.totaljobs.com/static/cbc-garland/recom/recommender-widget/reco-477-1ba645127fb4f29bc5c3-5942beb.js?2675ca99e905bfe32db1:2:249578)
    at vu (https://www.totaljobs.com/static/cbc-garland/recom/recommender-widget/reco-477-1ba645127fb4f29bc5c3-5942beb.js?2675ca99e905bfe32db1:2:249441)
    at au (https://www.totaljobs.com/static/cbc-garland/recom/recommender-widget/reco-477-1ba645127fb4f29bc5c3-5942beb.js?2675ca99e905bfe32db1:2:244606)
    at E (https://www.totaljobs.com/static/cbc-garland/recom/recommender-widget/reco-477-1ba645127fb4f29bc5c3-5942beb.js?2675ca99e905bfe32db1:2:621416)
    at O (https://www.totaljobs.com/static/cbc-garland/recom/recommender-widget/reco-477-1ba645127fb4f29bc5c3-5942beb.js?2675ca99e905bfe32db1:2:621948)
    at e.exports (https://www.totaljobs.com/sharedassets/@stepstone/react-redux-vendor-package-next/22.0.0/index.js:2:19882)
[    2525ms] Error: Minified React error #423; visit https://reactjs.org/docs/error-decoder.html?invariant=423 for the full message or use the non-minified dev environment for full errors and additional helpful warnings.
    at kl (https://www.totaljobs.com/static/cbc-garland/recom/recommender-widget/reco-477-1ba645127fb4f29bc5c3-5942beb.js?2675ca99e905bfe32db1:2:261774)
    at wu (https://www.totaljobs.com/static/cbc-garland/recom/recommender-widget/reco-477-1ba645127fb4f29bc5c3-5942beb.js?2675ca99e905bfe32db1:2:249650)
    at bu (https://www.totaljobs.com/static/cbc-garland/recom/recommender-widget/reco-477-1ba645127fb4f29bc5c3-5942beb.js?2675ca99e905bfe32db1:2:249578)
    at vu (https://www.totaljobs.com/static/cbc-garland/recom/recommender-widget/reco-477-1ba645127fb4f29bc5c3-5942beb.js?2675ca99e905bfe32db1:2:249441)
    at su (https://www.totaljobs.com/static/cbc-garland/recom/recommender-widget/reco-477-1ba645127fb4f29bc5c3-5942beb.js?2675ca99e905bfe32db1:2:246276)
    at au (https://www.totaljobs.com/static/cbc-garland/recom/recommender-widget/reco-477-1ba645127fb4f29bc5c3-5942beb.js?2675ca99e905bfe32db1:2:244832)
    at E (https://www.totaljobs.com/static/cbc-garland/recom/recommender-widget/reco-477-1ba645127fb4f29bc5c3-5942beb.js?2675ca99e905bfe32db1:2:621416)
    at O (https://www.totaljobs.com/static/cbc-garland/recom/recommender-widget/reco-477-1ba645127fb4f29bc5c3-5942beb.js?2675ca99e905bfe32db1:2:621948)
    at e.exports (https://www.totaljobs.com/sharedassets/@stepstone/react-redux-vendor-package-next/22.0.0/index.js:2:19882)
    at g.<computed> (https://www.totaljobs.com/sharedassets/@stepstone/react-redux-vendor-package-next/22.0.0/index.js:2:35098)
[    2698ms] [ERROR] Failed to load resource: the server responded with a status of 403 () @ https://www.totaljobs.com/CompanyLogos/?im=Resize=(40,40):0
[    2740ms] [ERROR] Failed to load resource: the server responded with a status of 404 () @ https://www.totaljobs.com/premium/api/v1/candidate/subscription/status:0
[    2772ms] [ERROR] Failed to load resource: the server responded with a status of 403 () @ https://www.totaljobs.com/CompanyLogos/?im=Resize=(56,56):0
[    3900ms] [WARNING] This error hasn't been sent to DataDog: Global_Tracking_Error: TimestampError: SPP response is missing Date header; cannot capture sppTimestamp {dateHeader: null} @ https://www.totaljobs.com/sharedassets/@stepstone/global-tracking-frontend-sap/1.21.0/main.js:0
[    3901ms] [WARNING] This error hasn't been sent to DataDog: Global_Tracking_Error: Call to "/analytics/api/v2/tracking" has failed: SyntaxError: Failed to execute 'json' on 'Response': Unexpected end of JSON input
    at ct (https://www.totaljobs.com/sharedassets/@stepstone/global-tracking-frontend-sap/1.21.0/main.js:1:73523)
    at async https://www.totaljobs.com/sharedassets/@stepstone/global-tracking-frontend-sap/1.21.0/main.js:1:159555
    at async https://www.totaljobs.com/sharedassets/@stepstone/global-tracking-frontend-sap/1.21.0/main.js:1:159462 @ https://www.totaljobs.com/sharedassets/@stepstone/global-tracking-frontend-sap/1.21.0/main.js:0
[   13124ms] [WARNING] [OPTIMIZELY] - WARN  2026-03-27T14:40:20.382Z Invalid eventBatchSize undefined, defaulting to 10 @ https://www.totaljobs.com/static/lpca/social-auth-logout-script/main.js?v=2026-03-26:1
[   13124ms] [WARNING] [OPTIMIZELY] - WARN  2026-03-27T14:40:20.383Z Invalid eventFlushInterval undefined, defaulting to 1000 @ https://www.totaljobs.com/static/lpca/social-auth-logout-script/main.js?v=2026-03-26:1
[   13324ms] [WARNING] Datadog Browser SDK: SDK is loaded more than once. This is unsupported and might have unexpected behavior. @ https://www.totaljobs.com/application/process-renderer/assets/confirmation.1014290052c280cc8044.js:1
[   14064ms] [WARNING] Failed to execute 'postMessage' on 'DOMWindow': The target origin provided ('https://local.amplitude.com:3010') does not match the recipient window's origin ('https://www.totaljobs.com'). @ https://www.totaljobs.com/sharedassets/@stepstone/amplitude-wrapper-sap/latest/main.js:0
[   14064ms] [WARNING] Failed to execute 'postMessage' on 'DOMWindow': The target origin provided ('https://apps.stag2.amplitude.com') does not match the recipient window's origin ('https://www.totaljobs.com'). @ https://www.totaljobs.com/sharedassets/@stepstone/amplitude-wrapper-sap/latest/main.js:0
[   14064ms] [WARNING] Failed to execute 'postMessage' on 'DOMWindow': The target origin provided ('https://app.amplitude.com') does not match the recipient window's origin ('https://www.totaljobs.com'). @ https://www.totaljobs.com/sharedassets/@stepstone/amplitude-wrapper-sap/latest/main.js:0
[   14064ms] [WARNING] Failed to execute 'postMessage' on 'DOMWindow': The target origin provided ('https://app.eu.amplitude.com') does not match the recipient window's origin ('https://www.totaljobs.com'). @ https://www.totaljobs.com/sharedassets/@stepstone/amplitude-wrapper-sap/latest/main.js:0
[   14653ms] [WARNING] This error hasn't been sent to DataDog: Global_Tracking_Error: TimestampError: SPP response is missing Date header; cannot capture sppTimestamp {dateHeader: null} @ https://www.totaljobs.com/sharedassets/@stepstone/global-tracking-frontend-sap/1.21.0/main.js:0
[   14653ms] [WARNING] This error hasn't been sent to DataDog: Global_Tracking_Error: Call to "/analytics/api/v2/tracking" has failed: SyntaxError: Failed to execute 'json' on 'Response': Unexpected end of JSON input
    at ct (https://www.totaljobs.com/sharedassets/@stepstone/global-tracking-frontend-sap/1.21.0/main.js:1:73523)
    at async https://www.totaljobs.com/sharedassets/@stepstone/global-tracking-frontend-sap/1.21.0/main.js:1:159555
    at async https://www.totaljobs.com/sharedassets/@stepstone/global-tracking-frontend-sap/1.21.0/main.js:1:159462 @ https://www.totaljobs.com/sharedassets/@stepstone/global-tracking-frontend-sap/1.21.0/main.js:0
[   25864ms] [WARNING] Engagement SDK failed to load within 10000ms. Resolving pending calls gracefully. @ https://www.totaljobs.com/sharedassets/@stepstone/amplitude-wrapper-sap/latest/main.js:0
[   25864ms] [WARNING] Engagement SDK method 'boot' still in queue (isAsyncMethod=true); attempting to resolve as no-op. @ https://www.totaljobs.com/sharedassets/@stepstone/amplitude-wrapper-sap/latest/main.js:0
[   25864ms] [WARNING] Engagement SDK method 'boot' resolved as no-op due to script loading failure @ https://www.totaljobs.com/sharedassets/@stepstone/amplitude-wrapper-sap/latest/main.js:0
