[    1049ms] [WARNING] [OPTIMIZELY] - WARN  2026-03-26T11:27:02.431Z Invalid eventBatchSize undefined, defaulting to 10 @ https://www.totaljobs.com/static/lpca/social-auth-logout-script/main.js?v=2026-03-25:1
[    1050ms] [WARNING] [OPTIMIZELY] - WARN  2026-03-26T11:27:02.431Z Invalid eventFlushInterval undefined, defaulting to 1000 @ https://www.totaljobs.com/static/lpca/social-auth-logout-script/main.js?v=2026-03-25:1
[    1551ms] [WARNING] Datadog Browser SDK: SDK is loaded more than once. This is unsupported and might have unexpected behavior. @ https://www.totaljobs.com/application/process-renderer/assets/cvCapture.cfd139a84cbf1e427a02.js:1
[    8563ms] [WARNING] [Meta Pixel] - Duplicate Pixel ID: 665267016975562. @ https://connect.facebook.net/en_US/fbevents.js:175
[    8620ms] Uncaught The pagetype parameter is required when you include the prodid parameter.
    at UET.throwError (https://bat.bing.com/bat.js:0:26126)
    at UET.validateDataObjectNew (https://bat.bing.com/bat.js:0:31565)
    at UET.evt (https://bat.bing.com/bat.js:0:35110)
    at UET._push (https://bat.bing.com/bat.js:0:16964)
    at UET.checkuetHostdocumentload (https://bat.bing.com/bat.js:0:7903)
    at <anonymous> (https://bat.bing.com/bat.js:0:8194)
[    9238ms] [ERROR] Attestation check for Attribution Reporting on https://www.facebook.com failed. @ https://www.totaljobs.com/job/c55ca2d8-cb36-4eb9-aaca-9b1cce8c40c2/application/external/cv-download?locale=en_GB:0
[    9238ms] [ERROR] Attestation check for Attribution Reporting on https://www.facebook.com failed. @ https://www.totaljobs.com/job/c55ca2d8-cb36-4eb9-aaca-9b1cce8c40c2/application/external/cv-download?locale=en_GB:0
[   12766ms] [WARNING] The resource https://www.totaljobs.com/sharedassets/@stepstone-genesis/fonts/core/fonts.css was preloaded using link preload but not used within a few seconds from the window's load event. Please make sure it has an appropriate `as` value and it is preloaded intentionally. @ https://www.totaljobs.com/job/c55ca2d8-cb36-4eb9-aaca-9b1cce8c40c2/application/external/cv-download?locale=en_GB:0
[   33859ms] [WARNING] The resource https://www.totaljobs.com/sharedassets/@stepstone-genesis/fonts/core/fonts.css was preloaded using link preload but not used within a few seconds from the window's load event. Please make sure it has an appropriate `as` value and it is preloaded intentionally. @ https://www.totaljobs.com/job/c55ca2d8-cb36-4eb9-aaca-9b1cce8c40c2/application/external/cv-download?locale=en_GB:0
[   44708ms] [WARNING] The resource https://www.totaljobs.com/sharedassets/@stepstone-genesis/fonts/core/fonts.css was preloaded using link preload but not used within a few seconds from the window's load event. Please make sure it has an appropriate `as` value and it is preloaded intentionally. @ https://www.totaljobs.com/job/c55ca2d8-cb36-4eb9-aaca-9b1cce8c40c2/application/external/cv-download?locale=en_GB:0
[  105286ms] [WARNING] The resource https://www.totaljobs.com/sharedassets/@stepstone-genesis/fonts/core/fonts.css was preloaded using link preload but not used within a few seconds from the window's load event. Please make sure it has an appropriate `as` value and it is preloaded intentionally. @ https://www.totaljobs.com/job/c55ca2d8-cb36-4eb9-aaca-9b1cce8c40c2/application/external/cv-download?locale=en_GB:0
[  166300ms] [WARNING] The resource https://www.totaljobs.com/sharedassets/@stepstone-genesis/fonts/core/fonts.css was preloaded using link preload but not used within a few seconds from the window's load event. Please make sure it has an appropriate `as` value and it is preloaded intentionally. @ https://www.totaljobs.com/job/c55ca2d8-cb36-4eb9-aaca-9b1cce8c40c2/application/external/cv-download?locale=en_GB:0
[  227311ms] [WARNING] The resource https://www.totaljobs.com/sharedassets/@stepstone-genesis/fonts/core/fonts.css was preloaded using link preload but not used within a few seconds from the window's load event. Please make sure it has an appropriate `as` value and it is preloaded intentionally. @ https://www.totaljobs.com/job/c55ca2d8-cb36-4eb9-aaca-9b1cce8c40c2/application/external/cv-download?locale=en_GB:0
[  288523ms] [WARNING] The resource https://www.totaljobs.com/sharedassets/@stepstone-genesis/fonts/core/fonts.css was preloaded using link preload but not used within a few seconds from the window's load event. Please make sure it has an appropriate `as` value and it is preloaded intentionally. @ https://www.totaljobs.com/job/c55ca2d8-cb36-4eb9-aaca-9b1cce8c40c2/application/external/cv-download?locale=en_GB:0
[  342530ms] [WARNING] The resource https://www.totaljobs.com/sharedassets/@stepstone-genesis/fonts/core/fonts.css was preloaded using link preload but not used within a few seconds from the window's load event. Please make sure it has an appropriate `as` value and it is preloaded intentionally. @ https://www.totaljobs.com/job/c55ca2d8-cb36-4eb9-aaca-9b1cce8c40c2/application/external/cv-download?locale=en_GB:0
[ 1814631ms] [WARNING] The resource https://www.totaljobs.com/sharedassets/@stepstone-genesis/fonts/core/fonts.css was preloaded using link preload but not used within a few seconds from the window's load event. Please make sure it has an appropriate `as` value and it is preloaded intentionally. @ https://www.totaljobs.com/job/c55ca2d8-cb36-4eb9-aaca-9b1cce8c40c2/application/external/cv-download?locale=en_GB:0
