[     721ms] Uncaught Error: Minified React error #418; visit https://reactjs.org/docs/error-decoder.html?invariant=418 for the full message or use the non-minified dev environment for full errors and additional helpful warnings.
    at lh (https://resources.reed.co.uk/cdn/web-jobseeker-jobs/20260402.1/_next/static/chunks/framework-1ce91eb6f9ecda85.js:0:46429)
    at i (https://resources.reed.co.uk/cdn/web-jobseeker-jobs/20260402.1/_next/static/chunks/framework-1ce91eb6f9ecda85.js:0:121052)
    at oM (https://resources.reed.co.uk/cdn/web-jobseeker-jobs/20260402.1/_next/static/chunks/framework-1ce91eb6f9ecda85.js:0:99036)
    at oF (https://resources.reed.co.uk/cdn/web-jobseeker-jobs/20260402.1/_next/static/chunks/framework-1ce91eb6f9ecda85.js:0:98906)
    at ow (https://resources.reed.co.uk/cdn/web-jobseeker-jobs/20260402.1/_next/static/chunks/framework-1ce91eb6f9ecda85.js:0:93979)
    at x (https://resources.reed.co.uk/cdn/web-jobseeker-jobs/20260402.1/_next/static/chunks/framework-1ce91eb6f9ecda85.js:0:130703)
    at T (https://resources.reed.co.uk/cdn/web-jobseeker-jobs/20260402.1/_next/static/chunks/framework-1ce91eb6f9ecda85.js:0:131233)
[     721ms] Uncaught Error: Minified React error #425; visit https://reactjs.org/docs/error-decoder.html?invariant=425 for the full message or use the non-minified dev environment for full errors and additional helpful warnings.
    at rm (https://resources.reed.co.uk/cdn/web-jobseeker-jobs/20260402.1/_next/static/chunks/framework-1ce91eb6f9ecda85.js:0:40258)
    at <anonymous> (https://resources.reed.co.uk/cdn/web-jobseeker-jobs/20260402.1/_next/static/chunks/framework-1ce91eb6f9ecda85.js:0:103399)
    at oO (https://resources.reed.co.uk/cdn/web-jobseeker-jobs/20260402.1/_next/static/chunks/framework-1ce91eb6f9ecda85.js:0:106146)
    at oM (https://resources.reed.co.uk/cdn/web-jobseeker-jobs/20260402.1/_next/static/chunks/framework-1ce91eb6f9ecda85.js:0:99096)
    at oF (https://resources.reed.co.uk/cdn/web-jobseeker-jobs/20260402.1/_next/static/chunks/framework-1ce91eb6f9ecda85.js:0:98906)
    at ow (https://resources.reed.co.uk/cdn/web-jobseeker-jobs/20260402.1/_next/static/chunks/framework-1ce91eb6f9ecda85.js:0:93979)
    at x (https://resources.reed.co.uk/cdn/web-jobseeker-jobs/20260402.1/_next/static/chunks/framework-1ce91eb6f9ecda85.js:0:130703)
    at T (https://resources.reed.co.uk/cdn/web-jobseeker-jobs/20260402.1/_next/static/chunks/framework-1ce91eb6f9ecda85.js:0:131233)
[     722ms] Uncaught Error: Minified React error #418; visit https://reactjs.org/docs/error-decoder.html?invariant=418 for the full message or use the non-minified dev environment for full errors and additional helpful warnings.
    at lh (https://resources.reed.co.uk/cdn/web-jobseeker-jobs/20260402.1/_next/static/chunks/framework-1ce91eb6f9ecda85.js:0:46549)
    at i (https://resources.reed.co.uk/cdn/web-jobseeker-jobs/20260402.1/_next/static/chunks/framework-1ce91eb6f9ecda85.js:0:121052)
    at oM (https://resources.reed.co.uk/cdn/web-jobseeker-jobs/20260402.1/_next/static/chunks/framework-1ce91eb6f9ecda85.js:0:99036)
    at oF (https://resources.reed.co.uk/cdn/web-jobseeker-jobs/20260402.1/_next/static/chunks/framework-1ce91eb6f9ecda85.js:0:98906)
    at ow (https://resources.reed.co.uk/cdn/web-jobseeker-jobs/20260402.1/_next/static/chunks/framework-1ce91eb6f9ecda85.js:0:93979)
    at x (https://resources.reed.co.uk/cdn/web-jobseeker-jobs/20260402.1/_next/static/chunks/framework-1ce91eb6f9ecda85.js:0:130703)
    at T (https://resources.reed.co.uk/cdn/web-jobseeker-jobs/20260402.1/_next/static/chunks/framework-1ce91eb6f9ecda85.js:0:131233)
[     722ms] Uncaught Error: Minified React error #418; visit https://reactjs.org/docs/error-decoder.html?invariant=418 for the full message or use the non-minified dev environment for full errors and additional helpful warnings.
    at lh (https://resources.reed.co.uk/cdn/web-jobseeker-jobs/20260402.1/_next/static/chunks/framework-1ce91eb6f9ecda85.js:0:46549)
    at i (https://resources.reed.co.uk/cdn/web-jobseeker-jobs/20260402.1/_next/static/chunks/framework-1ce91eb6f9ecda85.js:0:121052)
    at oM (https://resources.reed.co.uk/cdn/web-jobseeker-jobs/20260402.1/_next/static/chunks/framework-1ce91eb6f9ecda85.js:0:99036)
    at oF (https://resources.reed.co.uk/cdn/web-jobseeker-jobs/20260402.1/_next/static/chunks/framework-1ce91eb6f9ecda85.js:0:98906)
    at ow (https://resources.reed.co.uk/cdn/web-jobseeker-jobs/20260402.1/_next/static/chunks/framework-1ce91eb6f9ecda85.js:0:93979)
    at x (https://resources.reed.co.uk/cdn/web-jobseeker-jobs/20260402.1/_next/static/chunks/framework-1ce91eb6f9ecda85.js:0:130703)
    at T (https://resources.reed.co.uk/cdn/web-jobseeker-jobs/20260402.1/_next/static/chunks/framework-1ce91eb6f9ecda85.js:0:131233)
[     722ms] Uncaught Error: Minified React error #418; visit https://reactjs.org/docs/error-decoder.html?invariant=418 for the full message or use the non-minified dev environment for full errors and additional helpful warnings.
    at lh (https://resources.reed.co.uk/cdn/web-jobseeker-jobs/20260402.1/_next/static/chunks/framework-1ce91eb6f9ecda85.js:0:46549)
    at i (https://resources.reed.co.uk/cdn/web-jobseeker-jobs/20260402.1/_next/static/chunks/framework-1ce91eb6f9ecda85.js:0:121052)
    at oM (https://resources.reed.co.uk/cdn/web-jobseeker-jobs/20260402.1/_next/static/chunks/framework-1ce91eb6f9ecda85.js:0:99036)
    at oF (https://resources.reed.co.uk/cdn/web-jobseeker-jobs/20260402.1/_next/static/chunks/framework-1ce91eb6f9ecda85.js:0:98906)
    at ow (https://resources.reed.co.uk/cdn/web-jobseeker-jobs/20260402.1/_next/static/chunks/framework-1ce91eb6f9ecda85.js:0:93979)
    at x (https://resources.reed.co.uk/cdn/web-jobseeker-jobs/20260402.1/_next/static/chunks/framework-1ce91eb6f9ecda85.js:0:130703)
    at T (https://resources.reed.co.uk/cdn/web-jobseeker-jobs/20260402.1/_next/static/chunks/framework-1ce91eb6f9ecda85.js:0:131233)
[     722ms] Uncaught Error: Minified React error #418; visit https://reactjs.org/docs/error-decoder.html?invariant=418 for the full message or use the non-minified dev environment for full errors and additional helpful warnings.
    at lh (https://resources.reed.co.uk/cdn/web-jobseeker-jobs/20260402.1/_next/static/chunks/framework-1ce91eb6f9ecda85.js:0:46549)
    at i (https://resources.reed.co.uk/cdn/web-jobseeker-jobs/20260402.1/_next/static/chunks/framework-1ce91eb6f9ecda85.js:0:121052)
    at oM (https://resources.reed.co.uk/cdn/web-jobseeker-jobs/20260402.1/_next/static/chunks/framework-1ce91eb6f9ecda85.js:0:99036)
    at oF (https://resources.reed.co.uk/cdn/web-jobseeker-jobs/20260402.1/_next/static/chunks/framework-1ce91eb6f9ecda85.js:0:98906)
    at ow (https://resources.reed.co.uk/cdn/web-jobseeker-jobs/20260402.1/_next/static/chunks/framework-1ce91eb6f9ecda85.js:0:93979)
    at x (https://resources.reed.co.uk/cdn/web-jobseeker-jobs/20260402.1/_next/static/chunks/framework-1ce91eb6f9ecda85.js:0:130703)
    at T (https://resources.reed.co.uk/cdn/web-jobseeker-jobs/20260402.1/_next/static/chunks/framework-1ce91eb6f9ecda85.js:0:131233)
[     722ms] Uncaught Error: Minified React error #418; visit https://reactjs.org/docs/error-decoder.html?invariant=418 for the full message or use the non-minified dev environment for full errors and additional helpful warnings.
    at lh (https://resources.reed.co.uk/cdn/web-jobseeker-jobs/20260402.1/_next/static/chunks/framework-1ce91eb6f9ecda85.js:0:46549)
    at i (https://resources.reed.co.uk/cdn/web-jobseeker-jobs/20260402.1/_next/static/chunks/framework-1ce91eb6f9ecda85.js:0:121052)
    at oM (https://resources.reed.co.uk/cdn/web-jobseeker-jobs/20260402.1/_next/static/chunks/framework-1ce91eb6f9ecda85.js:0:99036)
    at oF (https://resources.reed.co.uk/cdn/web-jobseeker-jobs/20260402.1/_next/static/chunks/framework-1ce91eb6f9ecda85.js:0:98906)
    at ow (https://resources.reed.co.uk/cdn/web-jobseeker-jobs/20260402.1/_next/static/chunks/framework-1ce91eb6f9ecda85.js:0:93979)
    at x (https://resources.reed.co.uk/cdn/web-jobseeker-jobs/20260402.1/_next/static/chunks/framework-1ce91eb6f9ecda85.js:0:130703)
    at T (https://resources.reed.co.uk/cdn/web-jobseeker-jobs/20260402.1/_next/static/chunks/framework-1ce91eb6f9ecda85.js:0:131233)
[     722ms] Uncaught Error: Minified React error #418; visit https://reactjs.org/docs/error-decoder.html?invariant=418 for the full message or use the non-minified dev environment for full errors and additional helpful warnings.
    at lh (https://resources.reed.co.uk/cdn/web-jobseeker-jobs/20260402.1/_next/static/chunks/framework-1ce91eb6f9ecda85.js:0:46549)
    at i (https://resources.reed.co.uk/cdn/web-jobseeker-jobs/20260402.1/_next/static/chunks/framework-1ce91eb6f9ecda85.js:0:121052)
    at oM (https://resources.reed.co.uk/cdn/web-jobseeker-jobs/20260402.1/_next/static/chunks/framework-1ce91eb6f9ecda85.js:0:99036)
    at oF (https://resources.reed.co.uk/cdn/web-jobseeker-jobs/20260402.1/_next/static/chunks/framework-1ce91eb6f9ecda85.js:0:98906)
    at ow (https://resources.reed.co.uk/cdn/web-jobseeker-jobs/20260402.1/_next/static/chunks/framework-1ce91eb6f9ecda85.js:0:93979)
    at x (https://resources.reed.co.uk/cdn/web-jobseeker-jobs/20260402.1/_next/static/chunks/framework-1ce91eb6f9ecda85.js:0:130703)
    at T (https://resources.reed.co.uk/cdn/web-jobseeker-jobs/20260402.1/_next/static/chunks/framework-1ce91eb6f9ecda85.js:0:131233)
[     722ms] Uncaught Error: Minified React error #418; visit https://reactjs.org/docs/error-decoder.html?invariant=418 for the full message or use the non-minified dev environment for full errors and additional helpful warnings.
    at lh (https://resources.reed.co.uk/cdn/web-jobseeker-jobs/20260402.1/_next/static/chunks/framework-1ce91eb6f9ecda85.js:0:46549)
    at i (https://resources.reed.co.uk/cdn/web-jobseeker-jobs/20260402.1/_next/static/chunks/framework-1ce91eb6f9ecda85.js:0:121052)
    at oM (https://resources.reed.co.uk/cdn/web-jobseeker-jobs/20260402.1/_next/static/chunks/framework-1ce91eb6f9ecda85.js:0:99036)
    at oF (https://resources.reed.co.uk/cdn/web-jobseeker-jobs/20260402.1/_next/static/chunks/framework-1ce91eb6f9ecda85.js:0:98906)
    at ow (https://resources.reed.co.uk/cdn/web-jobseeker-jobs/20260402.1/_next/static/chunks/framework-1ce91eb6f9ecda85.js:0:93979)
    at x (https://resources.reed.co.uk/cdn/web-jobseeker-jobs/20260402.1/_next/static/chunks/framework-1ce91eb6f9ecda85.js:0:130703)
    at T (https://resources.reed.co.uk/cdn/web-jobseeker-jobs/20260402.1/_next/static/chunks/framework-1ce91eb6f9ecda85.js:0:131233)
[     722ms] Uncaught Error: Minified React error #418; visit https://reactjs.org/docs/error-decoder.html?invariant=418 for the full message or use the non-minified dev environment for full errors and additional helpful warnings.
    at lh (https://resources.reed.co.uk/cdn/web-jobseeker-jobs/20260402.1/_next/static/chunks/framework-1ce91eb6f9ecda85.js:0:46549)
    at i (https://resources.reed.co.uk/cdn/web-jobseeker-jobs/20260402.1/_next/static/chunks/framework-1ce91eb6f9ecda85.js:0:121052)
    at oM (https://resources.reed.co.uk/cdn/web-jobseeker-jobs/20260402.1/_next/static/chunks/framework-1ce91eb6f9ecda85.js:0:99036)
    at oF (https://resources.reed.co.uk/cdn/web-jobseeker-jobs/20260402.1/_next/static/chunks/framework-1ce91eb6f9ecda85.js:0:98906)
    at ow (https://resources.reed.co.uk/cdn/web-jobseeker-jobs/20260402.1/_next/static/chunks/framework-1ce91eb6f9ecda85.js:0:93979)
    at x (https://resources.reed.co.uk/cdn/web-jobseeker-jobs/20260402.1/_next/static/chunks/framework-1ce91eb6f9ecda85.js:0:130703)
    at T (https://resources.reed.co.uk/cdn/web-jobseeker-jobs/20260402.1/_next/static/chunks/framework-1ce91eb6f9ecda85.js:0:131233)
[     722ms] Uncaught Error: Minified React error #418; visit https://reactjs.org/docs/error-decoder.html?invariant=418 for the full message or use the non-minified dev environment for full errors and additional helpful warnings.
    at lh (https://resources.reed.co.uk/cdn/web-jobseeker-jobs/20260402.1/_next/static/chunks/framework-1ce91eb6f9ecda85.js:0:46549)
    at i (https://resources.reed.co.uk/cdn/web-jobseeker-jobs/20260402.1/_next/static/chunks/framework-1ce91eb6f9ecda85.js:0:121052)
    at oM (https://resources.reed.co.uk/cdn/web-jobseeker-jobs/20260402.1/_next/static/chunks/framework-1ce91eb6f9ecda85.js:0:99036)
    at oF (https://resources.reed.co.uk/cdn/web-jobseeker-jobs/20260402.1/_next/static/chunks/framework-1ce91eb6f9ecda85.js:0:98906)
    at ow (https://resources.reed.co.uk/cdn/web-jobseeker-jobs/20260402.1/_next/static/chunks/framework-1ce91eb6f9ecda85.js:0:93979)
    at x (https://resources.reed.co.uk/cdn/web-jobseeker-jobs/20260402.1/_next/static/chunks/framework-1ce91eb6f9ecda85.js:0:130703)
    at T (https://resources.reed.co.uk/cdn/web-jobseeker-jobs/20260402.1/_next/static/chunks/framework-1ce91eb6f9ecda85.js:0:131233)
[     723ms] Uncaught Error: Minified React error #418; visit https://reactjs.org/docs/error-decoder.html?invariant=418 for the full message or use the non-minified dev environment for full errors and additional helpful warnings.
    at lh (https://resources.reed.co.uk/cdn/web-jobseeker-jobs/20260402.1/_next/static/chunks/framework-1ce91eb6f9ecda85.js:0:46549)
    at i (https://resources.reed.co.uk/cdn/web-jobseeker-jobs/20260402.1/_next/static/chunks/framework-1ce91eb6f9ecda85.js:0:121052)
    at oM (https://resources.reed.co.uk/cdn/web-jobseeker-jobs/20260402.1/_next/static/chunks/framework-1ce91eb6f9ecda85.js:0:99036)
    at oF (https://resources.reed.co.uk/cdn/web-jobseeker-jobs/20260402.1/_next/static/chunks/framework-1ce91eb6f9ecda85.js:0:98906)
    at ow (https://resources.reed.co.uk/cdn/web-jobseeker-jobs/20260402.1/_next/static/chunks/framework-1ce91eb6f9ecda85.js:0:93979)
    at x (https://resources.reed.co.uk/cdn/web-jobseeker-jobs/20260402.1/_next/static/chunks/framework-1ce91eb6f9ecda85.js:0:130703)
    at T (https://resources.reed.co.uk/cdn/web-jobseeker-jobs/20260402.1/_next/static/chunks/framework-1ce91eb6f9ecda85.js:0:131233)
[     723ms] Uncaught Error: Minified React error #418; visit https://reactjs.org/docs/error-decoder.html?invariant=418 for the full message or use the non-minified dev environment for full errors and additional helpful warnings.
    at lh (https://resources.reed.co.uk/cdn/web-jobseeker-jobs/20260402.1/_next/static/chunks/framework-1ce91eb6f9ecda85.js:0:46549)
    at i (https://resources.reed.co.uk/cdn/web-jobseeker-jobs/20260402.1/_next/static/chunks/framework-1ce91eb6f9ecda85.js:0:121052)
    at oM (https://resources.reed.co.uk/cdn/web-jobseeker-jobs/20260402.1/_next/static/chunks/framework-1ce91eb6f9ecda85.js:0:99036)
    at oF (https://resources.reed.co.uk/cdn/web-jobseeker-jobs/20260402.1/_next/static/chunks/framework-1ce91eb6f9ecda85.js:0:98906)
    at ow (https://resources.reed.co.uk/cdn/web-jobseeker-jobs/20260402.1/_next/static/chunks/framework-1ce91eb6f9ecda85.js:0:93979)
    at x (https://resources.reed.co.uk/cdn/web-jobseeker-jobs/20260402.1/_next/static/chunks/framework-1ce91eb6f9ecda85.js:0:130703)
    at T (https://resources.reed.co.uk/cdn/web-jobseeker-jobs/20260402.1/_next/static/chunks/framework-1ce91eb6f9ecda85.js:0:131233)
[     723ms] Uncaught Error: Minified React error #418; visit https://reactjs.org/docs/error-decoder.html?invariant=418 for the full message or use the non-minified dev environment for full errors and additional helpful warnings.
    at lh (https://resources.reed.co.uk/cdn/web-jobseeker-jobs/20260402.1/_next/static/chunks/framework-1ce91eb6f9ecda85.js:0:46549)
    at i (https://resources.reed.co.uk/cdn/web-jobseeker-jobs/20260402.1/_next/static/chunks/framework-1ce91eb6f9ecda85.js:0:121052)
    at oM (https://resources.reed.co.uk/cdn/web-jobseeker-jobs/20260402.1/_next/static/chunks/framework-1ce91eb6f9ecda85.js:0:99036)
    at oF (https://resources.reed.co.uk/cdn/web-jobseeker-jobs/20260402.1/_next/static/chunks/framework-1ce91eb6f9ecda85.js:0:98906)
    at ow (https://resources.reed.co.uk/cdn/web-jobseeker-jobs/20260402.1/_next/static/chunks/framework-1ce91eb6f9ecda85.js:0:93979)
    at x (https://resources.reed.co.uk/cdn/web-jobseeker-jobs/20260402.1/_next/static/chunks/framework-1ce91eb6f9ecda85.js:0:130703)
    at T (https://resources.reed.co.uk/cdn/web-jobseeker-jobs/20260402.1/_next/static/chunks/framework-1ce91eb6f9ecda85.js:0:131233)
[     723ms] Uncaught Error: Minified React error #423; visit https://reactjs.org/docs/error-decoder.html?invariant=423 for the full message or use the non-minified dev environment for full errors and additional helpful warnings.
    at i (https://resources.reed.co.uk/cdn/web-jobseeker-jobs/20260402.1/_next/static/chunks/framework-1ce91eb6f9ecda85.js:0:120711)
    at oM (https://resources.reed.co.uk/cdn/web-jobseeker-jobs/20260402.1/_next/static/chunks/framework-1ce91eb6f9ecda85.js:0:99036)
    at oF (https://resources.reed.co.uk/cdn/web-jobseeker-jobs/20260402.1/_next/static/chunks/framework-1ce91eb6f9ecda85.js:0:98906)
    at oS (https://resources.reed.co.uk/cdn/web-jobseeker-jobs/20260402.1/_next/static/chunks/framework-1ce91eb6f9ecda85.js:0:95677)
    at ow (https://resources.reed.co.uk/cdn/web-jobseeker-jobs/20260402.1/_next/static/chunks/framework-1ce91eb6f9ecda85.js:0:94232)
    at x (https://resources.reed.co.uk/cdn/web-jobseeker-jobs/20260402.1/_next/static/chunks/framework-1ce91eb6f9ecda85.js:0:130703)
    at T (https://resources.reed.co.uk/cdn/web-jobseeker-jobs/20260402.1/_next/static/chunks/framework-1ce91eb6f9ecda85.js:0:131233)
[    2282ms] [LOG] Visibility threshold pct=50, Visibility threshold ms = 0 @ https://tag.durationmedia.net/sites/11540/dm.js:0
[    2363ms] [INFO] [REFRESH PATCH] pubads.refresh patched @ https://cdn1.anonymised.io/light/loader.js?ref=gtm:0
[    2385ms] [LOG] Influent Media script loaded @ https://resources.reed.co.uk/cdn/web-jobseeker-jobs/20260402.1/_next/static/chunks/307-fdbeae25a91c3798.js:0
[    2425ms] [LOG] Influent Media script initialized @ https://resources.reed.co.uk/cdn/web-jobseeker-jobs/20260402.1/_next/static/chunks/307-fdbeae25a91c3798.js:0
[    2781ms] [ERROR] Attestation check for Attribution Reporting on https://www.facebook.com failed. @ https://www.reed.co.uk/jobs/it-infrastructure-engineer/56732585:0
[    2876ms] [INFO] [REFRESH PATCH] Injecting targeting {key: AnonymisedSignalLift, value: 0} @ https://cdn1.anonymised.io/light/loader.js?ref=gtm:0
[    2978ms] [LOG] Starting 3pc test @ https://static.anonm.io/light/check3pc.html:9
[    2979ms] [LOG] 3PC enabled: true @ https://static.anonm.io/light/check3pc.html:32
[    2979ms] [LOG] Storage API: cookie access granted @ https://static.anonm.io/light/check3pc.html:15
[    7662ms] [ERROR] Attestation check for Attribution Reporting on https://www.facebook.com failed. @ https://www.reed.co.uk/jobs/it-infrastructure-engineer/56732585:0
[   10594ms] [WARNING] [TikTok Pixel] - Missing email and phone number
Issue: Email and phone number info isn't being received. This information is required for Complete Payment events.
Suggestion: Improve your email and phone coverage. This allows you to attribute more conversions and reach more people with your ads. See https://ads.tiktok.com/marketing_api/docs?rid=5ipocbxyw8v&id=1701890972946433 for more information. @ https://analytics.tiktok.com/i18n/pixel/static/main.MWE0ZWQ3ZWQwMQ.js:0
[   10595ms] [WARNING] [TikTok Pixel] - Missing 'content_id' paramter
Issue: The 'content_id' parameter isn't being received. This is required for Video Shopping Ads (VSA).
Suggestion: Include the 'content_id' parameter in your source code. This is required for Video Shopping Ads (VSA). See https://ads.tiktok.com/help/article/standard-events-parameters?redirected=2 for more information. @ https://analytics.tiktok.com/i18n/pixel/static/main.MWE0ZWQ3ZWQwMQ.js:0
[   10595ms] [WARNING] [TikTok Pixel] - Missing "value" parameter
Issue: Events shared are missing a 'value' parameter'. This is used calculate ROAS for people and the bid for your highest value customers. 
Suggestion: Go to your source code and include the "value" parameter. See https://ads.tiktok.com/help/article/standard-events-parameters?redirected=2 for more information. @ https://analytics.tiktok.com/i18n/pixel/static/main.MWE0ZWQ3ZWQwMQ.js:0
[   10596ms] [WARNING] [TikTok Pixel] - Missing "currency" parameter
Issue: Events shared are missing a 'currency' parameter. This impacts our ability to receive the value amount correctly, which can affect the accuracy of reporting for your return on ad spend.
Suggestion: Go to your source code and include the "currency" parameter. You can check supported currency codes. See https://ads.tiktok.com/help/article/standard-events-parameters?redirected=2 for more information. @ https://analytics.tiktok.com/i18n/pixel/static/main.MWE0ZWQ3ZWQwMQ.js:0
[   10767ms] [ERROR] Attestation check for Attribution Reporting on https://www.facebook.com failed. @ https://www.reed.co.uk/jobs/it-infrastructure-engineer/56732585:0
[   11653ms] Uncaught Error: Minified React error #418; visit https://reactjs.org/docs/error-decoder.html?invariant=418 for the full message or use the non-minified dev environment for full errors and additional helpful warnings.
    at lh (https://resources.reed.co.uk/cdn/web-jobseeker-jobs/20260402.1/_next/static/chunks/framework-1ce91eb6f9ecda85.js:0:46429)
    at i (https://resources.reed.co.uk/cdn/web-jobseeker-jobs/20260402.1/_next/static/chunks/framework-1ce91eb6f9ecda85.js:0:121052)
    at oM (https://resources.reed.co.uk/cdn/web-jobseeker-jobs/20260402.1/_next/static/chunks/framework-1ce91eb6f9ecda85.js:0:99036)
    at oF (https://resources.reed.co.uk/cdn/web-jobseeker-jobs/20260402.1/_next/static/chunks/framework-1ce91eb6f9ecda85.js:0:98906)
    at ow (https://resources.reed.co.uk/cdn/web-jobseeker-jobs/20260402.1/_next/static/chunks/framework-1ce91eb6f9ecda85.js:0:93979)
    at x (https://resources.reed.co.uk/cdn/web-jobseeker-jobs/20260402.1/_next/static/chunks/framework-1ce91eb6f9ecda85.js:0:130703)
    at T (https://resources.reed.co.uk/cdn/web-jobseeker-jobs/20260402.1/_next/static/chunks/framework-1ce91eb6f9ecda85.js:0:131233)
[   11654ms] Uncaught Error: Minified React error #425; visit https://reactjs.org/docs/error-decoder.html?invariant=425 for the full message or use the non-minified dev environment for full errors and additional helpful warnings.
    at rm (https://resources.reed.co.uk/cdn/web-jobseeker-jobs/20260402.1/_next/static/chunks/framework-1ce91eb6f9ecda85.js:0:40258)
    at <anonymous> (https://resources.reed.co.uk/cdn/web-jobseeker-jobs/20260402.1/_next/static/chunks/framework-1ce91eb6f9ecda85.js:0:103399)
    at oO (https://resources.reed.co.uk/cdn/web-jobseeker-jobs/20260402.1/_next/static/chunks/framework-1ce91eb6f9ecda85.js:0:106146)
    at oM (https://resources.reed.co.uk/cdn/web-jobseeker-jobs/20260402.1/_next/static/chunks/framework-1ce91eb6f9ecda85.js:0:99096)
    at oF (https://resources.reed.co.uk/cdn/web-jobseeker-jobs/20260402.1/_next/static/chunks/framework-1ce91eb6f9ecda85.js:0:98906)
    at ow (https://resources.reed.co.uk/cdn/web-jobseeker-jobs/20260402.1/_next/static/chunks/framework-1ce91eb6f9ecda85.js:0:93979)
    at x (https://resources.reed.co.uk/cdn/web-jobseeker-jobs/20260402.1/_next/static/chunks/framework-1ce91eb6f9ecda85.js:0:130703)
    at T (https://resources.reed.co.uk/cdn/web-jobseeker-jobs/20260402.1/_next/static/chunks/framework-1ce91eb6f9ecda85.js:0:131233)
[   11654ms] Uncaught Error: Minified React error #418; visit https://reactjs.org/docs/error-decoder.html?invariant=418 for the full message or use the non-minified dev environment for full errors and additional helpful warnings.
    at lh (https://resources.reed.co.uk/cdn/web-jobseeker-jobs/20260402.1/_next/static/chunks/framework-1ce91eb6f9ecda85.js:0:46549)
    at i (https://resources.reed.co.uk/cdn/web-jobseeker-jobs/20260402.1/_next/static/chunks/framework-1ce91eb6f9ecda85.js:0:121052)
    at oM (https://resources.reed.co.uk/cdn/web-jobseeker-jobs/20260402.1/_next/static/chunks/framework-1ce91eb6f9ecda85.js:0:99036)
    at oF (https://resources.reed.co.uk/cdn/web-jobseeker-jobs/20260402.1/_next/static/chunks/framework-1ce91eb6f9ecda85.js:0:98906)
    at ow (https://resources.reed.co.uk/cdn/web-jobseeker-jobs/20260402.1/_next/static/chunks/framework-1ce91eb6f9ecda85.js:0:93979)
    at x (https://resources.reed.co.uk/cdn/web-jobseeker-jobs/20260402.1/_next/static/chunks/framework-1ce91eb6f9ecda85.js:0:130703)
    at T (https://resources.reed.co.uk/cdn/web-jobseeker-jobs/20260402.1/_next/static/chunks/framework-1ce91eb6f9ecda85.js:0:131233)
[   11654ms] Uncaught Error: Minified React error #418; visit https://reactjs.org/docs/error-decoder.html?invariant=418 for the full message or use the non-minified dev environment for full errors and additional helpful warnings.
    at lh (https://resources.reed.co.uk/cdn/web-jobseeker-jobs/20260402.1/_next/static/chunks/framework-1ce91eb6f9ecda85.js:0:46549)
    at i (https://resources.reed.co.uk/cdn/web-jobseeker-jobs/20260402.1/_next/static/chunks/framework-1ce91eb6f9ecda85.js:0:121052)
    at oM (https://resources.reed.co.uk/cdn/web-jobseeker-jobs/20260402.1/_next/static/chunks/framework-1ce91eb6f9ecda85.js:0:99036)
    at oF (https://resources.reed.co.uk/cdn/web-jobseeker-jobs/20260402.1/_next/static/chunks/framework-1ce91eb6f9ecda85.js:0:98906)
    at ow (https://resources.reed.co.uk/cdn/web-jobseeker-jobs/20260402.1/_next/static/chunks/framework-1ce91eb6f9ecda85.js:0:93979)
    at x (https://resources.reed.co.uk/cdn/web-jobseeker-jobs/20260402.1/_next/static/chunks/framework-1ce91eb6f9ecda85.js:0:130703)
    at T (https://resources.reed.co.uk/cdn/web-jobseeker-jobs/20260402.1/_next/static/chunks/framework-1ce91eb6f9ecda85.js:0:131233)
[   11654ms] Uncaught Error: Minified React error #418; visit https://reactjs.org/docs/error-decoder.html?invariant=418 for the full message or use the non-minified dev environment for full errors and additional helpful warnings.
    at lh (https://resources.reed.co.uk/cdn/web-jobseeker-jobs/20260402.1/_next/static/chunks/framework-1ce91eb6f9ecda85.js:0:46549)
    at i (https://resources.reed.co.uk/cdn/web-jobseeker-jobs/20260402.1/_next/static/chunks/framework-1ce91eb6f9ecda85.js:0:121052)
    at oM (https://resources.reed.co.uk/cdn/web-jobseeker-jobs/20260402.1/_next/static/chunks/framework-1ce91eb6f9ecda85.js:0:99036)
    at oF (https://resources.reed.co.uk/cdn/web-jobseeker-jobs/20260402.1/_next/static/chunks/framework-1ce91eb6f9ecda85.js:0:98906)
    at ow (https://resources.reed.co.uk/cdn/web-jobseeker-jobs/20260402.1/_next/static/chunks/framework-1ce91eb6f9ecda85.js:0:93979)
    at x (https://resources.reed.co.uk/cdn/web-jobseeker-jobs/20260402.1/_next/static/chunks/framework-1ce91eb6f9ecda85.js:0:130703)
    at T (https://resources.reed.co.uk/cdn/web-jobseeker-jobs/20260402.1/_next/static/chunks/framework-1ce91eb6f9ecda85.js:0:131233)
[   11655ms] Uncaught Error: Minified React error #418; visit https://reactjs.org/docs/error-decoder.html?invariant=418 for the full message or use the non-minified dev environment for full errors and additional helpful warnings.
    at lh (https://resources.reed.co.uk/cdn/web-jobseeker-jobs/20260402.1/_next/static/chunks/framework-1ce91eb6f9ecda85.js:0:46549)
    at i (https://resources.reed.co.uk/cdn/web-jobseeker-jobs/20260402.1/_next/static/chunks/framework-1ce91eb6f9ecda85.js:0:121052)
    at oM (https://resources.reed.co.uk/cdn/web-jobseeker-jobs/20260402.1/_next/static/chunks/framework-1ce91eb6f9ecda85.js:0:99036)
    at oF (https://resources.reed.co.uk/cdn/web-jobseeker-jobs/20260402.1/_next/static/chunks/framework-1ce91eb6f9ecda85.js:0:98906)
    at ow (https://resources.reed.co.uk/cdn/web-jobseeker-jobs/20260402.1/_next/static/chunks/framework-1ce91eb6f9ecda85.js:0:93979)
    at x (https://resources.reed.co.uk/cdn/web-jobseeker-jobs/20260402.1/_next/static/chunks/framework-1ce91eb6f9ecda85.js:0:130703)
    at T (https://resources.reed.co.uk/cdn/web-jobseeker-jobs/20260402.1/_next/static/chunks/framework-1ce91eb6f9ecda85.js:0:131233)
[   11655ms] Uncaught Error: Minified React error #418; visit https://reactjs.org/docs/error-decoder.html?invariant=418 for the full message or use the non-minified dev environment for full errors and additional helpful warnings.
    at lh (https://resources.reed.co.uk/cdn/web-jobseeker-jobs/20260402.1/_next/static/chunks/framework-1ce91eb6f9ecda85.js:0:46549)
    at i (https://resources.reed.co.uk/cdn/web-jobseeker-jobs/20260402.1/_next/static/chunks/framework-1ce91eb6f9ecda85.js:0:121052)
    at oM (https://resources.reed.co.uk/cdn/web-jobseeker-jobs/20260402.1/_next/static/chunks/framework-1ce91eb6f9ecda85.js:0:99036)
    at oF (https://resources.reed.co.uk/cdn/web-jobseeker-jobs/20260402.1/_next/static/chunks/framework-1ce91eb6f9ecda85.js:0:98906)
    at ow (https://resources.reed.co.uk/cdn/web-jobseeker-jobs/20260402.1/_next/static/chunks/framework-1ce91eb6f9ecda85.js:0:93979)
    at x (https://resources.reed.co.uk/cdn/web-jobseeker-jobs/20260402.1/_next/static/chunks/framework-1ce91eb6f9ecda85.js:0:130703)
    at T (https://resources.reed.co.uk/cdn/web-jobseeker-jobs/20260402.1/_next/static/chunks/framework-1ce91eb6f9ecda85.js:0:131233)
[   11656ms] Uncaught Error: Minified React error #418; visit https://reactjs.org/docs/error-decoder.html?invariant=418 for the full message or use the non-minified dev environment for full errors and additional helpful warnings.
    at lh (https://resources.reed.co.uk/cdn/web-jobseeker-jobs/20260402.1/_next/static/chunks/framework-1ce91eb6f9ecda85.js:0:46549)
    at i (https://resources.reed.co.uk/cdn/web-jobseeker-jobs/20260402.1/_next/static/chunks/framework-1ce91eb6f9ecda85.js:0:121052)
    at oM (https://resources.reed.co.uk/cdn/web-jobseeker-jobs/20260402.1/_next/static/chunks/framework-1ce91eb6f9ecda85.js:0:99036)
    at oF (https://resources.reed.co.uk/cdn/web-jobseeker-jobs/20260402.1/_next/static/chunks/framework-1ce91eb6f9ecda85.js:0:98906)
    at ow (https://resources.reed.co.uk/cdn/web-jobseeker-jobs/20260402.1/_next/static/chunks/framework-1ce91eb6f9ecda85.js:0:93979)
    at x (https://resources.reed.co.uk/cdn/web-jobseeker-jobs/20260402.1/_next/static/chunks/framework-1ce91eb6f9ecda85.js:0:130703)
    at T (https://resources.reed.co.uk/cdn/web-jobseeker-jobs/20260402.1/_next/static/chunks/framework-1ce91eb6f9ecda85.js:0:131233)
[   11657ms] Uncaught Error: Minified React error #418; visit https://reactjs.org/docs/error-decoder.html?invariant=418 for the full message or use the non-minified dev environment for full errors and additional helpful warnings.
    at lh (https://resources.reed.co.uk/cdn/web-jobseeker-jobs/20260402.1/_next/static/chunks/framework-1ce91eb6f9ecda85.js:0:46549)
    at i (https://resources.reed.co.uk/cdn/web-jobseeker-jobs/20260402.1/_next/static/chunks/framework-1ce91eb6f9ecda85.js:0:121052)
    at oM (https://resources.reed.co.uk/cdn/web-jobseeker-jobs/20260402.1/_next/static/chunks/framework-1ce91eb6f9ecda85.js:0:99036)
    at oF (https://resources.reed.co.uk/cdn/web-jobseeker-jobs/20260402.1/_next/static/chunks/framework-1ce91eb6f9ecda85.js:0:98906)
    at ow (https://resources.reed.co.uk/cdn/web-jobseeker-jobs/20260402.1/_next/static/chunks/framework-1ce91eb6f9ecda85.js:0:93979)
    at x (https://resources.reed.co.uk/cdn/web-jobseeker-jobs/20260402.1/_next/static/chunks/framework-1ce91eb6f9ecda85.js:0:130703)
    at T (https://resources.reed.co.uk/cdn/web-jobseeker-jobs/20260402.1/_next/static/chunks/framework-1ce91eb6f9ecda85.js:0:131233)
[   11657ms] Uncaught Error: Minified React error #418; visit https://reactjs.org/docs/error-decoder.html?invariant=418 for the full message or use the non-minified dev environment for full errors and additional helpful warnings.
    at lh (https://resources.reed.co.uk/cdn/web-jobseeker-jobs/20260402.1/_next/static/chunks/framework-1ce91eb6f9ecda85.js:0:46549)
    at i (https://resources.reed.co.uk/cdn/web-jobseeker-jobs/20260402.1/_next/static/chunks/framework-1ce91eb6f9ecda85.js:0:121052)
    at oM (https://resources.reed.co.uk/cdn/web-jobseeker-jobs/20260402.1/_next/static/chunks/framework-1ce91eb6f9ecda85.js:0:99036)
    at oF (https://resources.reed.co.uk/cdn/web-jobseeker-jobs/20260402.1/_next/static/chunks/framework-1ce91eb6f9ecda85.js:0:98906)
    at ow (https://resources.reed.co.uk/cdn/web-jobseeker-jobs/20260402.1/_next/static/chunks/framework-1ce91eb6f9ecda85.js:0:93979)
    at x (https://resources.reed.co.uk/cdn/web-jobseeker-jobs/20260402.1/_next/static/chunks/framework-1ce91eb6f9ecda85.js:0:130703)
    at T (https://resources.reed.co.uk/cdn/web-jobseeker-jobs/20260402.1/_next/static/chunks/framework-1ce91eb6f9ecda85.js:0:131233)
[   11657ms] Uncaught Error: Minified React error #418; visit https://reactjs.org/docs/error-decoder.html?invariant=418 for the full message or use the non-minified dev environment for full errors and additional helpful warnings.
    at lh (https://resources.reed.co.uk/cdn/web-jobseeker-jobs/20260402.1/_next/static/chunks/framework-1ce91eb6f9ecda85.js:0:46549)
    at i (https://resources.reed.co.uk/cdn/web-jobseeker-jobs/20260402.1/_next/static/chunks/framework-1ce91eb6f9ecda85.js:0:121052)
    at oM (https://resources.reed.co.uk/cdn/web-jobseeker-jobs/20260402.1/_next/static/chunks/framework-1ce91eb6f9ecda85.js:0:99036)
    at oF (https://resources.reed.co.uk/cdn/web-jobseeker-jobs/20260402.1/_next/static/chunks/framework-1ce91eb6f9ecda85.js:0:98906)
    at ow (https://resources.reed.co.uk/cdn/web-jobseeker-jobs/20260402.1/_next/static/chunks/framework-1ce91eb6f9ecda85.js:0:93979)
    at x (https://resources.reed.co.uk/cdn/web-jobseeker-jobs/20260402.1/_next/static/chunks/framework-1ce91eb6f9ecda85.js:0:130703)
    at T (https://resources.reed.co.uk/cdn/web-jobseeker-jobs/20260402.1/_next/static/chunks/framework-1ce91eb6f9ecda85.js:0:131233)
[   11658ms] Uncaught Error: Minified React error #418; visit https://reactjs.org/docs/error-decoder.html?invariant=418 for the full message or use the non-minified dev environment for full errors and additional helpful warnings.
    at lh (https://resources.reed.co.uk/cdn/web-jobseeker-jobs/20260402.1/_next/static/chunks/framework-1ce91eb6f9ecda85.js:0:46549)
    at i (https://resources.reed.co.uk/cdn/web-jobseeker-jobs/20260402.1/_next/static/chunks/framework-1ce91eb6f9ecda85.js:0:121052)
    at oM (https://resources.reed.co.uk/cdn/web-jobseeker-jobs/20260402.1/_next/static/chunks/framework-1ce91eb6f9ecda85.js:0:99036)
    at oF (https://resources.reed.co.uk/cdn/web-jobseeker-jobs/20260402.1/_next/static/chunks/framework-1ce91eb6f9ecda85.js:0:98906)
    at ow (https://resources.reed.co.uk/cdn/web-jobseeker-jobs/20260402.1/_next/static/chunks/framework-1ce91eb6f9ecda85.js:0:93979)
    at x (https://resources.reed.co.uk/cdn/web-jobseeker-jobs/20260402.1/_next/static/chunks/framework-1ce91eb6f9ecda85.js:0:130703)
    at T (https://resources.reed.co.uk/cdn/web-jobseeker-jobs/20260402.1/_next/static/chunks/framework-1ce91eb6f9ecda85.js:0:131233)
[   11658ms] Uncaught Error: Minified React error #418; visit https://reactjs.org/docs/error-decoder.html?invariant=418 for the full message or use the non-minified dev environment for full errors and additional helpful warnings.
    at lh (https://resources.reed.co.uk/cdn/web-jobseeker-jobs/20260402.1/_next/static/chunks/framework-1ce91eb6f9ecda85.js:0:46549)
    at i (https://resources.reed.co.uk/cdn/web-jobseeker-jobs/20260402.1/_next/static/chunks/framework-1ce91eb6f9ecda85.js:0:121052)
    at oM (https://resources.reed.co.uk/cdn/web-jobseeker-jobs/20260402.1/_next/static/chunks/framework-1ce91eb6f9ecda85.js:0:99036)
    at oF (https://resources.reed.co.uk/cdn/web-jobseeker-jobs/20260402.1/_next/static/chunks/framework-1ce91eb6f9ecda85.js:0:98906)
    at ow (https://resources.reed.co.uk/cdn/web-jobseeker-jobs/20260402.1/_next/static/chunks/framework-1ce91eb6f9ecda85.js:0:93979)
    at x (https://resources.reed.co.uk/cdn/web-jobseeker-jobs/20260402.1/_next/static/chunks/framework-1ce91eb6f9ecda85.js:0:130703)
    at T (https://resources.reed.co.uk/cdn/web-jobseeker-jobs/20260402.1/_next/static/chunks/framework-1ce91eb6f9ecda85.js:0:131233)
[   11658ms] Uncaught Error: Minified React error #418; visit https://reactjs.org/docs/error-decoder.html?invariant=418 for the full message or use the non-minified dev environment for full errors and additional helpful warnings.
    at lh (https://resources.reed.co.uk/cdn/web-jobseeker-jobs/20260402.1/_next/static/chunks/framework-1ce91eb6f9ecda85.js:0:46549)
    at i (https://resources.reed.co.uk/cdn/web-jobseeker-jobs/20260402.1/_next/static/chunks/framework-1ce91eb6f9ecda85.js:0:121052)
    at oM (https://resources.reed.co.uk/cdn/web-jobseeker-jobs/20260402.1/_next/static/chunks/framework-1ce91eb6f9ecda85.js:0:99036)
    at oF (https://resources.reed.co.uk/cdn/web-jobseeker-jobs/20260402.1/_next/static/chunks/framework-1ce91eb6f9ecda85.js:0:98906)
    at ow (https://resources.reed.co.uk/cdn/web-jobseeker-jobs/20260402.1/_next/static/chunks/framework-1ce91eb6f9ecda85.js:0:93979)
    at x (https://resources.reed.co.uk/cdn/web-jobseeker-jobs/20260402.1/_next/static/chunks/framework-1ce91eb6f9ecda85.js:0:130703)
    at T (https://resources.reed.co.uk/cdn/web-jobseeker-jobs/20260402.1/_next/static/chunks/framework-1ce91eb6f9ecda85.js:0:131233)
[   11658ms] Uncaught Error: Minified React error #418; visit https://reactjs.org/docs/error-decoder.html?invariant=418 for the full message or use the non-minified dev environment for full errors and additional helpful warnings.
    at lh (https://resources.reed.co.uk/cdn/web-jobseeker-jobs/20260402.1/_next/static/chunks/framework-1ce91eb6f9ecda85.js:0:46549)
    at i (https://resources.reed.co.uk/cdn/web-jobseeker-jobs/20260402.1/_next/static/chunks/framework-1ce91eb6f9ecda85.js:0:121052)
    at oM (https://resources.reed.co.uk/cdn/web-jobseeker-jobs/20260402.1/_next/static/chunks/framework-1ce91eb6f9ecda85.js:0:99036)
    at oF (https://resources.reed.co.uk/cdn/web-jobseeker-jobs/20260402.1/_next/static/chunks/framework-1ce91eb6f9ecda85.js:0:98906)
    at ow (https://resources.reed.co.uk/cdn/web-jobseeker-jobs/20260402.1/_next/static/chunks/framework-1ce91eb6f9ecda85.js:0:93979)
    at x (https://resources.reed.co.uk/cdn/web-jobseeker-jobs/20260402.1/_next/static/chunks/framework-1ce91eb6f9ecda85.js:0:130703)
    at T (https://resources.reed.co.uk/cdn/web-jobseeker-jobs/20260402.1/_next/static/chunks/framework-1ce91eb6f9ecda85.js:0:131233)
[   11659ms] Uncaught Error: Minified React error #418; visit https://reactjs.org/docs/error-decoder.html?invariant=418 for the full message or use the non-minified dev environment for full errors and additional helpful warnings.
    at lh (https://resources.reed.co.uk/cdn/web-jobseeker-jobs/20260402.1/_next/static/chunks/framework-1ce91eb6f9ecda85.js:0:46549)
    at i (https://resources.reed.co.uk/cdn/web-jobseeker-jobs/20260402.1/_next/static/chunks/framework-1ce91eb6f9ecda85.js:0:121052)
    at oM (https://resources.reed.co.uk/cdn/web-jobseeker-jobs/20260402.1/_next/static/chunks/framework-1ce91eb6f9ecda85.js:0:99036)
    at oF (https://resources.reed.co.uk/cdn/web-jobseeker-jobs/20260402.1/_next/static/chunks/framework-1ce91eb6f9ecda85.js:0:98906)
    at ow (https://resources.reed.co.uk/cdn/web-jobseeker-jobs/20260402.1/_next/static/chunks/framework-1ce91eb6f9ecda85.js:0:93979)
    at x (https://resources.reed.co.uk/cdn/web-jobseeker-jobs/20260402.1/_next/static/chunks/framework-1ce91eb6f9ecda85.js:0:130703)
    at T (https://resources.reed.co.uk/cdn/web-jobseeker-jobs/20260402.1/_next/static/chunks/framework-1ce91eb6f9ecda85.js:0:131233)
[   11660ms] Uncaught Error: Minified React error #418; visit https://reactjs.org/docs/error-decoder.html?invariant=418 for the full message or use the non-minified dev environment for full errors and additional helpful warnings.
    at lh (https://resources.reed.co.uk/cdn/web-jobseeker-jobs/20260402.1/_next/static/chunks/framework-1ce91eb6f9ecda85.js:0:46549)
    at i (https://resources.reed.co.uk/cdn/web-jobseeker-jobs/20260402.1/_next/static/chunks/framework-1ce91eb6f9ecda85.js:0:121052)
    at oM (https://resources.reed.co.uk/cdn/web-jobseeker-jobs/20260402.1/_next/static/chunks/framework-1ce91eb6f9ecda85.js:0:99036)
    at oF (https://resources.reed.co.uk/cdn/web-jobseeker-jobs/20260402.1/_next/static/chunks/framework-1ce91eb6f9ecda85.js:0:98906)
    at ow (https://resources.reed.co.uk/cdn/web-jobseeker-jobs/20260402.1/_next/static/chunks/framework-1ce91eb6f9ecda85.js:0:93979)
    at x (https://resources.reed.co.uk/cdn/web-jobseeker-jobs/20260402.1/_next/static/chunks/framework-1ce91eb6f9ecda85.js:0:130703)
    at T (https://resources.reed.co.uk/cdn/web-jobseeker-jobs/20260402.1/_next/static/chunks/framework-1ce91eb6f9ecda85.js:0:131233)
[   11660ms] Uncaught Error: Minified React error #418; visit https://reactjs.org/docs/error-decoder.html?invariant=418 for the full message or use the non-minified dev environment for full errors and additional helpful warnings.
    at lh (https://resources.reed.co.uk/cdn/web-jobseeker-jobs/20260402.1/_next/static/chunks/framework-1ce91eb6f9ecda85.js:0:46549)
    at i (https://resources.reed.co.uk/cdn/web-jobseeker-jobs/20260402.1/_next/static/chunks/framework-1ce91eb6f9ecda85.js:0:121052)
    at oM (https://resources.reed.co.uk/cdn/web-jobseeker-jobs/20260402.1/_next/static/chunks/framework-1ce91eb6f9ecda85.js:0:99036)
    at oF (https://resources.reed.co.uk/cdn/web-jobseeker-jobs/20260402.1/_next/static/chunks/framework-1ce91eb6f9ecda85.js:0:98906)
    at ow (https://resources.reed.co.uk/cdn/web-jobseeker-jobs/20260402.1/_next/static/chunks/framework-1ce91eb6f9ecda85.js:0:93979)
    at x (https://resources.reed.co.uk/cdn/web-jobseeker-jobs/20260402.1/_next/static/chunks/framework-1ce91eb6f9ecda85.js:0:130703)
    at T (https://resources.reed.co.uk/cdn/web-jobseeker-jobs/20260402.1/_next/static/chunks/framework-1ce91eb6f9ecda85.js:0:131233)
[   11660ms] Uncaught Error: Minified React error #418; visit https://reactjs.org/docs/error-decoder.html?invariant=418 for the full message or use the non-minified dev environment for full errors and additional helpful warnings.
    at lh (https://resources.reed.co.uk/cdn/web-jobseeker-jobs/20260402.1/_next/static/chunks/framework-1ce91eb6f9ecda85.js:0:46549)
    at i (https://resources.reed.co.uk/cdn/web-jobseeker-jobs/20260402.1/_next/static/chunks/framework-1ce91eb6f9ecda85.js:0:121052)
    at oM (https://resources.reed.co.uk/cdn/web-jobseeker-jobs/20260402.1/_next/static/chunks/framework-1ce91eb6f9ecda85.js:0:99036)
    at oF (https://resources.reed.co.uk/cdn/web-jobseeker-jobs/20260402.1/_next/static/chunks/framework-1ce91eb6f9ecda85.js:0:98906)
    at ow (https://resources.reed.co.uk/cdn/web-jobseeker-jobs/20260402.1/_next/static/chunks/framework-1ce91eb6f9ecda85.js:0:93979)
    at x (https://resources.reed.co.uk/cdn/web-jobseeker-jobs/20260402.1/_next/static/chunks/framework-1ce91eb6f9ecda85.js:0:130703)
    at T (https://resources.reed.co.uk/cdn/web-jobseeker-jobs/20260402.1/_next/static/chunks/framework-1ce91eb6f9ecda85.js:0:131233)
[   11661ms] Uncaught Error: Minified React error #418; visit https://reactjs.org/docs/error-decoder.html?invariant=418 for the full message or use the non-minified dev environment for full errors and additional helpful warnings.
    at lh (https://resources.reed.co.uk/cdn/web-jobseeker-jobs/20260402.1/_next/static/chunks/framework-1ce91eb6f9ecda85.js:0:46549)
    at i (https://resources.reed.co.uk/cdn/web-jobseeker-jobs/20260402.1/_next/static/chunks/framework-1ce91eb6f9ecda85.js:0:121052)
    at oM (https://resources.reed.co.uk/cdn/web-jobseeker-jobs/20260402.1/_next/static/chunks/framework-1ce91eb6f9ecda85.js:0:99036)
    at oF (https://resources.reed.co.uk/cdn/web-jobseeker-jobs/20260402.1/_next/static/chunks/framework-1ce91eb6f9ecda85.js:0:98906)
    at ow (https://resources.reed.co.uk/cdn/web-jobseeker-jobs/20260402.1/_next/static/chunks/framework-1ce91eb6f9ecda85.js:0:93979)
    at x (https://resources.reed.co.uk/cdn/web-jobseeker-jobs/20260402.1/_next/static/chunks/framework-1ce91eb6f9ecda85.js:0:130703)
    at T (https://resources.reed.co.uk/cdn/web-jobseeker-jobs/20260402.1/_next/static/chunks/framework-1ce91eb6f9ecda85.js:0:131233)
[   11661ms] Uncaught Error: Minified React error #418; visit https://reactjs.org/docs/error-decoder.html?invariant=418 for the full message or use the non-minified dev environment for full errors and additional helpful warnings.
    at lh (https://resources.reed.co.uk/cdn/web-jobseeker-jobs/20260402.1/_next/static/chunks/framework-1ce91eb6f9ecda85.js:0:46549)
    at i (https://resources.reed.co.uk/cdn/web-jobseeker-jobs/20260402.1/_next/static/chunks/framework-1ce91eb6f9ecda85.js:0:121052)
    at oM (https://resources.reed.co.uk/cdn/web-jobseeker-jobs/20260402.1/_next/static/chunks/framework-1ce91eb6f9ecda85.js:0:99036)
    at oF (https://resources.reed.co.uk/cdn/web-jobseeker-jobs/20260402.1/_next/static/chunks/framework-1ce91eb6f9ecda85.js:0:98906)
    at ow (https://resources.reed.co.uk/cdn/web-jobseeker-jobs/20260402.1/_next/static/chunks/framework-1ce91eb6f9ecda85.js:0:93979)
    at x (https://resources.reed.co.uk/cdn/web-jobseeker-jobs/20260402.1/_next/static/chunks/framework-1ce91eb6f9ecda85.js:0:130703)
    at T (https://resources.reed.co.uk/cdn/web-jobseeker-jobs/20260402.1/_next/static/chunks/framework-1ce91eb6f9ecda85.js:0:131233)
[   11662ms] Uncaught Error: Minified React error #418; visit https://reactjs.org/docs/error-decoder.html?invariant=418 for the full message or use the non-minified dev environment for full errors and additional helpful warnings.
    at lh (https://resources.reed.co.uk/cdn/web-jobseeker-jobs/20260402.1/_next/static/chunks/framework-1ce91eb6f9ecda85.js:0:46549)
    at i (https://resources.reed.co.uk/cdn/web-jobseeker-jobs/20260402.1/_next/static/chunks/framework-1ce91eb6f9ecda85.js:0:121052)
    at oM (https://resources.reed.co.uk/cdn/web-jobseeker-jobs/20260402.1/_next/static/chunks/framework-1ce91eb6f9ecda85.js:0:99036)
    at oF (https://resources.reed.co.uk/cdn/web-jobseeker-jobs/20260402.1/_next/static/chunks/framework-1ce91eb6f9ecda85.js:0:98906)
    at ow (https://resources.reed.co.uk/cdn/web-jobseeker-jobs/20260402.1/_next/static/chunks/framework-1ce91eb6f9ecda85.js:0:93979)
    at x (https://resources.reed.co.uk/cdn/web-jobseeker-jobs/20260402.1/_next/static/chunks/framework-1ce91eb6f9ecda85.js:0:130703)
    at T (https://resources.reed.co.uk/cdn/web-jobseeker-jobs/20260402.1/_next/static/chunks/framework-1ce91eb6f9ecda85.js:0:131233)
[   11662ms] Uncaught Error: Minified React error #418; visit https://reactjs.org/docs/error-decoder.html?invariant=418 for the full message or use the non-minified dev environment for full errors and additional helpful warnings.
    at lh (https://resources.reed.co.uk/cdn/web-jobseeker-jobs/20260402.1/_next/static/chunks/framework-1ce91eb6f9ecda85.js:0:46549)
    at i (https://resources.reed.co.uk/cdn/web-jobseeker-jobs/20260402.1/_next/static/chunks/framework-1ce91eb6f9ecda85.js:0:121052)
    at oM (https://resources.reed.co.uk/cdn/web-jobseeker-jobs/20260402.1/_next/static/chunks/framework-1ce91eb6f9ecda85.js:0:99036)
    at oF (https://resources.reed.co.uk/cdn/web-jobseeker-jobs/20260402.1/_next/static/chunks/framework-1ce91eb6f9ecda85.js:0:98906)
    at ow (https://resources.reed.co.uk/cdn/web-jobseeker-jobs/20260402.1/_next/static/chunks/framework-1ce91eb6f9ecda85.js:0:93979)
    at x (https://resources.reed.co.uk/cdn/web-jobseeker-jobs/20260402.1/_next/static/chunks/framework-1ce91eb6f9ecda85.js:0:130703)
    at T (https://resources.reed.co.uk/cdn/web-jobseeker-jobs/20260402.1/_next/static/chunks/framework-1ce91eb6f9ecda85.js:0:131233)
[   11662ms] Uncaught Error: Minified React error #418; visit https://reactjs.org/docs/error-decoder.html?invariant=418 for the full message or use the non-minified dev environment for full errors and additional helpful warnings.
    at lh (https://resources.reed.co.uk/cdn/web-jobseeker-jobs/20260402.1/_next/static/chunks/framework-1ce91eb6f9ecda85.js:0:46549)
    at i (https://resources.reed.co.uk/cdn/web-jobseeker-jobs/20260402.1/_next/static/chunks/framework-1ce91eb6f9ecda85.js:0:121052)
    at oM (https://resources.reed.co.uk/cdn/web-jobseeker-jobs/20260402.1/_next/static/chunks/framework-1ce91eb6f9ecda85.js:0:99036)
    at oF (https://resources.reed.co.uk/cdn/web-jobseeker-jobs/20260402.1/_next/static/chunks/framework-1ce91eb6f9ecda85.js:0:98906)
    at ow (https://resources.reed.co.uk/cdn/web-jobseeker-jobs/20260402.1/_next/static/chunks/framework-1ce91eb6f9ecda85.js:0:93979)
    at x (https://resources.reed.co.uk/cdn/web-jobseeker-jobs/20260402.1/_next/static/chunks/framework-1ce91eb6f9ecda85.js:0:130703)
    at T (https://resources.reed.co.uk/cdn/web-jobseeker-jobs/20260402.1/_next/static/chunks/framework-1ce91eb6f9ecda85.js:0:131233)
[   11662ms] Uncaught Error: Minified React error #418; visit https://reactjs.org/docs/error-decoder.html?invariant=418 for the full message or use the non-minified dev environment for full errors and additional helpful warnings.
    at lh (https://resources.reed.co.uk/cdn/web-jobseeker-jobs/20260402.1/_next/static/chunks/framework-1ce91eb6f9ecda85.js:0:46549)
    at i (https://resources.reed.co.uk/cdn/web-jobseeker-jobs/20260402.1/_next/static/chunks/framework-1ce91eb6f9ecda85.js:0:121052)
    at oM (https://resources.reed.co.uk/cdn/web-jobseeker-jobs/20260402.1/_next/static/chunks/framework-1ce91eb6f9ecda85.js:0:99036)
    at oF (https://resources.reed.co.uk/cdn/web-jobseeker-jobs/20260402.1/_next/static/chunks/framework-1ce91eb6f9ecda85.js:0:98906)
    at ow (https://resources.reed.co.uk/cdn/web-jobseeker-jobs/20260402.1/_next/static/chunks/framework-1ce91eb6f9ecda85.js:0:93979)
    at x (https://resources.reed.co.uk/cdn/web-jobseeker-jobs/20260402.1/_next/static/chunks/framework-1ce91eb6f9ecda85.js:0:130703)
    at T (https://resources.reed.co.uk/cdn/web-jobseeker-jobs/20260402.1/_next/static/chunks/framework-1ce91eb6f9ecda85.js:0:131233)
[   11663ms] Uncaught Error: Minified React error #418; visit https://reactjs.org/docs/error-decoder.html?invariant=418 for the full message or use the non-minified dev environment for full errors and additional helpful warnings.
    at lh (https://resources.reed.co.uk/cdn/web-jobseeker-jobs/20260402.1/_next/static/chunks/framework-1ce91eb6f9ecda85.js:0:46549)
    at i (https://resources.reed.co.uk/cdn/web-jobseeker-jobs/20260402.1/_next/static/chunks/framework-1ce91eb6f9ecda85.js:0:121052)
    at oM (https://resources.reed.co.uk/cdn/web-jobseeker-jobs/20260402.1/_next/static/chunks/framework-1ce91eb6f9ecda85.js:0:99036)
    at oF (https://resources.reed.co.uk/cdn/web-jobseeker-jobs/20260402.1/_next/static/chunks/framework-1ce91eb6f9ecda85.js:0:98906)
    at ow (https://resources.reed.co.uk/cdn/web-jobseeker-jobs/20260402.1/_next/static/chunks/framework-1ce91eb6f9ecda85.js:0:93979)
    at x (https://resources.reed.co.uk/cdn/web-jobseeker-jobs/20260402.1/_next/static/chunks/framework-1ce91eb6f9ecda85.js:0:130703)
    at T (https://resources.reed.co.uk/cdn/web-jobseeker-jobs/20260402.1/_next/static/chunks/framework-1ce91eb6f9ecda85.js:0:131233)
[   11663ms] Uncaught Error: Minified React error #418; visit https://reactjs.org/docs/error-decoder.html?invariant=418 for the full message or use the non-minified dev environment for full errors and additional helpful warnings.
    at lh (https://resources.reed.co.uk/cdn/web-jobseeker-jobs/20260402.1/_next/static/chunks/framework-1ce91eb6f9ecda85.js:0:46549)
    at i (https://resources.reed.co.uk/cdn/web-jobseeker-jobs/20260402.1/_next/static/chunks/framework-1ce91eb6f9ecda85.js:0:121052)
    at oM (https://resources.reed.co.uk/cdn/web-jobseeker-jobs/20260402.1/_next/static/chunks/framework-1ce91eb6f9ecda85.js:0:99036)
    at oF (https://resources.reed.co.uk/cdn/web-jobseeker-jobs/20260402.1/_next/static/chunks/framework-1ce91eb6f9ecda85.js:0:98906)
    at ow (https://resources.reed.co.uk/cdn/web-jobseeker-jobs/20260402.1/_next/static/chunks/framework-1ce91eb6f9ecda85.js:0:93979)
    at x (https://resources.reed.co.uk/cdn/web-jobseeker-jobs/20260402.1/_next/static/chunks/framework-1ce91eb6f9ecda85.js:0:130703)
    at T (https://resources.reed.co.uk/cdn/web-jobseeker-jobs/20260402.1/_next/static/chunks/framework-1ce91eb6f9ecda85.js:0:131233)
[   11663ms] Uncaught Error: Minified React error #418; visit https://reactjs.org/docs/error-decoder.html?invariant=418 for the full message or use the non-minified dev environment for full errors and additional helpful warnings.
    at lh (https://resources.reed.co.uk/cdn/web-jobseeker-jobs/20260402.1/_next/static/chunks/framework-1ce91eb6f9ecda85.js:0:46549)
    at i (https://resources.reed.co.uk/cdn/web-jobseeker-jobs/20260402.1/_next/static/chunks/framework-1ce91eb6f9ecda85.js:0:121052)
    at oM (https://resources.reed.co.uk/cdn/web-jobseeker-jobs/20260402.1/_next/static/chunks/framework-1ce91eb6f9ecda85.js:0:99036)
    at oF (https://resources.reed.co.uk/cdn/web-jobseeker-jobs/20260402.1/_next/static/chunks/framework-1ce91eb6f9ecda85.js:0:98906)
    at ow (https://resources.reed.co.uk/cdn/web-jobseeker-jobs/20260402.1/_next/static/chunks/framework-1ce91eb6f9ecda85.js:0:93979)
    at x (https://resources.reed.co.uk/cdn/web-jobseeker-jobs/20260402.1/_next/static/chunks/framework-1ce91eb6f9ecda85.js:0:130703)
    at T (https://resources.reed.co.uk/cdn/web-jobseeker-jobs/20260402.1/_next/static/chunks/framework-1ce91eb6f9ecda85.js:0:131233)
[   11663ms] Uncaught Error: Minified React error #418; visit https://reactjs.org/docs/error-decoder.html?invariant=418 for the full message or use the non-minified dev environment for full errors and additional helpful warnings.
    at lh (https://resources.reed.co.uk/cdn/web-jobseeker-jobs/20260402.1/_next/static/chunks/framework-1ce91eb6f9ecda85.js:0:46549)
    at i (https://resources.reed.co.uk/cdn/web-jobseeker-jobs/20260402.1/_next/static/chunks/framework-1ce91eb6f9ecda85.js:0:121052)
    at oM (https://resources.reed.co.uk/cdn/web-jobseeker-jobs/20260402.1/_next/static/chunks/framework-1ce91eb6f9ecda85.js:0:99036)
    at oF (https://resources.reed.co.uk/cdn/web-jobseeker-jobs/20260402.1/_next/static/chunks/framework-1ce91eb6f9ecda85.js:0:98906)
    at ow (https://resources.reed.co.uk/cdn/web-jobseeker-jobs/20260402.1/_next/static/chunks/framework-1ce91eb6f9ecda85.js:0:93979)
    at x (https://resources.reed.co.uk/cdn/web-jobseeker-jobs/20260402.1/_next/static/chunks/framework-1ce91eb6f9ecda85.js:0:130703)
    at T (https://resources.reed.co.uk/cdn/web-jobseeker-jobs/20260402.1/_next/static/chunks/framework-1ce91eb6f9ecda85.js:0:131233)
[   11664ms] Uncaught Error: Minified React error #418; visit https://reactjs.org/docs/error-decoder.html?invariant=418 for the full message or use the non-minified dev environment for full errors and additional helpful warnings.
    at lh (https://resources.reed.co.uk/cdn/web-jobseeker-jobs/20260402.1/_next/static/chunks/framework-1ce91eb6f9ecda85.js:0:46549)
    at i (https://resources.reed.co.uk/cdn/web-jobseeker-jobs/20260402.1/_next/static/chunks/framework-1ce91eb6f9ecda85.js:0:121052)
    at oM (https://resources.reed.co.uk/cdn/web-jobseeker-jobs/20260402.1/_next/static/chunks/framework-1ce91eb6f9ecda85.js:0:99036)
    at oF (https://resources.reed.co.uk/cdn/web-jobseeker-jobs/20260402.1/_next/static/chunks/framework-1ce91eb6f9ecda85.js:0:98906)
    at ow (https://resources.reed.co.uk/cdn/web-jobseeker-jobs/20260402.1/_next/static/chunks/framework-1ce91eb6f9ecda85.js:0:93979)
    at x (https://resources.reed.co.uk/cdn/web-jobseeker-jobs/20260402.1/_next/static/chunks/framework-1ce91eb6f9ecda85.js:0:130703)
    at T (https://resources.reed.co.uk/cdn/web-jobseeker-jobs/20260402.1/_next/static/chunks/framework-1ce91eb6f9ecda85.js:0:131233)
[   11664ms] Uncaught Error: Minified React error #418; visit https://reactjs.org/docs/error-decoder.html?invariant=418 for the full message or use the non-minified dev environment for full errors and additional helpful warnings.
    at lh (https://resources.reed.co.uk/cdn/web-jobseeker-jobs/20260402.1/_next/static/chunks/framework-1ce91eb6f9ecda85.js:0:46549)
    at i (https://resources.reed.co.uk/cdn/web-jobseeker-jobs/20260402.1/_next/static/chunks/framework-1ce91eb6f9ecda85.js:0:121052)
    at oM (https://resources.reed.co.uk/cdn/web-jobseeker-jobs/20260402.1/_next/static/chunks/framework-1ce91eb6f9ecda85.js:0:99036)
    at oF (https://resources.reed.co.uk/cdn/web-jobseeker-jobs/20260402.1/_next/static/chunks/framework-1ce91eb6f9ecda85.js:0:98906)
    at ow (https://resources.reed.co.uk/cdn/web-jobseeker-jobs/20260402.1/_next/static/chunks/framework-1ce91eb6f9ecda85.js:0:93979)
    at x (https://resources.reed.co.uk/cdn/web-jobseeker-jobs/20260402.1/_next/static/chunks/framework-1ce91eb6f9ecda85.js:0:130703)
    at T (https://resources.reed.co.uk/cdn/web-jobseeker-jobs/20260402.1/_next/static/chunks/framework-1ce91eb6f9ecda85.js:0:131233)
[   11664ms] Uncaught Error: Minified React error #418; visit https://reactjs.org/docs/error-decoder.html?invariant=418 for the full message or use the non-minified dev environment for full errors and additional helpful warnings.
    at lh (https://resources.reed.co.uk/cdn/web-jobseeker-jobs/20260402.1/_next/static/chunks/framework-1ce91eb6f9ecda85.js:0:46549)
    at i (https://resources.reed.co.uk/cdn/web-jobseeker-jobs/20260402.1/_next/static/chunks/framework-1ce91eb6f9ecda85.js:0:121052)
    at oM (https://resources.reed.co.uk/cdn/web-jobseeker-jobs/20260402.1/_next/static/chunks/framework-1ce91eb6f9ecda85.js:0:99036)
    at oF (https://resources.reed.co.uk/cdn/web-jobseeker-jobs/20260402.1/_next/static/chunks/framework-1ce91eb6f9ecda85.js:0:98906)
    at ow (https://resources.reed.co.uk/cdn/web-jobseeker-jobs/20260402.1/_next/static/chunks/framework-1ce91eb6f9ecda85.js:0:93979)
    at x (https://resources.reed.co.uk/cdn/web-jobseeker-jobs/20260402.1/_next/static/chunks/framework-1ce91eb6f9ecda85.js:0:130703)
    at T (https://resources.reed.co.uk/cdn/web-jobseeker-jobs/20260402.1/_next/static/chunks/framework-1ce91eb6f9ecda85.js:0:131233)
[   11665ms] Uncaught Error: Minified React error #418; visit https://reactjs.org/docs/error-decoder.html?invariant=418 for the full message or use the non-minified dev environment for full errors and additional helpful warnings.
    at lh (https://resources.reed.co.uk/cdn/web-jobseeker-jobs/20260402.1/_next/static/chunks/framework-1ce91eb6f9ecda85.js:0:46549)
    at i (https://resources.reed.co.uk/cdn/web-jobseeker-jobs/20260402.1/_next/static/chunks/framework-1ce91eb6f9ecda85.js:0:121052)
    at oM (https://resources.reed.co.uk/cdn/web-jobseeker-jobs/20260402.1/_next/static/chunks/framework-1ce91eb6f9ecda85.js:0:99036)
    at oF (https://resources.reed.co.uk/cdn/web-jobseeker-jobs/20260402.1/_next/static/chunks/framework-1ce91eb6f9ecda85.js:0:98906)
    at ow (https://resources.reed.co.uk/cdn/web-jobseeker-jobs/20260402.1/_next/static/chunks/framework-1ce91eb6f9ecda85.js:0:93979)
    at x (https://resources.reed.co.uk/cdn/web-jobseeker-jobs/20260402.1/_next/static/chunks/framework-1ce91eb6f9ecda85.js:0:130703)
    at T (https://resources.reed.co.uk/cdn/web-jobseeker-jobs/20260402.1/_next/static/chunks/framework-1ce91eb6f9ecda85.js:0:131233)
[   11665ms] Uncaught Error: Minified React error #418; visit https://reactjs.org/docs/error-decoder.html?invariant=418 for the full message or use the non-minified dev environment for full errors and additional helpful warnings.
    at lh (https://resources.reed.co.uk/cdn/web-jobseeker-jobs/20260402.1/_next/static/chunks/framework-1ce91eb6f9ecda85.js:0:46549)
    at i (https://resources.reed.co.uk/cdn/web-jobseeker-jobs/20260402.1/_next/static/chunks/framework-1ce91eb6f9ecda85.js:0:121052)
    at oM (https://resources.reed.co.uk/cdn/web-jobseeker-jobs/20260402.1/_next/static/chunks/framework-1ce91eb6f9ecda85.js:0:99036)
    at oF (https://resources.reed.co.uk/cdn/web-jobseeker-jobs/20260402.1/_next/static/chunks/framework-1ce91eb6f9ecda85.js:0:98906)
    at ow (https://resources.reed.co.uk/cdn/web-jobseeker-jobs/20260402.1/_next/static/chunks/framework-1ce91eb6f9ecda85.js:0:93979)
    at x (https://resources.reed.co.uk/cdn/web-jobseeker-jobs/20260402.1/_next/static/chunks/framework-1ce91eb6f9ecda85.js:0:130703)
    at T (https://resources.reed.co.uk/cdn/web-jobseeker-jobs/20260402.1/_next/static/chunks/framework-1ce91eb6f9ecda85.js:0:131233)
[   11665ms] Uncaught Error: Minified React error #418; visit https://reactjs.org/docs/error-decoder.html?invariant=418 for the full message or use the non-minified dev environment for full errors and additional helpful warnings.
    at lh (https://resources.reed.co.uk/cdn/web-jobseeker-jobs/20260402.1/_next/static/chunks/framework-1ce91eb6f9ecda85.js:0:46549)
    at i (https://resources.reed.co.uk/cdn/web-jobseeker-jobs/20260402.1/_next/static/chunks/framework-1ce91eb6f9ecda85.js:0:121052)
    at oM (https://resources.reed.co.uk/cdn/web-jobseeker-jobs/20260402.1/_next/static/chunks/framework-1ce91eb6f9ecda85.js:0:99036)
    at oF (https://resources.reed.co.uk/cdn/web-jobseeker-jobs/20260402.1/_next/static/chunks/framework-1ce91eb6f9ecda85.js:0:98906)
    at ow (https://resources.reed.co.uk/cdn/web-jobseeker-jobs/20260402.1/_next/static/chunks/framework-1ce91eb6f9ecda85.js:0:93979)
    at x (https://resources.reed.co.uk/cdn/web-jobseeker-jobs/20260402.1/_next/static/chunks/framework-1ce91eb6f9ecda85.js:0:130703)
    at T (https://resources.reed.co.uk/cdn/web-jobseeker-jobs/20260402.1/_next/static/chunks/framework-1ce91eb6f9ecda85.js:0:131233)
[   11665ms] Uncaught Error: Minified React error #418; visit https://reactjs.org/docs/error-decoder.html?invariant=418 for the full message or use the non-minified dev environment for full errors and additional helpful warnings.
    at lh (https://resources.reed.co.uk/cdn/web-jobseeker-jobs/20260402.1/_next/static/chunks/framework-1ce91eb6f9ecda85.js:0:46549)
    at i (https://resources.reed.co.uk/cdn/web-jobseeker-jobs/20260402.1/_next/static/chunks/framework-1ce91eb6f9ecda85.js:0:121052)
    at oM (https://resources.reed.co.uk/cdn/web-jobseeker-jobs/20260402.1/_next/static/chunks/framework-1ce91eb6f9ecda85.js:0:99036)
    at oF (https://resources.reed.co.uk/cdn/web-jobseeker-jobs/20260402.1/_next/static/chunks/framework-1ce91eb6f9ecda85.js:0:98906)
    at ow (https://resources.reed.co.uk/cdn/web-jobseeker-jobs/20260402.1/_next/static/chunks/framework-1ce91eb6f9ecda85.js:0:93979)
    at x (https://resources.reed.co.uk/cdn/web-jobseeker-jobs/20260402.1/_next/static/chunks/framework-1ce91eb6f9ecda85.js:0:130703)
    at T (https://resources.reed.co.uk/cdn/web-jobseeker-jobs/20260402.1/_next/static/chunks/framework-1ce91eb6f9ecda85.js:0:131233)
[   11666ms] Uncaught Error: Minified React error #418; visit https://reactjs.org/docs/error-decoder.html?invariant=418 for the full message or use the non-minified dev environment for full errors and additional helpful warnings.
    at lh (https://resources.reed.co.uk/cdn/web-jobseeker-jobs/20260402.1/_next/static/chunks/framework-1ce91eb6f9ecda85.js:0:46549)
    at i (https://resources.reed.co.uk/cdn/web-jobseeker-jobs/20260402.1/_next/static/chunks/framework-1ce91eb6f9ecda85.js:0:121052)
    at oM (https://resources.reed.co.uk/cdn/web-jobseeker-jobs/20260402.1/_next/static/chunks/framework-1ce91eb6f9ecda85.js:0:99036)
    at oF (https://resources.reed.co.uk/cdn/web-jobseeker-jobs/20260402.1/_next/static/chunks/framework-1ce91eb6f9ecda85.js:0:98906)
    at ow (https://resources.reed.co.uk/cdn/web-jobseeker-jobs/20260402.1/_next/static/chunks/framework-1ce91eb6f9ecda85.js:0:93979)
    at x (https://resources.reed.co.uk/cdn/web-jobseeker-jobs/20260402.1/_next/static/chunks/framework-1ce91eb6f9ecda85.js:0:130703)
    at T (https://resources.reed.co.uk/cdn/web-jobseeker-jobs/20260402.1/_next/static/chunks/framework-1ce91eb6f9ecda85.js:0:131233)
[   11666ms] Uncaught Error: Minified React error #423; visit https://reactjs.org/docs/error-decoder.html?invariant=423 for the full message or use the non-minified dev environment for full errors and additional helpful warnings.
    at i (https://resources.reed.co.uk/cdn/web-jobseeker-jobs/20260402.1/_next/static/chunks/framework-1ce91eb6f9ecda85.js:0:120711)
    at oM (https://resources.reed.co.uk/cdn/web-jobseeker-jobs/20260402.1/_next/static/chunks/framework-1ce91eb6f9ecda85.js:0:99036)
    at oF (https://resources.reed.co.uk/cdn/web-jobseeker-jobs/20260402.1/_next/static/chunks/framework-1ce91eb6f9ecda85.js:0:98906)
    at oS (https://resources.reed.co.uk/cdn/web-jobseeker-jobs/20260402.1/_next/static/chunks/framework-1ce91eb6f9ecda85.js:0:95677)
    at ow (https://resources.reed.co.uk/cdn/web-jobseeker-jobs/20260402.1/_next/static/chunks/framework-1ce91eb6f9ecda85.js:0:94232)
    at x (https://resources.reed.co.uk/cdn/web-jobseeker-jobs/20260402.1/_next/static/chunks/framework-1ce91eb6f9ecda85.js:0:130703)
    at T (https://resources.reed.co.uk/cdn/web-jobseeker-jobs/20260402.1/_next/static/chunks/framework-1ce91eb6f9ecda85.js:0:131233)
[   13626ms] [LOG] Visibility threshold pct=50, Visibility threshold ms = 0 @ https://tag.durationmedia.net/sites/11540/dm.js:0
[   13637ms] [LOG] Influent Media script loaded @ https://resources.reed.co.uk/cdn/web-jobseeker-jobs/20260402.1/_next/static/chunks/307-fdbeae25a91c3798.js:0
[   13678ms] [LOG] Influent Media script initialized @ https://resources.reed.co.uk/cdn/web-jobseeker-jobs/20260402.1/_next/static/chunks/307-fdbeae25a91c3798.js:0
[   13723ms] [INFO] [REFRESH PATCH] pubads.refresh patched @ https://cdn1.anonymised.io/light/loader.js?ref=gtm:0
[   14385ms] [LOG] Starting 3pc test @ https://static.anonm.io/light/check3pc.html:9
[   14389ms] [LOG] 3PC enabled: true @ https://static.anonm.io/light/check3pc.html:32
[   14390ms] [LOG] Storage API: cookie access granted @ https://static.anonm.io/light/check3pc.html:15
[   14397ms] [INFO] [REFRESH PATCH] Injecting targeting {key: AnonymisedSignalLift, value: 0} @ https://cdn1.anonymised.io/light/loader.js?ref=gtm:0
