[    2366ms] [WARNING] [OPTIMIZELY] - WARN  2026-03-26T11:12:09.353Z Invalid eventBatchSize undefined, defaulting to 10 @ https://www.totaljobs.com/static/lpca/social-auth-logout-script/main.js?v=2026-03-23:1
[    2367ms] [WARNING] [OPTIMIZELY] - WARN  2026-03-26T11:12:09.376Z Invalid eventFlushInterval undefined, defaulting to 1000 @ https://www.totaljobs.com/static/lpca/social-auth-logout-script/main.js?v=2026-03-23:1
[    2604ms] [WARNING] Disabling this snippet because Optimizely has already initialized on this page load. Are there multiple snippets on the page? @ https://www.totaljobs.com/optimizely-edge/20561852190.js:2
[    5597ms] [WARNING] [OPTIMIZELY] - WARN  2026-03-26T11:12:12.598Z Invalid eventBatchSize undefined, defaulting to 10 @ https://www.totaljobs.com/viewlets/searchbarrenderer/search-bar-renderer/uk/1_71_0__d3c02e3/vendors.af106491529af76777df.js:1
[    5598ms] [WARNING] [OPTIMIZELY] - WARN  2026-03-26T11:12:12.606Z Invalid eventFlushInterval undefined, defaulting to 1000 @ https://www.totaljobs.com/viewlets/searchbarrenderer/search-bar-renderer/uk/1_71_0__d3c02e3/vendors.af106491529af76777df.js:1
[    6584ms] [WARNING] Datadog Browser SDK: SDK is loaded more than once. This is unsupported and might have unexpected behavior. @ https://www.totaljobs.com/viewlets/res/resultlist-renderer/uk/1_383_0__4fbd6f501/unifiedResultlist.js:1
[    9718ms] Error: Minified React error #418; visit https://reactjs.org/docs/error-decoder.html?invariant=418 for the full message or use the non-minified dev environment for full errors and additional helpful warnings.
    at ui (https://www.totaljobs.com/viewlets/res/resultlist-renderer/uk/1_383_0__4fbd6f501/unifiedResultlist.js:2:494595)
    at wl (https://www.totaljobs.com/viewlets/res/resultlist-renderer/uk/1_383_0__4fbd6f501/unifiedResultlist.js:2:567403)
    at bc (https://www.totaljobs.com/viewlets/res/resultlist-renderer/uk/1_383_0__4fbd6f501/unifiedResultlist.js:2:554965)
    at yc (https://www.totaljobs.com/viewlets/res/resultlist-renderer/uk/1_383_0__4fbd6f501/unifiedResultlist.js:2:554893)
    at vc (https://www.totaljobs.com/viewlets/res/resultlist-renderer/uk/1_383_0__4fbd6f501/unifiedResultlist.js:2:554756)
    at ic (https://www.totaljobs.com/viewlets/res/resultlist-renderer/uk/1_383_0__4fbd6f501/unifiedResultlist.js:2:549921)
    at C (https://www.totaljobs.com/viewlets/res/resultlist-renderer/uk/1_383_0__4fbd6f501/unifiedResultlist.js:2:584732)
    at F (https://www.totaljobs.com/viewlets/res/resultlist-renderer/uk/1_383_0__4fbd6f501/unifiedResultlist.js:2:585264)
    at e.exports (https://www.totaljobs.com/sharedassets/@stepstone/react-redux-vendor-package-next/22.0.0/index.js:2:19882)
    at g.<computed> (https://www.totaljobs.com/sharedassets/@stepstone/react-redux-vendor-package-next/22.0.0/index.js:2:35098)
[    9719ms] Error: Minified React error #423; visit https://reactjs.org/docs/error-decoder.html?invariant=423 for the full message or use the non-minified dev environment for full errors and additional helpful warnings.
    at wl (https://www.totaljobs.com/viewlets/res/resultlist-renderer/uk/1_383_0__4fbd6f501/unifiedResultlist.js:2:567089)
    at bc (https://www.totaljobs.com/viewlets/res/resultlist-renderer/uk/1_383_0__4fbd6f501/unifiedResultlist.js:2:554965)
    at yc (https://www.totaljobs.com/viewlets/res/resultlist-renderer/uk/1_383_0__4fbd6f501/unifiedResultlist.js:2:554893)
    at vc (https://www.totaljobs.com/viewlets/res/resultlist-renderer/uk/1_383_0__4fbd6f501/unifiedResultlist.js:2:554756)
    at ac (https://www.totaljobs.com/viewlets/res/resultlist-renderer/uk/1_383_0__4fbd6f501/unifiedResultlist.js:2:551591)
    at ic (https://www.totaljobs.com/viewlets/res/resultlist-renderer/uk/1_383_0__4fbd6f501/unifiedResultlist.js:2:550147)
    at C (https://www.totaljobs.com/viewlets/res/resultlist-renderer/uk/1_383_0__4fbd6f501/unifiedResultlist.js:2:584732)
    at F (https://www.totaljobs.com/viewlets/res/resultlist-renderer/uk/1_383_0__4fbd6f501/unifiedResultlist.js:2:585264)
    at e.exports (https://www.totaljobs.com/sharedassets/@stepstone/react-redux-vendor-package-next/22.0.0/index.js:2:19882)
    at g.<computed> (https://www.totaljobs.com/sharedassets/@stepstone/react-redux-vendor-package-next/22.0.0/index.js:2:35098)
[   16095ms] [WARNING] [Meta Pixel] - Duplicate Pixel ID: 665267016975562. @ https://connect.facebook.net/en_US/fbevents.js:175
[   17088ms] [ERROR] Failed to load resource: net::ERR_CONNECTION_RESET @ https://bat.bing.net/actionp/0?ti=5036283&Ver=2&mid=3c54e766-f52f-4790-9124-cc4c98a150d4&bo=1&evt=consent&src=default&cdb=AQwT&asc=D:0
[   17098ms] [ERROR] Attestation check for Attribution Reporting on https://www.facebook.com failed. @ https://www.totaljobs.com/jobs/it-support/in-london?postedWithin=1&jobTypes=permanent%2Ccontract:0
[   17098ms] [ERROR] Attestation check for Attribution Reporting on https://www.facebook.com failed. @ https://www.totaljobs.com/jobs/it-support/in-london?postedWithin=1&jobTypes=permanent%2Ccontract:0
