[     828ms] [WARNING] [OPTIMIZELY] - WARN  2026-03-26T00:33:29.978Z Invalid eventBatchSize undefined, defaulting to 10 @ https://www.totaljobs.com/static/lpca/social-auth-logout-script/main.js?v=2026-03-23:1
[     828ms] [WARNING] [OPTIMIZELY] - WARN  2026-03-26T00:33:29.979Z Invalid eventFlushInterval undefined, defaulting to 1000 @ https://www.totaljobs.com/static/lpca/social-auth-logout-script/main.js?v=2026-03-23:1
[    1011ms] [WARNING] Disabling this snippet because Optimizely has already initialized on this page load. Are there multiple snippets on the page? @ https://www.totaljobs.com/optimizely-edge/20561852190.js:2
[    1835ms] [WARNING] [OPTIMIZELY] - WARN  2026-03-26T00:33:30.985Z Invalid eventBatchSize undefined, defaulting to 10 @ https://www.totaljobs.com/viewlets/searchbarrenderer/search-bar-renderer/uk/1_71_0__d3c02e3/vendors.af106491529af76777df.js:1
[    1836ms] [WARNING] [OPTIMIZELY] - WARN  2026-03-26T00:33:30.986Z Invalid eventFlushInterval undefined, defaulting to 1000 @ https://www.totaljobs.com/viewlets/searchbarrenderer/search-bar-renderer/uk/1_71_0__d3c02e3/vendors.af106491529af76777df.js:1
[    2141ms] [WARNING] Datadog Browser SDK: SDK is loaded more than once. This is unsupported and might have unexpected behavior. @ https://www.totaljobs.com/static/ld/job-ad-display/732-5b534f846661efa34dd3.js?a530840429f56731c414:1
[    2254ms] [ERROR] Datadog Browser SDK: DD_LOGS is already initialized. @ https://www.totaljobs.com/static/ld/job-ad-display/732-5b534f846661efa34dd3.js?a530840429f56731c414:1
[    2320ms] [WARNING] Datadog Browser SDK: SDK is loaded more than once. This is unsupported and might have unexpected behavior. @ https://www.totaljobs.com/static/cbc-garland/recom/recommender-widget/reco-477-1ba645127fb4f29bc5c3-5942beb.js?2675ca99e905bfe32db1:1
[    3544ms] Error: Minified React error #425; visit https://reactjs.org/docs/error-decoder.html?invariant=425 for the full message or use the non-minified dev environment for full errors and additional helpful warnings.
    at Qr (https://www.totaljobs.com/static/cbc-garland/recom/recommender-widget/reco-477-1ba645127fb4f29bc5c3-5942beb.js?2675ca99e905bfe32db1:2:184594)
    at Xs (https://www.totaljobs.com/static/cbc-garland/recom/recommender-widget/reco-477-1ba645127fb4f29bc5c3-5942beb.js?2675ca99e905bfe32db1:2:225824)
    at Su (https://www.totaljobs.com/static/cbc-garland/recom/recommender-widget/reco-477-1ba645127fb4f29bc5c3-5942beb.js?2675ca99e905bfe32db1:2:249971)
    at wu (https://www.totaljobs.com/static/cbc-garland/recom/recommender-widget/reco-477-1ba645127fb4f29bc5c3-5942beb.js?2675ca99e905bfe32db1:2:249711)
    at bu (https://www.totaljobs.com/static/cbc-garland/recom/recommender-widget/reco-477-1ba645127fb4f29bc5c3-5942beb.js?2675ca99e905bfe32db1:2:249578)
    at vu (https://www.totaljobs.com/static/cbc-garland/recom/recommender-widget/reco-477-1ba645127fb4f29bc5c3-5942beb.js?2675ca99e905bfe32db1:2:249441)
    at au (https://www.totaljobs.com/static/cbc-garland/recom/recommender-widget/reco-477-1ba645127fb4f29bc5c3-5942beb.js?2675ca99e905bfe32db1:2:244606)
    at E (https://www.totaljobs.com/static/cbc-garland/recom/recommender-widget/reco-477-1ba645127fb4f29bc5c3-5942beb.js?2675ca99e905bfe32db1:2:621416)
    at O (https://www.totaljobs.com/static/cbc-garland/recom/recommender-widget/reco-477-1ba645127fb4f29bc5c3-5942beb.js?2675ca99e905bfe32db1:2:621948)
    at e.exports (https://www.totaljobs.com/sharedassets/@stepstone/react-redux-vendor-package-next/22.0.0/index.js:2:19882)
[    3546ms] Error: Minified React error #423; visit https://reactjs.org/docs/error-decoder.html?invariant=423 for the full message or use the non-minified dev environment for full errors and additional helpful warnings.
    at kl (https://www.totaljobs.com/static/cbc-garland/recom/recommender-widget/reco-477-1ba645127fb4f29bc5c3-5942beb.js?2675ca99e905bfe32db1:2:261774)
    at wu (https://www.totaljobs.com/static/cbc-garland/recom/recommender-widget/reco-477-1ba645127fb4f29bc5c3-5942beb.js?2675ca99e905bfe32db1:2:249650)
    at bu (https://www.totaljobs.com/static/cbc-garland/recom/recommender-widget/reco-477-1ba645127fb4f29bc5c3-5942beb.js?2675ca99e905bfe32db1:2:249578)
    at vu (https://www.totaljobs.com/static/cbc-garland/recom/recommender-widget/reco-477-1ba645127fb4f29bc5c3-5942beb.js?2675ca99e905bfe32db1:2:249441)
    at su (https://www.totaljobs.com/static/cbc-garland/recom/recommender-widget/reco-477-1ba645127fb4f29bc5c3-5942beb.js?2675ca99e905bfe32db1:2:246276)
    at au (https://www.totaljobs.com/static/cbc-garland/recom/recommender-widget/reco-477-1ba645127fb4f29bc5c3-5942beb.js?2675ca99e905bfe32db1:2:244832)
    at E (https://www.totaljobs.com/static/cbc-garland/recom/recommender-widget/reco-477-1ba645127fb4f29bc5c3-5942beb.js?2675ca99e905bfe32db1:2:621416)
    at O (https://www.totaljobs.com/static/cbc-garland/recom/recommender-widget/reco-477-1ba645127fb4f29bc5c3-5942beb.js?2675ca99e905bfe32db1:2:621948)
    at e.exports (https://www.totaljobs.com/sharedassets/@stepstone/react-redux-vendor-package-next/22.0.0/index.js:2:19882)
    at g.<computed> (https://www.totaljobs.com/sharedassets/@stepstone/react-redux-vendor-package-next/22.0.0/index.js:2:35098)
[    3908ms] [ERROR] Failed to load resource: the server responded with a status of 404 () @ https://www.totaljobs.com/premium/api/v1/candidate/subscription/status:0
[    7311ms] Uncaught The pagetype parameter is required when you include the prodid parameter.
    at UET.throwError (https://bat.bing.com/bat.js:0:26126)
    at UET.validateDataObjectNew (https://bat.bing.com/bat.js:0:31565)
    at UET.evt (https://bat.bing.com/bat.js:0:35110)
    at UET._push (https://bat.bing.com/bat.js:0:16964)
    at UET.checkuetHostdocumentload (https://bat.bing.com/bat.js:0:7903)
    at UET.containerCheckLoad (https://bat.bing.com/bat.js:0:54229)
    at UET.containerOnLoad (https://bat.bing.com/bat.js:0:53968)
[    8036ms] [WARNING] [Meta Pixel] - Duplicate Pixel ID: 665267016975562. @ https://connect.facebook.net/en_US/fbevents.js:175
[    8774ms] [ERROR] Attestation check for Attribution Reporting on https://www.facebook.com failed. @ https://www.totaljobs.com/job/it-support-engineer/asset-resourcing-job106990563:0
[    8774ms] [ERROR] Attestation check for Attribution Reporting on https://www.facebook.com failed. @ https://www.totaljobs.com/job/it-support-engineer/asset-resourcing-job106990563:0
[    8774ms] [ERROR] Attestation check for Attribution Reporting on https://www.facebook.com failed. @ https://www.totaljobs.com/job/it-support-engineer/asset-resourcing-job106990563:0
[    8774ms] [ERROR] Attestation check for Attribution Reporting on https://www.facebook.com failed. @ https://www.totaljobs.com/job/it-support-engineer/asset-resourcing-job106990563:0
[    8774ms] [ERROR] Attestation check for Attribution Reporting on https://www.facebook.com failed. @ https://www.totaljobs.com/job/it-support-engineer/asset-resourcing-job106990563:0
[   39865ms] [WARNING] [OPTIMIZELY] - WARN  2026-03-26T00:34:09.015Z Invalid eventBatchSize undefined, defaulting to 10 @ https://www.totaljobs.com/static/lpca/social-auth-logout-script/main.js?v=2026-03-23:1
[   39866ms] [WARNING] [OPTIMIZELY] - WARN  2026-03-26T00:34:09.016Z Invalid eventFlushInterval undefined, defaulting to 1000 @ https://www.totaljobs.com/static/lpca/social-auth-logout-script/main.js?v=2026-03-23:1
[   40247ms] [WARNING] Datadog Browser SDK: SDK is loaded more than once. This is unsupported and might have unexpected behavior. @ https://www.totaljobs.com/application/process-renderer/assets/main.e8011ca9474037069869.js:1
[   44802ms] [WARNING] [Meta Pixel] - Duplicate Pixel ID: 665267016975562. @ https://connect.facebook.net/en_US/fbevents.js:175
[   44879ms] Uncaught The pagetype parameter is required when you include the prodid parameter.
    at UET.throwError (https://bat.bing.com/bat.js:0:26126)
    at UET.validateDataObjectNew (https://bat.bing.com/bat.js:0:31565)
    at UET.evt (https://bat.bing.com/bat.js:0:35110)
    at UET._push (https://bat.bing.com/bat.js:0:16964)
    at UET.checkuetHostdocumentload (https://bat.bing.com/bat.js:0:7903)
    at <anonymous> (https://bat.bing.com/bat.js:0:8194)
[   45207ms] SyntaxError: Failed to execute 'json' on 'Response': Unexpected end of JSON input
    at s (https://www.totaljobs.com/application/process-renderer/assets/main.e8011ca9474037069869.js:2:231989)
[   45458ms] [ERROR] Attestation check for Attribution Reporting on https://www.facebook.com failed. @ https://www.totaljobs.com/job/a6f34ebf-64d7-44ef-858a-7d6efe5302be/application/dynamic-apply?workflow=SingleApply&locale=en_GB:0
[   45458ms] [ERROR] Attestation check for Attribution Reporting on https://www.facebook.com failed. @ https://www.totaljobs.com/job/a6f34ebf-64d7-44ef-858a-7d6efe5302be/application/dynamic-apply?workflow=SingleApply&locale=en_GB:0
[   45459ms] [ERROR] Attestation check for Attribution Reporting on https://www.facebook.com failed. @ https://www.totaljobs.com/job/a6f34ebf-64d7-44ef-858a-7d6efe5302be/application/dynamic-apply?workflow=SingleApply&locale=en_GB:0
[   45461ms] [ERROR] Attestation check for Attribution Reporting on https://www.facebook.com failed. @ https://www.totaljobs.com/job/a6f34ebf-64d7-44ef-858a-7d6efe5302be/application/dynamic-apply?workflow=SingleApply&locale=en_GB:0
[   48944ms] [WARNING] The resource https://www.totaljobs.com/application/process-renderer/assets/app.6b8f4100bd128908701c.js was preloaded using link preload but not used within a few seconds from the window's load event. Please make sure it has an appropriate `as` value and it is preloaded intentionally. @ https://www.totaljobs.com/job/a6f34ebf-64d7-44ef-858a-7d6efe5302be/application/dynamic-apply?workflow=SingleApply&locale=en_GB:0
[   73001ms] [WARNING] The resource https://www.totaljobs.com/application/process-renderer/assets/app.6b8f4100bd128908701c.js was preloaded using link preload but not used within a few seconds from the window's load event. Please make sure it has an appropriate `as` value and it is preloaded intentionally. @ https://www.totaljobs.com/job/a6f34ebf-64d7-44ef-858a-7d6efe5302be/application/dynamic-apply?workflow=SingleApply&locale=en_GB:0
[   78284ms] [WARNING] The resource https://www.totaljobs.com/application/process-renderer/assets/app.6b8f4100bd128908701c.js was preloaded using link preload but not used within a few seconds from the window's load event. Please make sure it has an appropriate `as` value and it is preloaded intentionally. @ https://www.totaljobs.com/job/a6f34ebf-64d7-44ef-858a-7d6efe5302be/application/dynamic-apply?workflow=SingleApply&locale=en_GB:0
[  269430ms] [WARNING] The resource https://www.totaljobs.com/application/process-renderer/assets/app.6b8f4100bd128908701c.js was preloaded using link preload but not used within a few seconds from the window's load event. Please make sure it has an appropriate `as` value and it is preloaded intentionally. @ https://www.totaljobs.com/job/a6f34ebf-64d7-44ef-858a-7d6efe5302be/application/dynamic-apply?workflow=SingleApply&locale=en_GB:0
[  318804ms] [WARNING] The resource https://www.totaljobs.com/application/process-renderer/assets/app.6b8f4100bd128908701c.js was preloaded using link preload but not used within a few seconds from the window's load event. Please make sure it has an appropriate `as` value and it is preloaded intentionally. @ https://www.totaljobs.com/job/a6f34ebf-64d7-44ef-858a-7d6efe5302be/application/dynamic-apply?workflow=SingleApply&locale=en_GB:0
[  324116ms] [WARNING] The resource https://www.totaljobs.com/application/process-renderer/assets/app.6b8f4100bd128908701c.js was preloaded using link preload but not used within a few seconds from the window's load event. Please make sure it has an appropriate `as` value and it is preloaded intentionally. @ https://www.totaljobs.com/job/a6f34ebf-64d7-44ef-858a-7d6efe5302be/application/dynamic-apply?workflow=SingleApply&locale=en_GB:0
[  330269ms] [WARNING] The resource https://www.totaljobs.com/application/process-renderer/assets/app.6b8f4100bd128908701c.js was preloaded using link preload but not used within a few seconds from the window's load event. Please make sure it has an appropriate `as` value and it is preloaded intentionally. @ https://www.totaljobs.com/job/a6f34ebf-64d7-44ef-858a-7d6efe5302be/application/dynamic-apply?workflow=SingleApply&locale=en_GB:0
[  345659ms] [WARNING] The resource https://www.totaljobs.com/application/process-renderer/assets/app.6b8f4100bd128908701c.js was preloaded using link preload but not used within a few seconds from the window's load event. Please make sure it has an appropriate `as` value and it is preloaded intentionally. @ https://www.totaljobs.com/job/a6f34ebf-64d7-44ef-858a-7d6efe5302be/application/dynamic-apply?workflow=SingleApply&locale=en_GB:0
[  351175ms] [WARNING] The resource https://www.totaljobs.com/application/process-renderer/assets/app.6b8f4100bd128908701c.js was preloaded using link preload but not used within a few seconds from the window's load event. Please make sure it has an appropriate `as` value and it is preloaded intentionally. @ https://www.totaljobs.com/job/a6f34ebf-64d7-44ef-858a-7d6efe5302be/application/dynamic-apply?workflow=SingleApply&locale=en_GB:0
[  355592ms] [WARNING] The resource https://www.totaljobs.com/application/process-renderer/assets/app.6b8f4100bd128908701c.js was preloaded using link preload but not used within a few seconds from the window's load event. Please make sure it has an appropriate `as` value and it is preloaded intentionally. @ https://www.totaljobs.com/job/a6f34ebf-64d7-44ef-858a-7d6efe5302be/application/dynamic-apply?workflow=SingleApply&locale=en_GB:0
[  361431ms] [WARNING] The resource https://www.totaljobs.com/application/process-renderer/assets/app.6b8f4100bd128908701c.js was preloaded using link preload but not used within a few seconds from the window's load event. Please make sure it has an appropriate `as` value and it is preloaded intentionally. @ https://www.totaljobs.com/job/a6f34ebf-64d7-44ef-858a-7d6efe5302be/application/dynamic-apply?workflow=SingleApply&locale=en_GB:0
[  364911ms] [WARNING] [OPTIMIZELY] - WARN  2026-03-26T00:39:34.061Z Invalid eventBatchSize undefined, defaulting to 10 @ https://www.totaljobs.com/static/lpca/social-auth-logout-script/main.js?v=2026-03-23:1
[  364912ms] [WARNING] [OPTIMIZELY] - WARN  2026-03-26T00:39:34.062Z Invalid eventFlushInterval undefined, defaulting to 1000 @ https://www.totaljobs.com/static/lpca/social-auth-logout-script/main.js?v=2026-03-23:1
[  366038ms] [WARNING] Datadog Browser SDK: SDK is loaded more than once. This is unsupported and might have unexpected behavior. @ https://www.totaljobs.com/application/process-renderer/assets/confirmation.1014290052c280cc8044.js:1
[  369650ms] Uncaught The pagetype parameter is required when you include the prodid parameter.
    at UET.throwError (https://bat.bing.com/bat.js:0:26126)
    at UET.validateDataObjectNew (https://bat.bing.com/bat.js:0:31565)
    at UET.evt (https://bat.bing.com/bat.js:0:35110)
    at UET._push (https://bat.bing.com/bat.js:0:16964)
    at UET.checkuetHostdocumentload (https://bat.bing.com/bat.js:0:7903)
    at <anonymous> (https://bat.bing.com/bat.js:0:8194)
[  371864ms] [WARNING] [Meta Pixel] - Duplicate Pixel ID: 665267016975562. @ https://connect.facebook.net/en_US/fbevents.js:175
[  372059ms] [WARNING] The resource https://www.totaljobs.com/sharedassets/@stepstone-genesis/fonts/core/Relative-Bold-Pro.woff2 was preloaded using link preload but not used within a few seconds from the window's load event. Please make sure it has an appropriate `as` value and it is preloaded intentionally. @ https://www.totaljobs.com/job/a6f34ebf-64d7-44ef-858a-7d6efe5302be/application/confirmation/success?userFlow=Single&locale=en_GB&applicationId=6dc44cf6-1f64-4a8c-b9cd-25eb2f1d5c86:0
[  372059ms] [WARNING] The resource https://www.totaljobs.com/sharedassets/@stepstone-genesis/fonts/core/Relative-Medium-Pro.woff2 was preloaded using link preload but not used within a few seconds from the window's load event. Please make sure it has an appropriate `as` value and it is preloaded intentionally. @ https://www.totaljobs.com/job/a6f34ebf-64d7-44ef-858a-7d6efe5302be/application/confirmation/success?userFlow=Single&locale=en_GB&applicationId=6dc44cf6-1f64-4a8c-b9cd-25eb2f1d5c86:0
[  372060ms] [WARNING] The resource https://www.totaljobs.com/sharedassets/@stepstone-genesis/fonts/core/Relative-Book-Pro.woff2 was preloaded using link preload but not used within a few seconds from the window's load event. Please make sure it has an appropriate `as` value and it is preloaded intentionally. @ https://www.totaljobs.com/job/a6f34ebf-64d7-44ef-858a-7d6efe5302be/application/confirmation/success?userFlow=Single&locale=en_GB&applicationId=6dc44cf6-1f64-4a8c-b9cd-25eb2f1d5c86:0
[  372060ms] [WARNING] The resource https://www.totaljobs.com/sharedassets/@stepstone-genesis/fonts/core/fonts.css was preloaded using link preload but not used within a few seconds from the window's load event. Please make sure it has an appropriate `as` value and it is preloaded intentionally. @ https://www.totaljobs.com/job/a6f34ebf-64d7-44ef-858a-7d6efe5302be/application/confirmation/success?userFlow=Single&locale=en_GB&applicationId=6dc44cf6-1f64-4a8c-b9cd-25eb2f1d5c86:0
[  372217ms] [ERROR] Attestation check for Attribution Reporting on https://www.facebook.com failed. @ https://www.totaljobs.com/job/a6f34ebf-64d7-44ef-858a-7d6efe5302be/application/confirmation/success?userFlow=Single&locale=en_GB&applicationId=6dc44cf6-1f64-4a8c-b9cd-25eb2f1d5c86:0
[  372218ms] [ERROR] Attestation check for Attribution Reporting on https://www.facebook.com failed. @ https://www.totaljobs.com/job/a6f34ebf-64d7-44ef-858a-7d6efe5302be/application/confirmation/success?userFlow=Single&locale=en_GB&applicationId=6dc44cf6-1f64-4a8c-b9cd-25eb2f1d5c86:0
[  376262ms] [WARNING] The resource https://www.totaljobs.com/sharedassets/@stepstone-genesis/fonts/core/Relative-Bold-Pro.woff2 was preloaded using link preload but not used within a few seconds from the window's load event. Please make sure it has an appropriate `as` value and it is preloaded intentionally. @ https://www.totaljobs.com/job/a6f34ebf-64d7-44ef-858a-7d6efe5302be/application/confirmation/success?userFlow=Single&locale=en_GB&applicationId=6dc44cf6-1f64-4a8c-b9cd-25eb2f1d5c86:0
[  376262ms] [WARNING] The resource https://www.totaljobs.com/sharedassets/@stepstone-genesis/fonts/core/Relative-Medium-Pro.woff2 was preloaded using link preload but not used within a few seconds from the window's load event. Please make sure it has an appropriate `as` value and it is preloaded intentionally. @ https://www.totaljobs.com/job/a6f34ebf-64d7-44ef-858a-7d6efe5302be/application/confirmation/success?userFlow=Single&locale=en_GB&applicationId=6dc44cf6-1f64-4a8c-b9cd-25eb2f1d5c86:0
[  376262ms] [WARNING] The resource https://www.totaljobs.com/sharedassets/@stepstone-genesis/fonts/core/Relative-Book-Pro.woff2 was preloaded using link preload but not used within a few seconds from the window's load event. Please make sure it has an appropriate `as` value and it is preloaded intentionally. @ https://www.totaljobs.com/job/a6f34ebf-64d7-44ef-858a-7d6efe5302be/application/confirmation/success?userFlow=Single&locale=en_GB&applicationId=6dc44cf6-1f64-4a8c-b9cd-25eb2f1d5c86:0
[  376262ms] [WARNING] The resource https://www.totaljobs.com/sharedassets/@stepstone-genesis/fonts/core/fonts.css was preloaded using link preload but not used within a few seconds from the window's load event. Please make sure it has an appropriate `as` value and it is preloaded intentionally. @ https://www.totaljobs.com/job/a6f34ebf-64d7-44ef-858a-7d6efe5302be/application/confirmation/success?userFlow=Single&locale=en_GB&applicationId=6dc44cf6-1f64-4a8c-b9cd-25eb2f1d5c86:0
[  398105ms] [WARNING] The resource https://www.totaljobs.com/sharedassets/@stepstone-genesis/fonts/core/Relative-Bold-Pro.woff2 was preloaded using link preload but not used within a few seconds from the window's load event. Please make sure it has an appropriate `as` value and it is preloaded intentionally. @ https://www.totaljobs.com/job/a6f34ebf-64d7-44ef-858a-7d6efe5302be/application/confirmation/success?userFlow=Single&locale=en_GB&applicationId=6dc44cf6-1f64-4a8c-b9cd-25eb2f1d5c86:0
[  398105ms] [WARNING] The resource https://www.totaljobs.com/sharedassets/@stepstone-genesis/fonts/core/Relative-Medium-Pro.woff2 was preloaded using link preload but not used within a few seconds from the window's load event. Please make sure it has an appropriate `as` value and it is preloaded intentionally. @ https://www.totaljobs.com/job/a6f34ebf-64d7-44ef-858a-7d6efe5302be/application/confirmation/success?userFlow=Single&locale=en_GB&applicationId=6dc44cf6-1f64-4a8c-b9cd-25eb2f1d5c86:0
[  398105ms] [WARNING] The resource https://www.totaljobs.com/sharedassets/@stepstone-genesis/fonts/core/Relative-Book-Pro.woff2 was preloaded using link preload but not used within a few seconds from the window's load event. Please make sure it has an appropriate `as` value and it is preloaded intentionally. @ https://www.totaljobs.com/job/a6f34ebf-64d7-44ef-858a-7d6efe5302be/application/confirmation/success?userFlow=Single&locale=en_GB&applicationId=6dc44cf6-1f64-4a8c-b9cd-25eb2f1d5c86:0
[  398105ms] [WARNING] The resource https://www.totaljobs.com/sharedassets/@stepstone-genesis/fonts/core/fonts.css was preloaded using link preload but not used within a few seconds from the window's load event. Please make sure it has an appropriate `as` value and it is preloaded intentionally. @ https://www.totaljobs.com/job/a6f34ebf-64d7-44ef-858a-7d6efe5302be/application/confirmation/success?userFlow=Single&locale=en_GB&applicationId=6dc44cf6-1f64-4a8c-b9cd-25eb2f1d5c86:0
[  407328ms] [WARNING] The resource https://www.totaljobs.com/sharedassets/@stepstone-genesis/fonts/core/Relative-Bold-Pro.woff2 was preloaded using link preload but not used within a few seconds from the window's load event. Please make sure it has an appropriate `as` value and it is preloaded intentionally. @ https://www.totaljobs.com/job/a6f34ebf-64d7-44ef-858a-7d6efe5302be/application/confirmation/success?userFlow=Single&locale=en_GB&applicationId=6dc44cf6-1f64-4a8c-b9cd-25eb2f1d5c86:0
[  407329ms] [WARNING] The resource https://www.totaljobs.com/sharedassets/@stepstone-genesis/fonts/core/Relative-Medium-Pro.woff2 was preloaded using link preload but not used within a few seconds from the window's load event. Please make sure it has an appropriate `as` value and it is preloaded intentionally. @ https://www.totaljobs.com/job/a6f34ebf-64d7-44ef-858a-7d6efe5302be/application/confirmation/success?userFlow=Single&locale=en_GB&applicationId=6dc44cf6-1f64-4a8c-b9cd-25eb2f1d5c86:0
[  407329ms] [WARNING] The resource https://www.totaljobs.com/sharedassets/@stepstone-genesis/fonts/core/Relative-Book-Pro.woff2 was preloaded using link preload but not used within a few seconds from the window's load event. Please make sure it has an appropriate `as` value and it is preloaded intentionally. @ https://www.totaljobs.com/job/a6f34ebf-64d7-44ef-858a-7d6efe5302be/application/confirmation/success?userFlow=Single&locale=en_GB&applicationId=6dc44cf6-1f64-4a8c-b9cd-25eb2f1d5c86:0
[  407329ms] [WARNING] The resource https://www.totaljobs.com/sharedassets/@stepstone-genesis/fonts/core/fonts.css was preloaded using link preload but not used within a few seconds from the window's load event. Please make sure it has an appropriate `as` value and it is preloaded intentionally. @ https://www.totaljobs.com/job/a6f34ebf-64d7-44ef-858a-7d6efe5302be/application/confirmation/success?userFlow=Single&locale=en_GB&applicationId=6dc44cf6-1f64-4a8c-b9cd-25eb2f1d5c86:0
[  468572ms] [WARNING] The resource https://www.totaljobs.com/sharedassets/@stepstone-genesis/fonts/core/Relative-Bold-Pro.woff2 was preloaded using link preload but not used within a few seconds from the window's load event. Please make sure it has an appropriate `as` value and it is preloaded intentionally. @ https://www.totaljobs.com/job/a6f34ebf-64d7-44ef-858a-7d6efe5302be/application/confirmation/success?userFlow=Single&locale=en_GB&applicationId=6dc44cf6-1f64-4a8c-b9cd-25eb2f1d5c86:0
[  468572ms] [WARNING] The resource https://www.totaljobs.com/sharedassets/@stepstone-genesis/fonts/core/Relative-Medium-Pro.woff2 was preloaded using link preload but not used within a few seconds from the window's load event. Please make sure it has an appropriate `as` value and it is preloaded intentionally. @ https://www.totaljobs.com/job/a6f34ebf-64d7-44ef-858a-7d6efe5302be/application/confirmation/success?userFlow=Single&locale=en_GB&applicationId=6dc44cf6-1f64-4a8c-b9cd-25eb2f1d5c86:0
[  468573ms] [WARNING] The resource https://www.totaljobs.com/sharedassets/@stepstone-genesis/fonts/core/Relative-Book-Pro.woff2 was preloaded using link preload but not used within a few seconds from the window's load event. Please make sure it has an appropriate `as` value and it is preloaded intentionally. @ https://www.totaljobs.com/job/a6f34ebf-64d7-44ef-858a-7d6efe5302be/application/confirmation/success?userFlow=Single&locale=en_GB&applicationId=6dc44cf6-1f64-4a8c-b9cd-25eb2f1d5c86:0
[  468573ms] [WARNING] The resource https://www.totaljobs.com/sharedassets/@stepstone-genesis/fonts/core/fonts.css was preloaded using link preload but not used within a few seconds from the window's load event. Please make sure it has an appropriate `as` value and it is preloaded intentionally. @ https://www.totaljobs.com/job/a6f34ebf-64d7-44ef-858a-7d6efe5302be/application/confirmation/success?userFlow=Single&locale=en_GB&applicationId=6dc44cf6-1f64-4a8c-b9cd-25eb2f1d5c86:0
[  529528ms] [WARNING] The resource https://www.totaljobs.com/sharedassets/@stepstone-genesis/fonts/core/Relative-Bold-Pro.woff2 was preloaded using link preload but not used within a few seconds from the window's load event. Please make sure it has an appropriate `as` value and it is preloaded intentionally. @ https://www.totaljobs.com/job/a6f34ebf-64d7-44ef-858a-7d6efe5302be/application/confirmation/success?userFlow=Single&locale=en_GB&applicationId=6dc44cf6-1f64-4a8c-b9cd-25eb2f1d5c86:0
[  529528ms] [WARNING] The resource https://www.totaljobs.com/sharedassets/@stepstone-genesis/fonts/core/Relative-Medium-Pro.woff2 was preloaded using link preload but not used within a few seconds from the window's load event. Please make sure it has an appropriate `as` value and it is preloaded intentionally. @ https://www.totaljobs.com/job/a6f34ebf-64d7-44ef-858a-7d6efe5302be/application/confirmation/success?userFlow=Single&locale=en_GB&applicationId=6dc44cf6-1f64-4a8c-b9cd-25eb2f1d5c86:0
[  529528ms] [WARNING] The resource https://www.totaljobs.com/sharedassets/@stepstone-genesis/fonts/core/Relative-Book-Pro.woff2 was preloaded using link preload but not used within a few seconds from the window's load event. Please make sure it has an appropriate `as` value and it is preloaded intentionally. @ https://www.totaljobs.com/job/a6f34ebf-64d7-44ef-858a-7d6efe5302be/application/confirmation/success?userFlow=Single&locale=en_GB&applicationId=6dc44cf6-1f64-4a8c-b9cd-25eb2f1d5c86:0
[  529528ms] [WARNING] The resource https://www.totaljobs.com/sharedassets/@stepstone-genesis/fonts/core/fonts.css was preloaded using link preload but not used within a few seconds from the window's load event. Please make sure it has an appropriate `as` value and it is preloaded intentionally. @ https://www.totaljobs.com/job/a6f34ebf-64d7-44ef-858a-7d6efe5302be/application/confirmation/success?userFlow=Single&locale=en_GB&applicationId=6dc44cf6-1f64-4a8c-b9cd-25eb2f1d5c86:0
[  590448ms] [WARNING] The resource https://www.totaljobs.com/sharedassets/@stepstone-genesis/fonts/core/Relative-Bold-Pro.woff2 was preloaded using link preload but not used within a few seconds from the window's load event. Please make sure it has an appropriate `as` value and it is preloaded intentionally. @ https://www.totaljobs.com/job/a6f34ebf-64d7-44ef-858a-7d6efe5302be/application/confirmation/success?userFlow=Single&locale=en_GB&applicationId=6dc44cf6-1f64-4a8c-b9cd-25eb2f1d5c86:0
[  590449ms] [WARNING] The resource https://www.totaljobs.com/sharedassets/@stepstone-genesis/fonts/core/Relative-Medium-Pro.woff2 was preloaded using link preload but not used within a few seconds from the window's load event. Please make sure it has an appropriate `as` value and it is preloaded intentionally. @ https://www.totaljobs.com/job/a6f34ebf-64d7-44ef-858a-7d6efe5302be/application/confirmation/success?userFlow=Single&locale=en_GB&applicationId=6dc44cf6-1f64-4a8c-b9cd-25eb2f1d5c86:0
[  590449ms] [WARNING] The resource https://www.totaljobs.com/sharedassets/@stepstone-genesis/fonts/core/Relative-Book-Pro.woff2 was preloaded using link preload but not used within a few seconds from the window's load event. Please make sure it has an appropriate `as` value and it is preloaded intentionally. @ https://www.totaljobs.com/job/a6f34ebf-64d7-44ef-858a-7d6efe5302be/application/confirmation/success?userFlow=Single&locale=en_GB&applicationId=6dc44cf6-1f64-4a8c-b9cd-25eb2f1d5c86:0
[  590449ms] [WARNING] The resource https://www.totaljobs.com/sharedassets/@stepstone-genesis/fonts/core/fonts.css was preloaded using link preload but not used within a few seconds from the window's load event. Please make sure it has an appropriate `as` value and it is preloaded intentionally. @ https://www.totaljobs.com/job/a6f34ebf-64d7-44ef-858a-7d6efe5302be/application/confirmation/success?userFlow=Single&locale=en_GB&applicationId=6dc44cf6-1f64-4a8c-b9cd-25eb2f1d5c86:0
[  651577ms] [WARNING] The resource https://www.totaljobs.com/sharedassets/@stepstone-genesis/fonts/core/Relative-Bold-Pro.woff2 was preloaded using link preload but not used within a few seconds from the window's load event. Please make sure it has an appropriate `as` value and it is preloaded intentionally. @ https://www.totaljobs.com/job/a6f34ebf-64d7-44ef-858a-7d6efe5302be/application/confirmation/success?userFlow=Single&locale=en_GB&applicationId=6dc44cf6-1f64-4a8c-b9cd-25eb2f1d5c86:0
[  651577ms] [WARNING] The resource https://www.totaljobs.com/sharedassets/@stepstone-genesis/fonts/core/Relative-Medium-Pro.woff2 was preloaded using link preload but not used within a few seconds from the window's load event. Please make sure it has an appropriate `as` value and it is preloaded intentionally. @ https://www.totaljobs.com/job/a6f34ebf-64d7-44ef-858a-7d6efe5302be/application/confirmation/success?userFlow=Single&locale=en_GB&applicationId=6dc44cf6-1f64-4a8c-b9cd-25eb2f1d5c86:0
[  651578ms] [WARNING] The resource https://www.totaljobs.com/sharedassets/@stepstone-genesis/fonts/core/Relative-Book-Pro.woff2 was preloaded using link preload but not used within a few seconds from the window's load event. Please make sure it has an appropriate `as` value and it is preloaded intentionally. @ https://www.totaljobs.com/job/a6f34ebf-64d7-44ef-858a-7d6efe5302be/application/confirmation/success?userFlow=Single&locale=en_GB&applicationId=6dc44cf6-1f64-4a8c-b9cd-25eb2f1d5c86:0
[  651578ms] [WARNING] The resource https://www.totaljobs.com/sharedassets/@stepstone-genesis/fonts/core/fonts.css was preloaded using link preload but not used within a few seconds from the window's load event. Please make sure it has an appropriate `as` value and it is preloaded intentionally. @ https://www.totaljobs.com/job/a6f34ebf-64d7-44ef-858a-7d6efe5302be/application/confirmation/success?userFlow=Single&locale=en_GB&applicationId=6dc44cf6-1f64-4a8c-b9cd-25eb2f1d5c86:0
[  705463ms] [WARNING] The resource https://www.totaljobs.com/sharedassets/@stepstone-genesis/fonts/core/Relative-Bold-Pro.woff2 was preloaded using link preload but not used within a few seconds from the window's load event. Please make sure it has an appropriate `as` value and it is preloaded intentionally. @ https://www.totaljobs.com/job/a6f34ebf-64d7-44ef-858a-7d6efe5302be/application/confirmation/success?userFlow=Single&locale=en_GB&applicationId=6dc44cf6-1f64-4a8c-b9cd-25eb2f1d5c86:0
[  705463ms] [WARNING] The resource https://www.totaljobs.com/sharedassets/@stepstone-genesis/fonts/core/Relative-Medium-Pro.woff2 was preloaded using link preload but not used within a few seconds from the window's load event. Please make sure it has an appropriate `as` value and it is preloaded intentionally. @ https://www.totaljobs.com/job/a6f34ebf-64d7-44ef-858a-7d6efe5302be/application/confirmation/success?userFlow=Single&locale=en_GB&applicationId=6dc44cf6-1f64-4a8c-b9cd-25eb2f1d5c86:0
[  705463ms] [WARNING] The resource https://www.totaljobs.com/sharedassets/@stepstone-genesis/fonts/core/Relative-Book-Pro.woff2 was preloaded using link preload but not used within a few seconds from the window's load event. Please make sure it has an appropriate `as` value and it is preloaded intentionally. @ https://www.totaljobs.com/job/a6f34ebf-64d7-44ef-858a-7d6efe5302be/application/confirmation/success?userFlow=Single&locale=en_GB&applicationId=6dc44cf6-1f64-4a8c-b9cd-25eb2f1d5c86:0
[  705463ms] [WARNING] The resource https://www.totaljobs.com/sharedassets/@stepstone-genesis/fonts/core/fonts.css was preloaded using link preload but not used within a few seconds from the window's load event. Please make sure it has an appropriate `as` value and it is preloaded intentionally. @ https://www.totaljobs.com/job/a6f34ebf-64d7-44ef-858a-7d6efe5302be/application/confirmation/success?userFlow=Single&locale=en_GB&applicationId=6dc44cf6-1f64-4a8c-b9cd-25eb2f1d5c86:0
