[    1611ms] [LOG] Visibility threshold pct=50, Visibility threshold ms = 0 @ https://tag.durationmedia.net/sites/11540/dm.js:0
[    1640ms] [INFO] [REFRESH PATCH] pubads.refresh patched @ https://cdn1.anonymised.io/light/loader.js?ref=gtm:0
[    1670ms] [LOG] Influent Media script loaded @ https://resources.reed.co.uk/cdn/web-jobseeker-jobs/20260402.1/_next/static/chunks/307-fdbeae25a91c3798.js:0
[    1684ms] [LOG] Influent Media script initialized @ https://resources.reed.co.uk/cdn/web-jobseeker-jobs/20260402.1/_next/static/chunks/307-fdbeae25a91c3798.js:0
[    1866ms] [ERROR] Attestation check for Attribution Reporting on https://www.facebook.com failed. @ https://www.reed.co.uk/jobs/2nd-line-it-support/56729948:0
[    1922ms] [LOG] Starting 3pc test @ https://static.anonm.io/light/check3pc.html:9
[    1923ms] [LOG] 3PC enabled: true @ https://static.anonm.io/light/check3pc.html:32
[    1923ms] [LOG] Storage API: cookie access granted @ https://static.anonm.io/light/check3pc.html:15
[    2109ms] [INFO] [REFRESH PATCH] Injecting targeting {key: AnonymisedSignalLift, value: 0} @ https://cdn1.anonymised.io/light/loader.js?ref=gtm:0
[    3697ms] [ERROR] Failed to load resource: net::ERR_CONNECTION_CLOSED @ https://cookies.nextmillmedia.com/sync?redirect=https%3A%2F%2Fus-u.openx.net%2Fw%2F1.0%2Fsd%3Fid%3D557617007%26val%3D%5BNMUID%5D&gdpr=1&gdpr_consent=CQiCGJgQiCGJgAcABBENCYFsAP_gAEPgAChQMPtR_G__bWlr-bb3abtkeYxP9_hr7sQxBgbJk24FzLvW7JwHx2E5NAzatqIKmRIAu3TBIQNlHJDURUCgKIgFryDMaE2U4TNKJ6BkiFMZA2tYCFxvm4tjWQCY4ur_5lc1mB-t7dr82dzyy6hHn3a5fmS1UJCdIYetDfv8ZBOT-9IEd-x8v4v4_EbpEm-eS1n_pGtp4jd6YnM_dBmxt-Tyff7Pn__rl_e7X_ve_n3zv8oXH77r____f_-7___2b_-___b-__7IMPAAmGhUQRlkQKBAoCEECABQVhABQIAgAASBogIATBgQ5AwAXWEyAEAKAAYIAQAAgwABAAAJAAhEAEABAIAQIBAoAAwAIAgIAGBgADABYiAQAAgOgYpgQQCBYAJEZVBpgSgAJBAS2VCCUDAgrhCkWOAQQIiYKAAAEAAoAAEB8LAQklBKxIIAuILoAACAAAKIESBFIWYAgqDNFoKwJOAyNMAyfMEySnQZAEwQkZBkQmqCQeKYohQQ5AbFLMAdPEFADLtZIQ_wAAAA.f_wACHwAAAAA:0
[    6771ms] [ERROR] Attestation check for Attribution Reporting on https://www.facebook.com failed. @ https://www.reed.co.uk/jobs/2nd-line-it-support/56729948:0
[   21042ms] [WARNING] [TikTok Pixel] - Missing email and phone number
Issue: Email and phone number info isn't being received. This information is required for Complete Payment events.
Suggestion: Improve your email and phone coverage. This allows you to attribute more conversions and reach more people with your ads. See https://ads.tiktok.com/marketing_api/docs?rid=5ipocbxyw8v&id=1701890972946433 for more information. @ https://analytics.tiktok.com/i18n/pixel/static/main.MWE0ZWQ3ZWQwMQ.js:0
[   21042ms] [WARNING] [TikTok Pixel] - Missing 'content_id' paramter
Issue: The 'content_id' parameter isn't being received. This is required for Video Shopping Ads (VSA).
Suggestion: Include the 'content_id' parameter in your source code. This is required for Video Shopping Ads (VSA). See https://ads.tiktok.com/help/article/standard-events-parameters?redirected=2 for more information. @ https://analytics.tiktok.com/i18n/pixel/static/main.MWE0ZWQ3ZWQwMQ.js:0
[   21042ms] [WARNING] [TikTok Pixel] - Missing "value" parameter
Issue: Events shared are missing a 'value' parameter'. This is used calculate ROAS for people and the bid for your highest value customers. 
Suggestion: Go to your source code and include the "value" parameter. See https://ads.tiktok.com/help/article/standard-events-parameters?redirected=2 for more information. @ https://analytics.tiktok.com/i18n/pixel/static/main.MWE0ZWQ3ZWQwMQ.js:0
[   21043ms] [WARNING] [TikTok Pixel] - Missing "currency" parameter
Issue: Events shared are missing a 'currency' parameter. This impacts our ability to receive the value amount correctly, which can affect the accuracy of reporting for your return on ad spend.
Suggestion: Go to your source code and include the "currency" parameter. You can check supported currency codes. See https://ads.tiktok.com/help/article/standard-events-parameters?redirected=2 for more information. @ https://analytics.tiktok.com/i18n/pixel/static/main.MWE0ZWQ3ZWQwMQ.js:0
[   21183ms] [ERROR] Attestation check for Attribution Reporting on https://www.facebook.com failed. @ https://www.reed.co.uk/jobs/2nd-line-it-support/56729948:0
[   22837ms] [LOG] Visibility threshold pct=50, Visibility threshold ms = 0 @ https://tag.durationmedia.net/sites/11540/dm.js:0
[   22878ms] [INFO] [REFRESH PATCH] pubads.refresh patched @ https://cdn1.anonymised.io/light/loader.js?ref=gtm:0
[   22928ms] [LOG] Influent Media script loaded @ https://resources.reed.co.uk/cdn/web-jobseeker-jobs/20260402.1/_next/static/chunks/307-fdbeae25a91c3798.js:0
[   22945ms] [LOG] Influent Media script initialized @ https://resources.reed.co.uk/cdn/web-jobseeker-jobs/20260402.1/_next/static/chunks/307-fdbeae25a91c3798.js:0
[   23403ms] [LOG] Starting 3pc test @ https://static.anonm.io/light/check3pc.html:9
[   23404ms] [LOG] 3PC enabled: true @ https://static.anonm.io/light/check3pc.html:32
[   23405ms] [LOG] Storage API: cookie access granted @ https://static.anonm.io/light/check3pc.html:15
[   23940ms] [INFO] [REFRESH PATCH] Injecting targeting {key: AnonymisedSignalLift, value: 0} @ https://cdn1.anonymised.io/light/loader.js?ref=gtm:0
