[    1022ms] Uncaught Error: Minified React error #418; visit https://reactjs.org/docs/error-decoder.html?invariant=418 for the full message or use the non-minified dev environment for full errors and additional helpful warnings.
    at lh (https://resources.reed.co.uk/cdn/web-jobseeker-jobs/20260402.1/_next/static/chunks/framework-1ce91eb6f9ecda85.js:0:46429)
    at i (https://resources.reed.co.uk/cdn/web-jobseeker-jobs/20260402.1/_next/static/chunks/framework-1ce91eb6f9ecda85.js:0:121052)
    at oM (https://resources.reed.co.uk/cdn/web-jobseeker-jobs/20260402.1/_next/static/chunks/framework-1ce91eb6f9ecda85.js:0:99036)
    at oF (https://resources.reed.co.uk/cdn/web-jobseeker-jobs/20260402.1/_next/static/chunks/framework-1ce91eb6f9ecda85.js:0:98906)
    at ow (https://resources.reed.co.uk/cdn/web-jobseeker-jobs/20260402.1/_next/static/chunks/framework-1ce91eb6f9ecda85.js:0:93979)
    at x (https://resources.reed.co.uk/cdn/web-jobseeker-jobs/20260402.1/_next/static/chunks/framework-1ce91eb6f9ecda85.js:0:130703)
    at T (https://resources.reed.co.uk/cdn/web-jobseeker-jobs/20260402.1/_next/static/chunks/framework-1ce91eb6f9ecda85.js:0:131233)
[    1022ms] Uncaught Error: Minified React error #425; visit https://reactjs.org/docs/error-decoder.html?invariant=425 for the full message or use the non-minified dev environment for full errors and additional helpful warnings.
    at rm (https://resources.reed.co.uk/cdn/web-jobseeker-jobs/20260402.1/_next/static/chunks/framework-1ce91eb6f9ecda85.js:0:40258)
    at <anonymous> (https://resources.reed.co.uk/cdn/web-jobseeker-jobs/20260402.1/_next/static/chunks/framework-1ce91eb6f9ecda85.js:0:103399)
    at oO (https://resources.reed.co.uk/cdn/web-jobseeker-jobs/20260402.1/_next/static/chunks/framework-1ce91eb6f9ecda85.js:0:106146)
    at oM (https://resources.reed.co.uk/cdn/web-jobseeker-jobs/20260402.1/_next/static/chunks/framework-1ce91eb6f9ecda85.js:0:99096)
    at oF (https://resources.reed.co.uk/cdn/web-jobseeker-jobs/20260402.1/_next/static/chunks/framework-1ce91eb6f9ecda85.js:0:98906)
    at ow (https://resources.reed.co.uk/cdn/web-jobseeker-jobs/20260402.1/_next/static/chunks/framework-1ce91eb6f9ecda85.js:0:93979)
    at x (https://resources.reed.co.uk/cdn/web-jobseeker-jobs/20260402.1/_next/static/chunks/framework-1ce91eb6f9ecda85.js:0:130703)
    at T (https://resources.reed.co.uk/cdn/web-jobseeker-jobs/20260402.1/_next/static/chunks/framework-1ce91eb6f9ecda85.js:0:131233)
[    1023ms] Uncaught Error: Minified React error #418; visit https://reactjs.org/docs/error-decoder.html?invariant=418 for the full message or use the non-minified dev environment for full errors and additional helpful warnings.
    at lh (https://resources.reed.co.uk/cdn/web-jobseeker-jobs/20260402.1/_next/static/chunks/framework-1ce91eb6f9ecda85.js:0:46549)
    at i (https://resources.reed.co.uk/cdn/web-jobseeker-jobs/20260402.1/_next/static/chunks/framework-1ce91eb6f9ecda85.js:0:121052)
    at oM (https://resources.reed.co.uk/cdn/web-jobseeker-jobs/20260402.1/_next/static/chunks/framework-1ce91eb6f9ecda85.js:0:99036)
    at oF (https://resources.reed.co.uk/cdn/web-jobseeker-jobs/20260402.1/_next/static/chunks/framework-1ce91eb6f9ecda85.js:0:98906)
    at ow (https://resources.reed.co.uk/cdn/web-jobseeker-jobs/20260402.1/_next/static/chunks/framework-1ce91eb6f9ecda85.js:0:93979)
    at x (https://resources.reed.co.uk/cdn/web-jobseeker-jobs/20260402.1/_next/static/chunks/framework-1ce91eb6f9ecda85.js:0:130703)
    at T (https://resources.reed.co.uk/cdn/web-jobseeker-jobs/20260402.1/_next/static/chunks/framework-1ce91eb6f9ecda85.js:0:131233)
[    1023ms] Uncaught Error: Minified React error #418; visit https://reactjs.org/docs/error-decoder.html?invariant=418 for the full message or use the non-minified dev environment for full errors and additional helpful warnings.
    at lh (https://resources.reed.co.uk/cdn/web-jobseeker-jobs/20260402.1/_next/static/chunks/framework-1ce91eb6f9ecda85.js:0:46549)
    at i (https://resources.reed.co.uk/cdn/web-jobseeker-jobs/20260402.1/_next/static/chunks/framework-1ce91eb6f9ecda85.js:0:121052)
    at oM (https://resources.reed.co.uk/cdn/web-jobseeker-jobs/20260402.1/_next/static/chunks/framework-1ce91eb6f9ecda85.js:0:99036)
    at oF (https://resources.reed.co.uk/cdn/web-jobseeker-jobs/20260402.1/_next/static/chunks/framework-1ce91eb6f9ecda85.js:0:98906)
    at ow (https://resources.reed.co.uk/cdn/web-jobseeker-jobs/20260402.1/_next/static/chunks/framework-1ce91eb6f9ecda85.js:0:93979)
    at x (https://resources.reed.co.uk/cdn/web-jobseeker-jobs/20260402.1/_next/static/chunks/framework-1ce91eb6f9ecda85.js:0:130703)
    at T (https://resources.reed.co.uk/cdn/web-jobseeker-jobs/20260402.1/_next/static/chunks/framework-1ce91eb6f9ecda85.js:0:131233)
[    1024ms] Uncaught Error: Minified React error #418; visit https://reactjs.org/docs/error-decoder.html?invariant=418 for the full message or use the non-minified dev environment for full errors and additional helpful warnings.
    at lh (https://resources.reed.co.uk/cdn/web-jobseeker-jobs/20260402.1/_next/static/chunks/framework-1ce91eb6f9ecda85.js:0:46549)
    at i (https://resources.reed.co.uk/cdn/web-jobseeker-jobs/20260402.1/_next/static/chunks/framework-1ce91eb6f9ecda85.js:0:121052)
    at oM (https://resources.reed.co.uk/cdn/web-jobseeker-jobs/20260402.1/_next/static/chunks/framework-1ce91eb6f9ecda85.js:0:99036)
    at oF (https://resources.reed.co.uk/cdn/web-jobseeker-jobs/20260402.1/_next/static/chunks/framework-1ce91eb6f9ecda85.js:0:98906)
    at ow (https://resources.reed.co.uk/cdn/web-jobseeker-jobs/20260402.1/_next/static/chunks/framework-1ce91eb6f9ecda85.js:0:93979)
    at x (https://resources.reed.co.uk/cdn/web-jobseeker-jobs/20260402.1/_next/static/chunks/framework-1ce91eb6f9ecda85.js:0:130703)
    at T (https://resources.reed.co.uk/cdn/web-jobseeker-jobs/20260402.1/_next/static/chunks/framework-1ce91eb6f9ecda85.js:0:131233)
[    1024ms] Uncaught Error: Minified React error #418; visit https://reactjs.org/docs/error-decoder.html?invariant=418 for the full message or use the non-minified dev environment for full errors and additional helpful warnings.
    at lh (https://resources.reed.co.uk/cdn/web-jobseeker-jobs/20260402.1/_next/static/chunks/framework-1ce91eb6f9ecda85.js:0:46549)
    at i (https://resources.reed.co.uk/cdn/web-jobseeker-jobs/20260402.1/_next/static/chunks/framework-1ce91eb6f9ecda85.js:0:121052)
    at oM (https://resources.reed.co.uk/cdn/web-jobseeker-jobs/20260402.1/_next/static/chunks/framework-1ce91eb6f9ecda85.js:0:99036)
    at oF (https://resources.reed.co.uk/cdn/web-jobseeker-jobs/20260402.1/_next/static/chunks/framework-1ce91eb6f9ecda85.js:0:98906)
    at ow (https://resources.reed.co.uk/cdn/web-jobseeker-jobs/20260402.1/_next/static/chunks/framework-1ce91eb6f9ecda85.js:0:93979)
    at x (https://resources.reed.co.uk/cdn/web-jobseeker-jobs/20260402.1/_next/static/chunks/framework-1ce91eb6f9ecda85.js:0:130703)
    at T (https://resources.reed.co.uk/cdn/web-jobseeker-jobs/20260402.1/_next/static/chunks/framework-1ce91eb6f9ecda85.js:0:131233)
[    1024ms] Uncaught Error: Minified React error #418; visit https://reactjs.org/docs/error-decoder.html?invariant=418 for the full message or use the non-minified dev environment for full errors and additional helpful warnings.
    at lh (https://resources.reed.co.uk/cdn/web-jobseeker-jobs/20260402.1/_next/static/chunks/framework-1ce91eb6f9ecda85.js:0:46549)
    at i (https://resources.reed.co.uk/cdn/web-jobseeker-jobs/20260402.1/_next/static/chunks/framework-1ce91eb6f9ecda85.js:0:121052)
    at oM (https://resources.reed.co.uk/cdn/web-jobseeker-jobs/20260402.1/_next/static/chunks/framework-1ce91eb6f9ecda85.js:0:99036)
    at oF (https://resources.reed.co.uk/cdn/web-jobseeker-jobs/20260402.1/_next/static/chunks/framework-1ce91eb6f9ecda85.js:0:98906)
    at ow (https://resources.reed.co.uk/cdn/web-jobseeker-jobs/20260402.1/_next/static/chunks/framework-1ce91eb6f9ecda85.js:0:93979)
    at x (https://resources.reed.co.uk/cdn/web-jobseeker-jobs/20260402.1/_next/static/chunks/framework-1ce91eb6f9ecda85.js:0:130703)
    at T (https://resources.reed.co.uk/cdn/web-jobseeker-jobs/20260402.1/_next/static/chunks/framework-1ce91eb6f9ecda85.js:0:131233)
[    1024ms] Uncaught Error: Minified React error #418; visit https://reactjs.org/docs/error-decoder.html?invariant=418 for the full message or use the non-minified dev environment for full errors and additional helpful warnings.
    at lh (https://resources.reed.co.uk/cdn/web-jobseeker-jobs/20260402.1/_next/static/chunks/framework-1ce91eb6f9ecda85.js:0:46549)
    at i (https://resources.reed.co.uk/cdn/web-jobseeker-jobs/20260402.1/_next/static/chunks/framework-1ce91eb6f9ecda85.js:0:121052)
    at oM (https://resources.reed.co.uk/cdn/web-jobseeker-jobs/20260402.1/_next/static/chunks/framework-1ce91eb6f9ecda85.js:0:99036)
    at oF (https://resources.reed.co.uk/cdn/web-jobseeker-jobs/20260402.1/_next/static/chunks/framework-1ce91eb6f9ecda85.js:0:98906)
    at ow (https://resources.reed.co.uk/cdn/web-jobseeker-jobs/20260402.1/_next/static/chunks/framework-1ce91eb6f9ecda85.js:0:93979)
    at x (https://resources.reed.co.uk/cdn/web-jobseeker-jobs/20260402.1/_next/static/chunks/framework-1ce91eb6f9ecda85.js:0:130703)
    at T (https://resources.reed.co.uk/cdn/web-jobseeker-jobs/20260402.1/_next/static/chunks/framework-1ce91eb6f9ecda85.js:0:131233)
[    1024ms] Uncaught Error: Minified React error #418; visit https://reactjs.org/docs/error-decoder.html?invariant=418 for the full message or use the non-minified dev environment for full errors and additional helpful warnings.
    at lh (https://resources.reed.co.uk/cdn/web-jobseeker-jobs/20260402.1/_next/static/chunks/framework-1ce91eb6f9ecda85.js:0:46549)
    at i (https://resources.reed.co.uk/cdn/web-jobseeker-jobs/20260402.1/_next/static/chunks/framework-1ce91eb6f9ecda85.js:0:121052)
    at oM (https://resources.reed.co.uk/cdn/web-jobseeker-jobs/20260402.1/_next/static/chunks/framework-1ce91eb6f9ecda85.js:0:99036)
    at oF (https://resources.reed.co.uk/cdn/web-jobseeker-jobs/20260402.1/_next/static/chunks/framework-1ce91eb6f9ecda85.js:0:98906)
    at ow (https://resources.reed.co.uk/cdn/web-jobseeker-jobs/20260402.1/_next/static/chunks/framework-1ce91eb6f9ecda85.js:0:93979)
    at x (https://resources.reed.co.uk/cdn/web-jobseeker-jobs/20260402.1/_next/static/chunks/framework-1ce91eb6f9ecda85.js:0:130703)
    at T (https://resources.reed.co.uk/cdn/web-jobseeker-jobs/20260402.1/_next/static/chunks/framework-1ce91eb6f9ecda85.js:0:131233)
[    1024ms] Uncaught Error: Minified React error #418; visit https://reactjs.org/docs/error-decoder.html?invariant=418 for the full message or use the non-minified dev environment for full errors and additional helpful warnings.
    at lh (https://resources.reed.co.uk/cdn/web-jobseeker-jobs/20260402.1/_next/static/chunks/framework-1ce91eb6f9ecda85.js:0:46549)
    at i (https://resources.reed.co.uk/cdn/web-jobseeker-jobs/20260402.1/_next/static/chunks/framework-1ce91eb6f9ecda85.js:0:121052)
    at oM (https://resources.reed.co.uk/cdn/web-jobseeker-jobs/20260402.1/_next/static/chunks/framework-1ce91eb6f9ecda85.js:0:99036)
    at oF (https://resources.reed.co.uk/cdn/web-jobseeker-jobs/20260402.1/_next/static/chunks/framework-1ce91eb6f9ecda85.js:0:98906)
    at ow (https://resources.reed.co.uk/cdn/web-jobseeker-jobs/20260402.1/_next/static/chunks/framework-1ce91eb6f9ecda85.js:0:93979)
    at x (https://resources.reed.co.uk/cdn/web-jobseeker-jobs/20260402.1/_next/static/chunks/framework-1ce91eb6f9ecda85.js:0:130703)
    at T (https://resources.reed.co.uk/cdn/web-jobseeker-jobs/20260402.1/_next/static/chunks/framework-1ce91eb6f9ecda85.js:0:131233)
[    1024ms] Uncaught Error: Minified React error #418; visit https://reactjs.org/docs/error-decoder.html?invariant=418 for the full message or use the non-minified dev environment for full errors and additional helpful warnings.
    at lh (https://resources.reed.co.uk/cdn/web-jobseeker-jobs/20260402.1/_next/static/chunks/framework-1ce91eb6f9ecda85.js:0:46549)
    at i (https://resources.reed.co.uk/cdn/web-jobseeker-jobs/20260402.1/_next/static/chunks/framework-1ce91eb6f9ecda85.js:0:121052)
    at oM (https://resources.reed.co.uk/cdn/web-jobseeker-jobs/20260402.1/_next/static/chunks/framework-1ce91eb6f9ecda85.js:0:99036)
    at oF (https://resources.reed.co.uk/cdn/web-jobseeker-jobs/20260402.1/_next/static/chunks/framework-1ce91eb6f9ecda85.js:0:98906)
    at ow (https://resources.reed.co.uk/cdn/web-jobseeker-jobs/20260402.1/_next/static/chunks/framework-1ce91eb6f9ecda85.js:0:93979)
    at x (https://resources.reed.co.uk/cdn/web-jobseeker-jobs/20260402.1/_next/static/chunks/framework-1ce91eb6f9ecda85.js:0:130703)
    at T (https://resources.reed.co.uk/cdn/web-jobseeker-jobs/20260402.1/_next/static/chunks/framework-1ce91eb6f9ecda85.js:0:131233)
[    1025ms] Uncaught Error: Minified React error #418; visit https://reactjs.org/docs/error-decoder.html?invariant=418 for the full message or use the non-minified dev environment for full errors and additional helpful warnings.
    at lh (https://resources.reed.co.uk/cdn/web-jobseeker-jobs/20260402.1/_next/static/chunks/framework-1ce91eb6f9ecda85.js:0:46549)
    at i (https://resources.reed.co.uk/cdn/web-jobseeker-jobs/20260402.1/_next/static/chunks/framework-1ce91eb6f9ecda85.js:0:121052)
    at oM (https://resources.reed.co.uk/cdn/web-jobseeker-jobs/20260402.1/_next/static/chunks/framework-1ce91eb6f9ecda85.js:0:99036)
    at oF (https://resources.reed.co.uk/cdn/web-jobseeker-jobs/20260402.1/_next/static/chunks/framework-1ce91eb6f9ecda85.js:0:98906)
    at ow (https://resources.reed.co.uk/cdn/web-jobseeker-jobs/20260402.1/_next/static/chunks/framework-1ce91eb6f9ecda85.js:0:93979)
    at x (https://resources.reed.co.uk/cdn/web-jobseeker-jobs/20260402.1/_next/static/chunks/framework-1ce91eb6f9ecda85.js:0:130703)
    at T (https://resources.reed.co.uk/cdn/web-jobseeker-jobs/20260402.1/_next/static/chunks/framework-1ce91eb6f9ecda85.js:0:131233)
[    1025ms] Uncaught Error: Minified React error #418; visit https://reactjs.org/docs/error-decoder.html?invariant=418 for the full message or use the non-minified dev environment for full errors and additional helpful warnings.
    at lh (https://resources.reed.co.uk/cdn/web-jobseeker-jobs/20260402.1/_next/static/chunks/framework-1ce91eb6f9ecda85.js:0:46549)
    at i (https://resources.reed.co.uk/cdn/web-jobseeker-jobs/20260402.1/_next/static/chunks/framework-1ce91eb6f9ecda85.js:0:121052)
    at oM (https://resources.reed.co.uk/cdn/web-jobseeker-jobs/20260402.1/_next/static/chunks/framework-1ce91eb6f9ecda85.js:0:99036)
    at oF (https://resources.reed.co.uk/cdn/web-jobseeker-jobs/20260402.1/_next/static/chunks/framework-1ce91eb6f9ecda85.js:0:98906)
    at ow (https://resources.reed.co.uk/cdn/web-jobseeker-jobs/20260402.1/_next/static/chunks/framework-1ce91eb6f9ecda85.js:0:93979)
    at x (https://resources.reed.co.uk/cdn/web-jobseeker-jobs/20260402.1/_next/static/chunks/framework-1ce91eb6f9ecda85.js:0:130703)
    at T (https://resources.reed.co.uk/cdn/web-jobseeker-jobs/20260402.1/_next/static/chunks/framework-1ce91eb6f9ecda85.js:0:131233)
[    1026ms] Uncaught Error: Minified React error #418; visit https://reactjs.org/docs/error-decoder.html?invariant=418 for the full message or use the non-minified dev environment for full errors and additional helpful warnings.
    at lh (https://resources.reed.co.uk/cdn/web-jobseeker-jobs/20260402.1/_next/static/chunks/framework-1ce91eb6f9ecda85.js:0:46549)
    at i (https://resources.reed.co.uk/cdn/web-jobseeker-jobs/20260402.1/_next/static/chunks/framework-1ce91eb6f9ecda85.js:0:121052)
    at oM (https://resources.reed.co.uk/cdn/web-jobseeker-jobs/20260402.1/_next/static/chunks/framework-1ce91eb6f9ecda85.js:0:99036)
    at oF (https://resources.reed.co.uk/cdn/web-jobseeker-jobs/20260402.1/_next/static/chunks/framework-1ce91eb6f9ecda85.js:0:98906)
    at ow (https://resources.reed.co.uk/cdn/web-jobseeker-jobs/20260402.1/_next/static/chunks/framework-1ce91eb6f9ecda85.js:0:93979)
    at x (https://resources.reed.co.uk/cdn/web-jobseeker-jobs/20260402.1/_next/static/chunks/framework-1ce91eb6f9ecda85.js:0:130703)
    at T (https://resources.reed.co.uk/cdn/web-jobseeker-jobs/20260402.1/_next/static/chunks/framework-1ce91eb6f9ecda85.js:0:131233)
[    1026ms] Uncaught Error: Minified React error #418; visit https://reactjs.org/docs/error-decoder.html?invariant=418 for the full message or use the non-minified dev environment for full errors and additional helpful warnings.
    at lh (https://resources.reed.co.uk/cdn/web-jobseeker-jobs/20260402.1/_next/static/chunks/framework-1ce91eb6f9ecda85.js:0:46549)
    at i (https://resources.reed.co.uk/cdn/web-jobseeker-jobs/20260402.1/_next/static/chunks/framework-1ce91eb6f9ecda85.js:0:121052)
    at oM (https://resources.reed.co.uk/cdn/web-jobseeker-jobs/20260402.1/_next/static/chunks/framework-1ce91eb6f9ecda85.js:0:99036)
    at oF (https://resources.reed.co.uk/cdn/web-jobseeker-jobs/20260402.1/_next/static/chunks/framework-1ce91eb6f9ecda85.js:0:98906)
    at ow (https://resources.reed.co.uk/cdn/web-jobseeker-jobs/20260402.1/_next/static/chunks/framework-1ce91eb6f9ecda85.js:0:93979)
    at x (https://resources.reed.co.uk/cdn/web-jobseeker-jobs/20260402.1/_next/static/chunks/framework-1ce91eb6f9ecda85.js:0:130703)
    at T (https://resources.reed.co.uk/cdn/web-jobseeker-jobs/20260402.1/_next/static/chunks/framework-1ce91eb6f9ecda85.js:0:131233)
[    1026ms] Uncaught Error: Minified React error #418; visit https://reactjs.org/docs/error-decoder.html?invariant=418 for the full message or use the non-minified dev environment for full errors and additional helpful warnings.
    at lh (https://resources.reed.co.uk/cdn/web-jobseeker-jobs/20260402.1/_next/static/chunks/framework-1ce91eb6f9ecda85.js:0:46549)
    at i (https://resources.reed.co.uk/cdn/web-jobseeker-jobs/20260402.1/_next/static/chunks/framework-1ce91eb6f9ecda85.js:0:121052)
    at oM (https://resources.reed.co.uk/cdn/web-jobseeker-jobs/20260402.1/_next/static/chunks/framework-1ce91eb6f9ecda85.js:0:99036)
    at oF (https://resources.reed.co.uk/cdn/web-jobseeker-jobs/20260402.1/_next/static/chunks/framework-1ce91eb6f9ecda85.js:0:98906)
    at ow (https://resources.reed.co.uk/cdn/web-jobseeker-jobs/20260402.1/_next/static/chunks/framework-1ce91eb6f9ecda85.js:0:93979)
    at x (https://resources.reed.co.uk/cdn/web-jobseeker-jobs/20260402.1/_next/static/chunks/framework-1ce91eb6f9ecda85.js:0:130703)
    at T (https://resources.reed.co.uk/cdn/web-jobseeker-jobs/20260402.1/_next/static/chunks/framework-1ce91eb6f9ecda85.js:0:131233)
[    1026ms] Uncaught Error: Minified React error #418; visit https://reactjs.org/docs/error-decoder.html?invariant=418 for the full message or use the non-minified dev environment for full errors and additional helpful warnings.
    at lh (https://resources.reed.co.uk/cdn/web-jobseeker-jobs/20260402.1/_next/static/chunks/framework-1ce91eb6f9ecda85.js:0:46549)
    at i (https://resources.reed.co.uk/cdn/web-jobseeker-jobs/20260402.1/_next/static/chunks/framework-1ce91eb6f9ecda85.js:0:121052)
    at oM (https://resources.reed.co.uk/cdn/web-jobseeker-jobs/20260402.1/_next/static/chunks/framework-1ce91eb6f9ecda85.js:0:99036)
    at oF (https://resources.reed.co.uk/cdn/web-jobseeker-jobs/20260402.1/_next/static/chunks/framework-1ce91eb6f9ecda85.js:0:98906)
    at ow (https://resources.reed.co.uk/cdn/web-jobseeker-jobs/20260402.1/_next/static/chunks/framework-1ce91eb6f9ecda85.js:0:93979)
    at x (https://resources.reed.co.uk/cdn/web-jobseeker-jobs/20260402.1/_next/static/chunks/framework-1ce91eb6f9ecda85.js:0:130703)
    at T (https://resources.reed.co.uk/cdn/web-jobseeker-jobs/20260402.1/_next/static/chunks/framework-1ce91eb6f9ecda85.js:0:131233)
[    1026ms] Uncaught Error: Minified React error #418; visit https://reactjs.org/docs/error-decoder.html?invariant=418 for the full message or use the non-minified dev environment for full errors and additional helpful warnings.
    at lh (https://resources.reed.co.uk/cdn/web-jobseeker-jobs/20260402.1/_next/static/chunks/framework-1ce91eb6f9ecda85.js:0:46549)
    at i (https://resources.reed.co.uk/cdn/web-jobseeker-jobs/20260402.1/_next/static/chunks/framework-1ce91eb6f9ecda85.js:0:121052)
    at oM (https://resources.reed.co.uk/cdn/web-jobseeker-jobs/20260402.1/_next/static/chunks/framework-1ce91eb6f9ecda85.js:0:99036)
    at oF (https://resources.reed.co.uk/cdn/web-jobseeker-jobs/20260402.1/_next/static/chunks/framework-1ce91eb6f9ecda85.js:0:98906)
    at ow (https://resources.reed.co.uk/cdn/web-jobseeker-jobs/20260402.1/_next/static/chunks/framework-1ce91eb6f9ecda85.js:0:93979)
    at x (https://resources.reed.co.uk/cdn/web-jobseeker-jobs/20260402.1/_next/static/chunks/framework-1ce91eb6f9ecda85.js:0:130703)
    at T (https://resources.reed.co.uk/cdn/web-jobseeker-jobs/20260402.1/_next/static/chunks/framework-1ce91eb6f9ecda85.js:0:131233)
[    1027ms] Uncaught Error: Minified React error #418; visit https://reactjs.org/docs/error-decoder.html?invariant=418 for the full message or use the non-minified dev environment for full errors and additional helpful warnings.
    at lh (https://resources.reed.co.uk/cdn/web-jobseeker-jobs/20260402.1/_next/static/chunks/framework-1ce91eb6f9ecda85.js:0:46549)
    at i (https://resources.reed.co.uk/cdn/web-jobseeker-jobs/20260402.1/_next/static/chunks/framework-1ce91eb6f9ecda85.js:0:121052)
    at oM (https://resources.reed.co.uk/cdn/web-jobseeker-jobs/20260402.1/_next/static/chunks/framework-1ce91eb6f9ecda85.js:0:99036)
    at oF (https://resources.reed.co.uk/cdn/web-jobseeker-jobs/20260402.1/_next/static/chunks/framework-1ce91eb6f9ecda85.js:0:98906)
    at ow (https://resources.reed.co.uk/cdn/web-jobseeker-jobs/20260402.1/_next/static/chunks/framework-1ce91eb6f9ecda85.js:0:93979)
    at x (https://resources.reed.co.uk/cdn/web-jobseeker-jobs/20260402.1/_next/static/chunks/framework-1ce91eb6f9ecda85.js:0:130703)
    at T (https://resources.reed.co.uk/cdn/web-jobseeker-jobs/20260402.1/_next/static/chunks/framework-1ce91eb6f9ecda85.js:0:131233)
[    1027ms] Uncaught Error: Minified React error #418; visit https://reactjs.org/docs/error-decoder.html?invariant=418 for the full message or use the non-minified dev environment for full errors and additional helpful warnings.
    at lh (https://resources.reed.co.uk/cdn/web-jobseeker-jobs/20260402.1/_next/static/chunks/framework-1ce91eb6f9ecda85.js:0:46549)
    at i (https://resources.reed.co.uk/cdn/web-jobseeker-jobs/20260402.1/_next/static/chunks/framework-1ce91eb6f9ecda85.js:0:121052)
    at oM (https://resources.reed.co.uk/cdn/web-jobseeker-jobs/20260402.1/_next/static/chunks/framework-1ce91eb6f9ecda85.js:0:99036)
    at oF (https://resources.reed.co.uk/cdn/web-jobseeker-jobs/20260402.1/_next/static/chunks/framework-1ce91eb6f9ecda85.js:0:98906)
    at ow (https://resources.reed.co.uk/cdn/web-jobseeker-jobs/20260402.1/_next/static/chunks/framework-1ce91eb6f9ecda85.js:0:93979)
    at x (https://resources.reed.co.uk/cdn/web-jobseeker-jobs/20260402.1/_next/static/chunks/framework-1ce91eb6f9ecda85.js:0:130703)
    at T (https://resources.reed.co.uk/cdn/web-jobseeker-jobs/20260402.1/_next/static/chunks/framework-1ce91eb6f9ecda85.js:0:131233)
[    1027ms] Uncaught Error: Minified React error #418; visit https://reactjs.org/docs/error-decoder.html?invariant=418 for the full message or use the non-minified dev environment for full errors and additional helpful warnings.
    at lh (https://resources.reed.co.uk/cdn/web-jobseeker-jobs/20260402.1/_next/static/chunks/framework-1ce91eb6f9ecda85.js:0:46549)
    at i (https://resources.reed.co.uk/cdn/web-jobseeker-jobs/20260402.1/_next/static/chunks/framework-1ce91eb6f9ecda85.js:0:121052)
    at oM (https://resources.reed.co.uk/cdn/web-jobseeker-jobs/20260402.1/_next/static/chunks/framework-1ce91eb6f9ecda85.js:0:99036)
    at oF (https://resources.reed.co.uk/cdn/web-jobseeker-jobs/20260402.1/_next/static/chunks/framework-1ce91eb6f9ecda85.js:0:98906)
    at ow (https://resources.reed.co.uk/cdn/web-jobseeker-jobs/20260402.1/_next/static/chunks/framework-1ce91eb6f9ecda85.js:0:93979)
    at x (https://resources.reed.co.uk/cdn/web-jobseeker-jobs/20260402.1/_next/static/chunks/framework-1ce91eb6f9ecda85.js:0:130703)
    at T (https://resources.reed.co.uk/cdn/web-jobseeker-jobs/20260402.1/_next/static/chunks/framework-1ce91eb6f9ecda85.js:0:131233)
[    1027ms] Uncaught Error: Minified React error #418; visit https://reactjs.org/docs/error-decoder.html?invariant=418 for the full message or use the non-minified dev environment for full errors and additional helpful warnings.
    at lh (https://resources.reed.co.uk/cdn/web-jobseeker-jobs/20260402.1/_next/static/chunks/framework-1ce91eb6f9ecda85.js:0:46549)
    at i (https://resources.reed.co.uk/cdn/web-jobseeker-jobs/20260402.1/_next/static/chunks/framework-1ce91eb6f9ecda85.js:0:121052)
    at oM (https://resources.reed.co.uk/cdn/web-jobseeker-jobs/20260402.1/_next/static/chunks/framework-1ce91eb6f9ecda85.js:0:99036)
    at oF (https://resources.reed.co.uk/cdn/web-jobseeker-jobs/20260402.1/_next/static/chunks/framework-1ce91eb6f9ecda85.js:0:98906)
    at ow (https://resources.reed.co.uk/cdn/web-jobseeker-jobs/20260402.1/_next/static/chunks/framework-1ce91eb6f9ecda85.js:0:93979)
    at x (https://resources.reed.co.uk/cdn/web-jobseeker-jobs/20260402.1/_next/static/chunks/framework-1ce91eb6f9ecda85.js:0:130703)
    at T (https://resources.reed.co.uk/cdn/web-jobseeker-jobs/20260402.1/_next/static/chunks/framework-1ce91eb6f9ecda85.js:0:131233)
[    1027ms] Uncaught Error: Minified React error #418; visit https://reactjs.org/docs/error-decoder.html?invariant=418 for the full message or use the non-minified dev environment for full errors and additional helpful warnings.
    at lh (https://resources.reed.co.uk/cdn/web-jobseeker-jobs/20260402.1/_next/static/chunks/framework-1ce91eb6f9ecda85.js:0:46549)
    at i (https://resources.reed.co.uk/cdn/web-jobseeker-jobs/20260402.1/_next/static/chunks/framework-1ce91eb6f9ecda85.js:0:121052)
    at oM (https://resources.reed.co.uk/cdn/web-jobseeker-jobs/20260402.1/_next/static/chunks/framework-1ce91eb6f9ecda85.js:0:99036)
    at oF (https://resources.reed.co.uk/cdn/web-jobseeker-jobs/20260402.1/_next/static/chunks/framework-1ce91eb6f9ecda85.js:0:98906)
    at ow (https://resources.reed.co.uk/cdn/web-jobseeker-jobs/20260402.1/_next/static/chunks/framework-1ce91eb6f9ecda85.js:0:93979)
    at x (https://resources.reed.co.uk/cdn/web-jobseeker-jobs/20260402.1/_next/static/chunks/framework-1ce91eb6f9ecda85.js:0:130703)
    at T (https://resources.reed.co.uk/cdn/web-jobseeker-jobs/20260402.1/_next/static/chunks/framework-1ce91eb6f9ecda85.js:0:131233)
[    1028ms] Uncaught Error: Minified React error #418; visit https://reactjs.org/docs/error-decoder.html?invariant=418 for the full message or use the non-minified dev environment for full errors and additional helpful warnings.
    at lh (https://resources.reed.co.uk/cdn/web-jobseeker-jobs/20260402.1/_next/static/chunks/framework-1ce91eb6f9ecda85.js:0:46549)
    at i (https://resources.reed.co.uk/cdn/web-jobseeker-jobs/20260402.1/_next/static/chunks/framework-1ce91eb6f9ecda85.js:0:121052)
    at oM (https://resources.reed.co.uk/cdn/web-jobseeker-jobs/20260402.1/_next/static/chunks/framework-1ce91eb6f9ecda85.js:0:99036)
    at oF (https://resources.reed.co.uk/cdn/web-jobseeker-jobs/20260402.1/_next/static/chunks/framework-1ce91eb6f9ecda85.js:0:98906)
    at ow (https://resources.reed.co.uk/cdn/web-jobseeker-jobs/20260402.1/_next/static/chunks/framework-1ce91eb6f9ecda85.js:0:93979)
    at x (https://resources.reed.co.uk/cdn/web-jobseeker-jobs/20260402.1/_next/static/chunks/framework-1ce91eb6f9ecda85.js:0:130703)
    at T (https://resources.reed.co.uk/cdn/web-jobseeker-jobs/20260402.1/_next/static/chunks/framework-1ce91eb6f9ecda85.js:0:131233)
[    1028ms] Uncaught Error: Minified React error #418; visit https://reactjs.org/docs/error-decoder.html?invariant=418 for the full message or use the non-minified dev environment for full errors and additional helpful warnings.
    at lh (https://resources.reed.co.uk/cdn/web-jobseeker-jobs/20260402.1/_next/static/chunks/framework-1ce91eb6f9ecda85.js:0:46549)
    at i (https://resources.reed.co.uk/cdn/web-jobseeker-jobs/20260402.1/_next/static/chunks/framework-1ce91eb6f9ecda85.js:0:121052)
    at oM (https://resources.reed.co.uk/cdn/web-jobseeker-jobs/20260402.1/_next/static/chunks/framework-1ce91eb6f9ecda85.js:0:99036)
    at oF (https://resources.reed.co.uk/cdn/web-jobseeker-jobs/20260402.1/_next/static/chunks/framework-1ce91eb6f9ecda85.js:0:98906)
    at ow (https://resources.reed.co.uk/cdn/web-jobseeker-jobs/20260402.1/_next/static/chunks/framework-1ce91eb6f9ecda85.js:0:93979)
    at x (https://resources.reed.co.uk/cdn/web-jobseeker-jobs/20260402.1/_next/static/chunks/framework-1ce91eb6f9ecda85.js:0:130703)
    at T (https://resources.reed.co.uk/cdn/web-jobseeker-jobs/20260402.1/_next/static/chunks/framework-1ce91eb6f9ecda85.js:0:131233)
[    1028ms] Uncaught Error: Minified React error #418; visit https://reactjs.org/docs/error-decoder.html?invariant=418 for the full message or use the non-minified dev environment for full errors and additional helpful warnings.
    at lh (https://resources.reed.co.uk/cdn/web-jobseeker-jobs/20260402.1/_next/static/chunks/framework-1ce91eb6f9ecda85.js:0:46549)
    at i (https://resources.reed.co.uk/cdn/web-jobseeker-jobs/20260402.1/_next/static/chunks/framework-1ce91eb6f9ecda85.js:0:121052)
    at oM (https://resources.reed.co.uk/cdn/web-jobseeker-jobs/20260402.1/_next/static/chunks/framework-1ce91eb6f9ecda85.js:0:99036)
    at oF (https://resources.reed.co.uk/cdn/web-jobseeker-jobs/20260402.1/_next/static/chunks/framework-1ce91eb6f9ecda85.js:0:98906)
    at ow (https://resources.reed.co.uk/cdn/web-jobseeker-jobs/20260402.1/_next/static/chunks/framework-1ce91eb6f9ecda85.js:0:93979)
    at x (https://resources.reed.co.uk/cdn/web-jobseeker-jobs/20260402.1/_next/static/chunks/framework-1ce91eb6f9ecda85.js:0:130703)
    at T (https://resources.reed.co.uk/cdn/web-jobseeker-jobs/20260402.1/_next/static/chunks/framework-1ce91eb6f9ecda85.js:0:131233)
[    1028ms] Uncaught Error: Minified React error #418; visit https://reactjs.org/docs/error-decoder.html?invariant=418 for the full message or use the non-minified dev environment for full errors and additional helpful warnings.
    at lh (https://resources.reed.co.uk/cdn/web-jobseeker-jobs/20260402.1/_next/static/chunks/framework-1ce91eb6f9ecda85.js:0:46549)
    at i (https://resources.reed.co.uk/cdn/web-jobseeker-jobs/20260402.1/_next/static/chunks/framework-1ce91eb6f9ecda85.js:0:121052)
    at oM (https://resources.reed.co.uk/cdn/web-jobseeker-jobs/20260402.1/_next/static/chunks/framework-1ce91eb6f9ecda85.js:0:99036)
    at oF (https://resources.reed.co.uk/cdn/web-jobseeker-jobs/20260402.1/_next/static/chunks/framework-1ce91eb6f9ecda85.js:0:98906)
    at ow (https://resources.reed.co.uk/cdn/web-jobseeker-jobs/20260402.1/_next/static/chunks/framework-1ce91eb6f9ecda85.js:0:93979)
    at x (https://resources.reed.co.uk/cdn/web-jobseeker-jobs/20260402.1/_next/static/chunks/framework-1ce91eb6f9ecda85.js:0:130703)
    at T (https://resources.reed.co.uk/cdn/web-jobseeker-jobs/20260402.1/_next/static/chunks/framework-1ce91eb6f9ecda85.js:0:131233)
[    1029ms] Uncaught Error: Minified React error #423; visit https://reactjs.org/docs/error-decoder.html?invariant=423 for the full message or use the non-minified dev environment for full errors and additional helpful warnings.
    at i (https://resources.reed.co.uk/cdn/web-jobseeker-jobs/20260402.1/_next/static/chunks/framework-1ce91eb6f9ecda85.js:0:120711)
    at oM (https://resources.reed.co.uk/cdn/web-jobseeker-jobs/20260402.1/_next/static/chunks/framework-1ce91eb6f9ecda85.js:0:99036)
    at oF (https://resources.reed.co.uk/cdn/web-jobseeker-jobs/20260402.1/_next/static/chunks/framework-1ce91eb6f9ecda85.js:0:98906)
    at oS (https://resources.reed.co.uk/cdn/web-jobseeker-jobs/20260402.1/_next/static/chunks/framework-1ce91eb6f9ecda85.js:0:95677)
    at ow (https://resources.reed.co.uk/cdn/web-jobseeker-jobs/20260402.1/_next/static/chunks/framework-1ce91eb6f9ecda85.js:0:94232)
    at x (https://resources.reed.co.uk/cdn/web-jobseeker-jobs/20260402.1/_next/static/chunks/framework-1ce91eb6f9ecda85.js:0:130703)
    at T (https://resources.reed.co.uk/cdn/web-jobseeker-jobs/20260402.1/_next/static/chunks/framework-1ce91eb6f9ecda85.js:0:131233)
[    2363ms] [LOG] Influent Media script loaded @ https://resources.reed.co.uk/cdn/web-jobseeker-jobs/20260402.1/_next/static/chunks/307-fdbeae25a91c3798.js:0
[    2390ms] [LOG] Influent Media script initialized @ https://resources.reed.co.uk/cdn/web-jobseeker-jobs/20260402.1/_next/static/chunks/307-fdbeae25a91c3798.js:0
[    2681ms] [LOG] Visibility threshold pct=50, Visibility threshold ms = 0 @ https://tag.durationmedia.net/sites/11540/dm.js:0
[    2743ms] [INFO] [REFRESH PATCH] pubads.refresh patched @ https://cdn1.anonymised.io/light/loader.js?ref=gtm:0
[    3316ms] [LOG] Starting 3pc test @ https://static.anonm.io/light/check3pc.html:9
[    3320ms] [LOG] 3PC enabled: true @ https://static.anonm.io/light/check3pc.html:32
[    3321ms] [LOG] Storage API: cookie access granted @ https://static.anonm.io/light/check3pc.html:15
[    3385ms] [INFO] [REFRESH PATCH] Injecting targeting {key: AnonymisedSignalLift, value: 0} @ https://cdn1.anonymised.io/light/loader.js?ref=gtm:0
