[     561ms] [ERROR] Failed to load resource: net::ERR_FAILED @ chrome-extension://invalid/:0
[     665ms] [ERROR] Failed to load resource: net::ERR_FAILED @ chrome-extension://invalid/:0
[    1848ms] [WARNING] [OPTIMIZELY] - WARN  2026-03-26T11:23:23.037Z Invalid eventBatchSize undefined, defaulting to 10 @ https://www.totaljobs.com/static/lpca/social-auth-logout-script/main.js?v=2026-03-26:1
[    1849ms] [WARNING] [OPTIMIZELY] - WARN  2026-03-26T11:23:23.061Z Invalid eventFlushInterval undefined, defaulting to 1000 @ https://www.totaljobs.com/static/lpca/social-auth-logout-script/main.js?v=2026-03-26:1
[    2127ms] [WARNING] Disabling this snippet because Optimizely has already initialized on this page load. Are there multiple snippets on the page? @ https://www.totaljobs.com/optimizely-edge/20561852190.js:2
[    4864ms] [WARNING] [OPTIMIZELY] - WARN  2026-03-26T11:23:26.072Z Invalid eventBatchSize undefined, defaulting to 10 @ https://www.totaljobs.com/viewlets/searchbarrenderer/search-bar-renderer/uk/1_71_0__d3c02e3/vendors.af106491529af76777df.js:1
[    4865ms] [WARNING] [OPTIMIZELY] - WARN  2026-03-26T11:23:26.077Z Invalid eventFlushInterval undefined, defaulting to 1000 @ https://www.totaljobs.com/viewlets/searchbarrenderer/search-bar-renderer/uk/1_71_0__d3c02e3/vendors.af106491529af76777df.js:1
[    5888ms] [WARNING] Datadog Browser SDK: SDK is loaded more than once. This is unsupported and might have unexpected behavior. @ https://www.totaljobs.com/viewlets/res/resultlist-renderer/uk/1_383_0__4fbd6f501/unifiedResultlist.js:1
[    9358ms] Error: Minified React error #418; visit https://reactjs.org/docs/error-decoder.html?invariant=418 for the full message or use the non-minified dev environment for full errors and additional helpful warnings.
    at ui (https://www.totaljobs.com/viewlets/res/resultlist-renderer/uk/1_383_0__4fbd6f501/unifiedResultlist.js:2:494595)
    at wl (https://www.totaljobs.com/viewlets/res/resultlist-renderer/uk/1_383_0__4fbd6f501/unifiedResultlist.js:2:567403)
    at bc (https://www.totaljobs.com/viewlets/res/resultlist-renderer/uk/1_383_0__4fbd6f501/unifiedResultlist.js:2:554965)
    at yc (https://www.totaljobs.com/viewlets/res/resultlist-renderer/uk/1_383_0__4fbd6f501/unifiedResultlist.js:2:554893)
    at vc (https://www.totaljobs.com/viewlets/res/resultlist-renderer/uk/1_383_0__4fbd6f501/unifiedResultlist.js:2:554756)
    at ic (https://www.totaljobs.com/viewlets/res/resultlist-renderer/uk/1_383_0__4fbd6f501/unifiedResultlist.js:2:549921)
    at C (https://www.totaljobs.com/viewlets/res/resultlist-renderer/uk/1_383_0__4fbd6f501/unifiedResultlist.js:2:584732)
    at F (https://www.totaljobs.com/viewlets/res/resultlist-renderer/uk/1_383_0__4fbd6f501/unifiedResultlist.js:2:585264)
    at e.exports (https://www.totaljobs.com/sharedassets/@stepstone/react-redux-vendor-package-next/22.0.0/index.js:2:19882)
    at g.<computed> (https://www.totaljobs.com/sharedassets/@stepstone/react-redux-vendor-package-next/22.0.0/index.js:2:35098)
[    9359ms] Error: Minified React error #423; visit https://reactjs.org/docs/error-decoder.html?invariant=423 for the full message or use the non-minified dev environment for full errors and additional helpful warnings.
    at wl (https://www.totaljobs.com/viewlets/res/resultlist-renderer/uk/1_383_0__4fbd6f501/unifiedResultlist.js:2:567089)
    at bc (https://www.totaljobs.com/viewlets/res/resultlist-renderer/uk/1_383_0__4fbd6f501/unifiedResultlist.js:2:554965)
    at yc (https://www.totaljobs.com/viewlets/res/resultlist-renderer/uk/1_383_0__4fbd6f501/unifiedResultlist.js:2:554893)
    at vc (https://www.totaljobs.com/viewlets/res/resultlist-renderer/uk/1_383_0__4fbd6f501/unifiedResultlist.js:2:554756)
    at ac (https://www.totaljobs.com/viewlets/res/resultlist-renderer/uk/1_383_0__4fbd6f501/unifiedResultlist.js:2:551591)
    at ic (https://www.totaljobs.com/viewlets/res/resultlist-renderer/uk/1_383_0__4fbd6f501/unifiedResultlist.js:2:550147)
    at C (https://www.totaljobs.com/viewlets/res/resultlist-renderer/uk/1_383_0__4fbd6f501/unifiedResultlist.js:2:584732)
    at F (https://www.totaljobs.com/viewlets/res/resultlist-renderer/uk/1_383_0__4fbd6f501/unifiedResultlist.js:2:585264)
    at e.exports (https://www.totaljobs.com/sharedassets/@stepstone/react-redux-vendor-package-next/22.0.0/index.js:2:19882)
    at g.<computed> (https://www.totaljobs.com/sharedassets/@stepstone/react-redux-vendor-package-next/22.0.0/index.js:2:35098)
[   11784ms] [ERROR] Failed to load resource: net::ERR_CONNECTION_RESET @ https://tags.tiqcdn.com/utag/stepstone/stepstone-uk/prod/utag.8.js?utv=ut4.46.202407151126:0
[   12653ms] [WARNING] Engagement SDK failed to load within 10000ms. Resolving pending calls gracefully. @ https://www.totaljobs.com/sharedassets/@stepstone/amplitude-wrapper-sap/latest/main.js:0
[   12653ms] [WARNING] Engagement SDK method 'boot' still in queue (isAsyncMethod=true); attempting to resolve as no-op. @ https://www.totaljobs.com/sharedassets/@stepstone/amplitude-wrapper-sap/latest/main.js:0
[   12654ms] [WARNING] Engagement SDK method 'boot' resolved as no-op due to script loading failure @ https://www.totaljobs.com/sharedassets/@stepstone/amplitude-wrapper-sap/latest/main.js:0
[   13209ms] [WARNING] Engagement SDK not booted. Ignoring identity change. @ https://www.totaljobs.com/sharedassets/@stepstone/amplitude-wrapper-sap/latest/main.js:0
