[    1025ms] [WARNING] [OPTIMIZELY] - WARN  2026-03-26T11:27:16.368Z Invalid eventBatchSize undefined, defaulting to 10 @ https://www.totaljobs.com/static/lpca/social-auth-logout-script/main.js?v=2026-03-23:1
[    1026ms] [WARNING] [OPTIMIZELY] - WARN  2026-03-26T11:27:16.372Z Invalid eventFlushInterval undefined, defaulting to 1000 @ https://www.totaljobs.com/static/lpca/social-auth-logout-script/main.js?v=2026-03-23:1
[    1626ms] [ERROR] Failed to load resource: the server responded with a status of 404 () @ https://www.totaljobs.com/branded-assets/:0
[    2177ms] [WARNING] [OPTIMIZELY] - WARN  2026-03-26T11:27:17.520Z Invalid eventBatchSize undefined, defaulting to 10 @ https://www.totaljobs.com/viewlets/searchbarrenderer/search-bar-renderer/uk/1_71_0__d3c02e3/vendors.af106491529af76777df.js:1
[    2178ms] [WARNING] [OPTIMIZELY] - WARN  2026-03-26T11:27:17.524Z Invalid eventFlushInterval undefined, defaulting to 1000 @ https://www.totaljobs.com/viewlets/searchbarrenderer/search-bar-renderer/uk/1_71_0__d3c02e3/vendors.af106491529af76777df.js:1
[    2367ms] [WARNING] Datadog Browser SDK: SDK is loaded more than once. This is unsupported and might have unexpected behavior. @ https://www.totaljobs.com/static/ld/job-ad-display/732-5b534f846661efa34dd3.js?a530840429f56731c414:1
[    2488ms] [ERROR] Datadog Browser SDK: DD_LOGS is already initialized. @ https://www.totaljobs.com/static/ld/job-ad-display/732-5b534f846661efa34dd3.js?a530840429f56731c414:1
[    2581ms] [WARNING] Datadog Browser SDK: SDK is loaded more than once. This is unsupported and might have unexpected behavior. @ https://www.totaljobs.com/static/cbc-garland/recom/recommender-widget/reco-477-1ba645127fb4f29bc5c3-5942beb.js?2675ca99e905bfe32db1:1
[    3612ms] Error: Minified React error #425; visit https://reactjs.org/docs/error-decoder.html?invariant=425 for the full message or use the non-minified dev environment for full errors and additional helpful warnings.
    at Qr (https://www.totaljobs.com/static/cbc-garland/recom/recommender-widget/reco-477-1ba645127fb4f29bc5c3-5942beb.js?2675ca99e905bfe32db1:2:184594)
    at Xs (https://www.totaljobs.com/static/cbc-garland/recom/recommender-widget/reco-477-1ba645127fb4f29bc5c3-5942beb.js?2675ca99e905bfe32db1:2:225824)
    at Su (https://www.totaljobs.com/static/cbc-garland/recom/recommender-widget/reco-477-1ba645127fb4f29bc5c3-5942beb.js?2675ca99e905bfe32db1:2:249971)
    at wu (https://www.totaljobs.com/static/cbc-garland/recom/recommender-widget/reco-477-1ba645127fb4f29bc5c3-5942beb.js?2675ca99e905bfe32db1:2:249711)
    at bu (https://www.totaljobs.com/static/cbc-garland/recom/recommender-widget/reco-477-1ba645127fb4f29bc5c3-5942beb.js?2675ca99e905bfe32db1:2:249578)
    at vu (https://www.totaljobs.com/static/cbc-garland/recom/recommender-widget/reco-477-1ba645127fb4f29bc5c3-5942beb.js?2675ca99e905bfe32db1:2:249441)
    at au (https://www.totaljobs.com/static/cbc-garland/recom/recommender-widget/reco-477-1ba645127fb4f29bc5c3-5942beb.js?2675ca99e905bfe32db1:2:244606)
    at E (https://www.totaljobs.com/static/cbc-garland/recom/recommender-widget/reco-477-1ba645127fb4f29bc5c3-5942beb.js?2675ca99e905bfe32db1:2:621416)
    at O (https://www.totaljobs.com/static/cbc-garland/recom/recommender-widget/reco-477-1ba645127fb4f29bc5c3-5942beb.js?2675ca99e905bfe32db1:2:621948)
    at e.exports (https://www.totaljobs.com/sharedassets/@stepstone/react-redux-vendor-package-next/22.0.0/index.js:2:19882)
[    3613ms] Error: Minified React error #423; visit https://reactjs.org/docs/error-decoder.html?invariant=423 for the full message or use the non-minified dev environment for full errors and additional helpful warnings.
    at kl (https://www.totaljobs.com/static/cbc-garland/recom/recommender-widget/reco-477-1ba645127fb4f29bc5c3-5942beb.js?2675ca99e905bfe32db1:2:261774)
    at wu (https://www.totaljobs.com/static/cbc-garland/recom/recommender-widget/reco-477-1ba645127fb4f29bc5c3-5942beb.js?2675ca99e905bfe32db1:2:249650)
    at bu (https://www.totaljobs.com/static/cbc-garland/recom/recommender-widget/reco-477-1ba645127fb4f29bc5c3-5942beb.js?2675ca99e905bfe32db1:2:249578)
    at vu (https://www.totaljobs.com/static/cbc-garland/recom/recommender-widget/reco-477-1ba645127fb4f29bc5c3-5942beb.js?2675ca99e905bfe32db1:2:249441)
    at su (https://www.totaljobs.com/static/cbc-garland/recom/recommender-widget/reco-477-1ba645127fb4f29bc5c3-5942beb.js?2675ca99e905bfe32db1:2:246276)
    at au (https://www.totaljobs.com/static/cbc-garland/recom/recommender-widget/reco-477-1ba645127fb4f29bc5c3-5942beb.js?2675ca99e905bfe32db1:2:244832)
    at E (https://www.totaljobs.com/static/cbc-garland/recom/recommender-widget/reco-477-1ba645127fb4f29bc5c3-5942beb.js?2675ca99e905bfe32db1:2:621416)
    at O (https://www.totaljobs.com/static/cbc-garland/recom/recommender-widget/reco-477-1ba645127fb4f29bc5c3-5942beb.js?2675ca99e905bfe32db1:2:621948)
    at e.exports (https://www.totaljobs.com/sharedassets/@stepstone/react-redux-vendor-package-next/22.0.0/index.js:2:19882)
    at g.<computed> (https://www.totaljobs.com/sharedassets/@stepstone/react-redux-vendor-package-next/22.0.0/index.js:2:35098)
[    3998ms] [ERROR] Failed to load resource: the server responded with a status of 404 () @ https://www.totaljobs.com/premium/api/v1/candidate/subscription/status:0
[    6272ms] [WARNING] [Meta Pixel] - Duplicate Pixel ID: 665267016975562. @ https://connect.facebook.net/en_US/fbevents.js:175
[    6325ms] Uncaught The pagetype parameter is required when you include the prodid parameter.
    at UET.throwError (https://bat.bing.com/bat.js:0:26126)
    at UET.validateDataObjectNew (https://bat.bing.com/bat.js:0:31565)
    at UET.evt (https://bat.bing.com/bat.js:0:35110)
    at UET._push (https://bat.bing.com/bat.js:0:16964)
    at UET.checkuetHostdocumentload (https://bat.bing.com/bat.js:0:7903)
    at <anonymous> (https://bat.bing.com/bat.js:0:8194)
[    8857ms] [ERROR] Attestation check for Attribution Reporting on https://www.facebook.com failed. @ https://www.totaljobs.com/job/systems-it-support/lj-recruitment-limited-job106979258:0
[    8931ms] [ERROR] Attestation check for Attribution Reporting on https://www.facebook.com failed. @ https://www.totaljobs.com/job/systems-it-support/lj-recruitment-limited-job106979258:0
[    8931ms] [ERROR] Attestation check for Attribution Reporting on https://www.facebook.com failed. @ https://www.totaljobs.com/job/systems-it-support/lj-recruitment-limited-job106979258:0
[    8993ms] [ERROR] Attestation check for Attribution Reporting on https://www.facebook.com failed. @ https://www.totaljobs.com/job/systems-it-support/lj-recruitment-limited-job106979258:0
[    8995ms] [ERROR] Attestation check for Attribution Reporting on https://www.facebook.com failed. @ https://www.totaljobs.com/job/systems-it-support/lj-recruitment-limited-job106979258:0
[   24135ms] [WARNING] [OPTIMIZELY] - WARN  2026-03-26T11:27:39.481Z Invalid eventBatchSize undefined, defaulting to 10 @ https://www.totaljobs.com/static/lpca/social-auth-logout-script/main.js?v=2026-03-25:1
[   24136ms] [WARNING] [OPTIMIZELY] - WARN  2026-03-26T11:27:39.482Z Invalid eventFlushInterval undefined, defaulting to 1000 @ https://www.totaljobs.com/static/lpca/social-auth-logout-script/main.js?v=2026-03-25:1
[   24305ms] [WARNING] Datadog Browser SDK: SDK is loaded more than once. This is unsupported and might have unexpected behavior. @ https://www.totaljobs.com/application/process-renderer/assets/main.e8011ca9474037069869.js:1
[   26907ms] SyntaxError: Failed to execute 'json' on 'Response': Unexpected end of JSON input
    at s (https://www.totaljobs.com/application/process-renderer/assets/main.e8011ca9474037069869.js:2:231989)
[   27185ms] [WARNING] [Meta Pixel] - Duplicate Pixel ID: 665267016975562. @ https://connect.facebook.net/en_US/fbevents.js:175
[   27847ms] Uncaught The pagetype parameter is required when you include the prodid parameter.
    at UET.throwError (https://bat.bing.com/bat.js:0:26126)
    at UET.validateDataObjectNew (https://bat.bing.com/bat.js:0:31565)
    at UET.evt (https://bat.bing.com/bat.js:0:35110)
    at UET._push (https://bat.bing.com/bat.js:0:16964)
    at UET.checkuetHostdocumentload (https://bat.bing.com/bat.js:0:7903)
    at <anonymous> (https://bat.bing.com/bat.js:0:8194)
[   28155ms] [ERROR] Attestation check for Attribution Reporting on https://www.facebook.com failed. @ https://www.totaljobs.com/job/3b3210c4-6083-49a6-9ea5-750d563bd20e/application/dynamic-apply?workflow=ApplyExpress&locale=en_GB:0
[   28156ms] [ERROR] Attestation check for Attribution Reporting on https://www.facebook.com failed. @ https://www.totaljobs.com/job/3b3210c4-6083-49a6-9ea5-750d563bd20e/application/dynamic-apply?workflow=ApplyExpress&locale=en_GB:0
[   28182ms] [ERROR] Attestation check for Attribution Reporting on https://www.facebook.com failed. @ https://www.totaljobs.com/job/3b3210c4-6083-49a6-9ea5-750d563bd20e/application/dynamic-apply?workflow=ApplyExpress&locale=en_GB:0
[   28193ms] [ERROR] Attestation check for Attribution Reporting on https://www.facebook.com failed. @ https://www.totaljobs.com/job/3b3210c4-6083-49a6-9ea5-750d563bd20e/application/dynamic-apply?workflow=ApplyExpress&locale=en_GB:0
[   31860ms] [WARNING] The resource https://www.totaljobs.com/application/process-renderer/assets/app.6b8f4100bd128908701c.js was preloaded using link preload but not used within a few seconds from the window's load event. Please make sure it has an appropriate `as` value and it is preloaded intentionally. @ https://www.totaljobs.com/job/3b3210c4-6083-49a6-9ea5-750d563bd20e/application/dynamic-apply?workflow=ApplyExpress&locale=en_GB:0
[   31860ms] [WARNING] The resource https://www.totaljobs.com/sharedassets/@stepstone-genesis/fonts/core/fonts.css was preloaded using link preload but not used within a few seconds from the window's load event. Please make sure it has an appropriate `as` value and it is preloaded intentionally. @ https://www.totaljobs.com/job/3b3210c4-6083-49a6-9ea5-750d563bd20e/application/dynamic-apply?workflow=ApplyExpress&locale=en_GB:0
[   34506ms] [WARNING] [OPTIMIZELY] - WARN  2026-03-26T11:27:49.852Z Invalid eventBatchSize undefined, defaulting to 10 @ https://www.totaljobs.com/static/lpca/social-auth-logout-script/main.js?v=2026-03-25:1
[   34507ms] [WARNING] [OPTIMIZELY] - WARN  2026-03-26T11:27:49.853Z Invalid eventFlushInterval undefined, defaulting to 1000 @ https://www.totaljobs.com/static/lpca/social-auth-logout-script/main.js?v=2026-03-25:1
[   35151ms] [WARNING] Datadog Browser SDK: SDK is loaded more than once. This is unsupported and might have unexpected behavior. @ https://www.totaljobs.com/application/process-renderer/assets/confirmation.1014290052c280cc8044.js:1
[   37739ms] Uncaught The pagetype parameter is required when you include the prodid parameter.
    at UET.throwError (https://bat.bing.com/bat.js:0:26126)
    at UET.validateDataObjectNew (https://bat.bing.com/bat.js:0:31565)
    at UET.evt (https://bat.bing.com/bat.js:0:35110)
    at UET._push (https://bat.bing.com/bat.js:0:16964)
    at UET.push (https://bat.bing.com/bat.js:0:16726)
    at u.loader_cb (https://tags.tiqcdn.com/utag/stepstone/stepstone-uk/prod/utag.854.js?utv=ut4.46.202403071029:75:111)
    at u.callBack (https://tags.tiqcdn.com/utag/stepstone/stepstone-uk/prod/utag.854.js?utv=ut4.46.202403071029:76:121)
    at <anonymous> (https://tags.stepstone.com/utag/uk/prod/utag.js:103:118)
[   38381ms] [WARNING] [Meta Pixel] - Duplicate Pixel ID: 665267016975562. @ https://connect.facebook.net/en_US/fbevents.js:175
[   39292ms] [ERROR] Attestation check for Attribution Reporting on https://www.facebook.com failed. @ https://www.totaljobs.com/job/3b3210c4-6083-49a6-9ea5-750d563bd20e/application/confirmation/success?userFlow=ApplyExpress&locale=en_GB&applicationId=9281a60d-5dee-4794-8bc9-b442e95c4a8d:0
[   39296ms] [ERROR] Attestation check for Attribution Reporting on https://www.facebook.com failed. @ https://www.totaljobs.com/job/3b3210c4-6083-49a6-9ea5-750d563bd20e/application/confirmation/success?userFlow=ApplyExpress&locale=en_GB&applicationId=9281a60d-5dee-4794-8bc9-b442e95c4a8d:0
[   43873ms] [WARNING] The resource https://www.totaljobs.com/sharedassets/@stepstone-genesis/fonts/core/Relative-Bold-Pro.woff2 was preloaded using link preload but not used within a few seconds from the window's load event. Please make sure it has an appropriate `as` value and it is preloaded intentionally. @ https://www.totaljobs.com/job/3b3210c4-6083-49a6-9ea5-750d563bd20e/application/confirmation/success?userFlow=ApplyExpress&locale=en_GB&applicationId=9281a60d-5dee-4794-8bc9-b442e95c4a8d:0
[   43873ms] [WARNING] The resource https://www.totaljobs.com/sharedassets/@stepstone-genesis/fonts/core/Relative-Medium-Pro.woff2 was preloaded using link preload but not used within a few seconds from the window's load event. Please make sure it has an appropriate `as` value and it is preloaded intentionally. @ https://www.totaljobs.com/job/3b3210c4-6083-49a6-9ea5-750d563bd20e/application/confirmation/success?userFlow=ApplyExpress&locale=en_GB&applicationId=9281a60d-5dee-4794-8bc9-b442e95c4a8d:0
[   43873ms] [WARNING] The resource https://www.totaljobs.com/sharedassets/@stepstone-genesis/fonts/core/Relative-Book-Pro.woff2 was preloaded using link preload but not used within a few seconds from the window's load event. Please make sure it has an appropriate `as` value and it is preloaded intentionally. @ https://www.totaljobs.com/job/3b3210c4-6083-49a6-9ea5-750d563bd20e/application/confirmation/success?userFlow=ApplyExpress&locale=en_GB&applicationId=9281a60d-5dee-4794-8bc9-b442e95c4a8d:0
[   43873ms] [WARNING] The resource https://www.totaljobs.com/sharedassets/@stepstone-genesis/fonts/core/fonts.css was preloaded using link preload but not used within a few seconds from the window's load event. Please make sure it has an appropriate `as` value and it is preloaded intentionally. @ https://www.totaljobs.com/job/3b3210c4-6083-49a6-9ea5-750d563bd20e/application/confirmation/success?userFlow=ApplyExpress&locale=en_GB&applicationId=9281a60d-5dee-4794-8bc9-b442e95c4a8d:0
[   67655ms] [WARNING] The resource https://www.totaljobs.com/sharedassets/@stepstone-genesis/fonts/core/Relative-Bold-Pro.woff2 was preloaded using link preload but not used within a few seconds from the window's load event. Please make sure it has an appropriate `as` value and it is preloaded intentionally. @ https://www.totaljobs.com/job/3b3210c4-6083-49a6-9ea5-750d563bd20e/application/confirmation/success?userFlow=ApplyExpress&locale=en_GB&applicationId=9281a60d-5dee-4794-8bc9-b442e95c4a8d:0
[   67655ms] [WARNING] The resource https://www.totaljobs.com/sharedassets/@stepstone-genesis/fonts/core/Relative-Medium-Pro.woff2 was preloaded using link preload but not used within a few seconds from the window's load event. Please make sure it has an appropriate `as` value and it is preloaded intentionally. @ https://www.totaljobs.com/job/3b3210c4-6083-49a6-9ea5-750d563bd20e/application/confirmation/success?userFlow=ApplyExpress&locale=en_GB&applicationId=9281a60d-5dee-4794-8bc9-b442e95c4a8d:0
[   67655ms] [WARNING] The resource https://www.totaljobs.com/sharedassets/@stepstone-genesis/fonts/core/Relative-Book-Pro.woff2 was preloaded using link preload but not used within a few seconds from the window's load event. Please make sure it has an appropriate `as` value and it is preloaded intentionally. @ https://www.totaljobs.com/job/3b3210c4-6083-49a6-9ea5-750d563bd20e/application/confirmation/success?userFlow=ApplyExpress&locale=en_GB&applicationId=9281a60d-5dee-4794-8bc9-b442e95c4a8d:0
[   67655ms] [WARNING] The resource https://www.totaljobs.com/sharedassets/@stepstone-genesis/fonts/core/fonts.css was preloaded using link preload but not used within a few seconds from the window's load event. Please make sure it has an appropriate `as` value and it is preloaded intentionally. @ https://www.totaljobs.com/job/3b3210c4-6083-49a6-9ea5-750d563bd20e/application/confirmation/success?userFlow=ApplyExpress&locale=en_GB&applicationId=9281a60d-5dee-4794-8bc9-b442e95c4a8d:0
[   73367ms] [WARNING] The resource https://www.totaljobs.com/sharedassets/@stepstone-genesis/fonts/core/Relative-Bold-Pro.woff2 was preloaded using link preload but not used within a few seconds from the window's load event. Please make sure it has an appropriate `as` value and it is preloaded intentionally. @ https://www.totaljobs.com/job/3b3210c4-6083-49a6-9ea5-750d563bd20e/application/confirmation/success?userFlow=ApplyExpress&locale=en_GB&applicationId=9281a60d-5dee-4794-8bc9-b442e95c4a8d:0
[   73367ms] [WARNING] The resource https://www.totaljobs.com/sharedassets/@stepstone-genesis/fonts/core/Relative-Medium-Pro.woff2 was preloaded using link preload but not used within a few seconds from the window's load event. Please make sure it has an appropriate `as` value and it is preloaded intentionally. @ https://www.totaljobs.com/job/3b3210c4-6083-49a6-9ea5-750d563bd20e/application/confirmation/success?userFlow=ApplyExpress&locale=en_GB&applicationId=9281a60d-5dee-4794-8bc9-b442e95c4a8d:0
[   73367ms] [WARNING] The resource https://www.totaljobs.com/sharedassets/@stepstone-genesis/fonts/core/Relative-Book-Pro.woff2 was preloaded using link preload but not used within a few seconds from the window's load event. Please make sure it has an appropriate `as` value and it is preloaded intentionally. @ https://www.totaljobs.com/job/3b3210c4-6083-49a6-9ea5-750d563bd20e/application/confirmation/success?userFlow=ApplyExpress&locale=en_GB&applicationId=9281a60d-5dee-4794-8bc9-b442e95c4a8d:0
[   73367ms] [WARNING] The resource https://www.totaljobs.com/sharedassets/@stepstone-genesis/fonts/core/fonts.css was preloaded using link preload but not used within a few seconds from the window's load event. Please make sure it has an appropriate `as` value and it is preloaded intentionally. @ https://www.totaljobs.com/job/3b3210c4-6083-49a6-9ea5-750d563bd20e/application/confirmation/success?userFlow=ApplyExpress&locale=en_GB&applicationId=9281a60d-5dee-4794-8bc9-b442e95c4a8d:0
