[    2343ms] Uncaught Error: Minified React error #418; visit https://reactjs.org/docs/error-decoder.html?invariant=418 for the full message or use the non-minified dev environment for full errors and additional helpful warnings.
    at lh (https://resources.reed.co.uk/cdn/web-jobseeker-jobs/20260402.1/_next/static/chunks/framework-1ce91eb6f9ecda85.js:0:46429)
    at i (https://resources.reed.co.uk/cdn/web-jobseeker-jobs/20260402.1/_next/static/chunks/framework-1ce91eb6f9ecda85.js:0:121052)
    at oM (https://resources.reed.co.uk/cdn/web-jobseeker-jobs/20260402.1/_next/static/chunks/framework-1ce91eb6f9ecda85.js:0:99036)
    at oF (https://resources.reed.co.uk/cdn/web-jobseeker-jobs/20260402.1/_next/static/chunks/framework-1ce91eb6f9ecda85.js:0:98906)
    at ow (https://resources.reed.co.uk/cdn/web-jobseeker-jobs/20260402.1/_next/static/chunks/framework-1ce91eb6f9ecda85.js:0:93979)
    at x (https://resources.reed.co.uk/cdn/web-jobseeker-jobs/20260402.1/_next/static/chunks/framework-1ce91eb6f9ecda85.js:0:130703)
    at T (https://resources.reed.co.uk/cdn/web-jobseeker-jobs/20260402.1/_next/static/chunks/framework-1ce91eb6f9ecda85.js:0:131233)
[    2343ms] Uncaught Error: Minified React error #425; visit https://reactjs.org/docs/error-decoder.html?invariant=425 for the full message or use the non-minified dev environment for full errors and additional helpful warnings.
    at rm (https://resources.reed.co.uk/cdn/web-jobseeker-jobs/20260402.1/_next/static/chunks/framework-1ce91eb6f9ecda85.js:0:40258)
    at <anonymous> (https://resources.reed.co.uk/cdn/web-jobseeker-jobs/20260402.1/_next/static/chunks/framework-1ce91eb6f9ecda85.js:0:103399)
    at oO (https://resources.reed.co.uk/cdn/web-jobseeker-jobs/20260402.1/_next/static/chunks/framework-1ce91eb6f9ecda85.js:0:106146)
    at oM (https://resources.reed.co.uk/cdn/web-jobseeker-jobs/20260402.1/_next/static/chunks/framework-1ce91eb6f9ecda85.js:0:99096)
    at oF (https://resources.reed.co.uk/cdn/web-jobseeker-jobs/20260402.1/_next/static/chunks/framework-1ce91eb6f9ecda85.js:0:98906)
    at ow (https://resources.reed.co.uk/cdn/web-jobseeker-jobs/20260402.1/_next/static/chunks/framework-1ce91eb6f9ecda85.js:0:93979)
    at x (https://resources.reed.co.uk/cdn/web-jobseeker-jobs/20260402.1/_next/static/chunks/framework-1ce91eb6f9ecda85.js:0:130703)
    at T (https://resources.reed.co.uk/cdn/web-jobseeker-jobs/20260402.1/_next/static/chunks/framework-1ce91eb6f9ecda85.js:0:131233)
[    2344ms] Uncaught Error: Minified React error #418; visit https://reactjs.org/docs/error-decoder.html?invariant=418 for the full message or use the non-minified dev environment for full errors and additional helpful warnings.
    at lh (https://resources.reed.co.uk/cdn/web-jobseeker-jobs/20260402.1/_next/static/chunks/framework-1ce91eb6f9ecda85.js:0:46549)
    at i (https://resources.reed.co.uk/cdn/web-jobseeker-jobs/20260402.1/_next/static/chunks/framework-1ce91eb6f9ecda85.js:0:121052)
    at oM (https://resources.reed.co.uk/cdn/web-jobseeker-jobs/20260402.1/_next/static/chunks/framework-1ce91eb6f9ecda85.js:0:99036)
    at oF (https://resources.reed.co.uk/cdn/web-jobseeker-jobs/20260402.1/_next/static/chunks/framework-1ce91eb6f9ecda85.js:0:98906)
    at ow (https://resources.reed.co.uk/cdn/web-jobseeker-jobs/20260402.1/_next/static/chunks/framework-1ce91eb6f9ecda85.js:0:93979)
    at x (https://resources.reed.co.uk/cdn/web-jobseeker-jobs/20260402.1/_next/static/chunks/framework-1ce91eb6f9ecda85.js:0:130703)
    at T (https://resources.reed.co.uk/cdn/web-jobseeker-jobs/20260402.1/_next/static/chunks/framework-1ce91eb6f9ecda85.js:0:131233)
[    2344ms] Uncaught Error: Minified React error #418; visit https://reactjs.org/docs/error-decoder.html?invariant=418 for the full message or use the non-minified dev environment for full errors and additional helpful warnings.
    at lh (https://resources.reed.co.uk/cdn/web-jobseeker-jobs/20260402.1/_next/static/chunks/framework-1ce91eb6f9ecda85.js:0:46549)
    at i (https://resources.reed.co.uk/cdn/web-jobseeker-jobs/20260402.1/_next/static/chunks/framework-1ce91eb6f9ecda85.js:0:121052)
    at oM (https://resources.reed.co.uk/cdn/web-jobseeker-jobs/20260402.1/_next/static/chunks/framework-1ce91eb6f9ecda85.js:0:99036)
    at oF (https://resources.reed.co.uk/cdn/web-jobseeker-jobs/20260402.1/_next/static/chunks/framework-1ce91eb6f9ecda85.js:0:98906)
    at ow (https://resources.reed.co.uk/cdn/web-jobseeker-jobs/20260402.1/_next/static/chunks/framework-1ce91eb6f9ecda85.js:0:93979)
    at x (https://resources.reed.co.uk/cdn/web-jobseeker-jobs/20260402.1/_next/static/chunks/framework-1ce91eb6f9ecda85.js:0:130703)
    at T (https://resources.reed.co.uk/cdn/web-jobseeker-jobs/20260402.1/_next/static/chunks/framework-1ce91eb6f9ecda85.js:0:131233)
[    2344ms] Uncaught Error: Minified React error #418; visit https://reactjs.org/docs/error-decoder.html?invariant=418 for the full message or use the non-minified dev environment for full errors and additional helpful warnings.
    at lh (https://resources.reed.co.uk/cdn/web-jobseeker-jobs/20260402.1/_next/static/chunks/framework-1ce91eb6f9ecda85.js:0:46549)
    at i (https://resources.reed.co.uk/cdn/web-jobseeker-jobs/20260402.1/_next/static/chunks/framework-1ce91eb6f9ecda85.js:0:121052)
    at oM (https://resources.reed.co.uk/cdn/web-jobseeker-jobs/20260402.1/_next/static/chunks/framework-1ce91eb6f9ecda85.js:0:99036)
    at oF (https://resources.reed.co.uk/cdn/web-jobseeker-jobs/20260402.1/_next/static/chunks/framework-1ce91eb6f9ecda85.js:0:98906)
    at ow (https://resources.reed.co.uk/cdn/web-jobseeker-jobs/20260402.1/_next/static/chunks/framework-1ce91eb6f9ecda85.js:0:93979)
    at x (https://resources.reed.co.uk/cdn/web-jobseeker-jobs/20260402.1/_next/static/chunks/framework-1ce91eb6f9ecda85.js:0:130703)
    at T (https://resources.reed.co.uk/cdn/web-jobseeker-jobs/20260402.1/_next/static/chunks/framework-1ce91eb6f9ecda85.js:0:131233)
[    2344ms] Uncaught Error: Minified React error #418; visit https://reactjs.org/docs/error-decoder.html?invariant=418 for the full message or use the non-minified dev environment for full errors and additional helpful warnings.
    at lh (https://resources.reed.co.uk/cdn/web-jobseeker-jobs/20260402.1/_next/static/chunks/framework-1ce91eb6f9ecda85.js:0:46549)
    at i (https://resources.reed.co.uk/cdn/web-jobseeker-jobs/20260402.1/_next/static/chunks/framework-1ce91eb6f9ecda85.js:0:121052)
    at oM (https://resources.reed.co.uk/cdn/web-jobseeker-jobs/20260402.1/_next/static/chunks/framework-1ce91eb6f9ecda85.js:0:99036)
    at oF (https://resources.reed.co.uk/cdn/web-jobseeker-jobs/20260402.1/_next/static/chunks/framework-1ce91eb6f9ecda85.js:0:98906)
    at ow (https://resources.reed.co.uk/cdn/web-jobseeker-jobs/20260402.1/_next/static/chunks/framework-1ce91eb6f9ecda85.js:0:93979)
    at x (https://resources.reed.co.uk/cdn/web-jobseeker-jobs/20260402.1/_next/static/chunks/framework-1ce91eb6f9ecda85.js:0:130703)
    at T (https://resources.reed.co.uk/cdn/web-jobseeker-jobs/20260402.1/_next/static/chunks/framework-1ce91eb6f9ecda85.js:0:131233)
[    2345ms] Uncaught Error: Minified React error #418; visit https://reactjs.org/docs/error-decoder.html?invariant=418 for the full message or use the non-minified dev environment for full errors and additional helpful warnings.
    at lh (https://resources.reed.co.uk/cdn/web-jobseeker-jobs/20260402.1/_next/static/chunks/framework-1ce91eb6f9ecda85.js:0:46549)
    at i (https://resources.reed.co.uk/cdn/web-jobseeker-jobs/20260402.1/_next/static/chunks/framework-1ce91eb6f9ecda85.js:0:121052)
    at oM (https://resources.reed.co.uk/cdn/web-jobseeker-jobs/20260402.1/_next/static/chunks/framework-1ce91eb6f9ecda85.js:0:99036)
    at oF (https://resources.reed.co.uk/cdn/web-jobseeker-jobs/20260402.1/_next/static/chunks/framework-1ce91eb6f9ecda85.js:0:98906)
    at ow (https://resources.reed.co.uk/cdn/web-jobseeker-jobs/20260402.1/_next/static/chunks/framework-1ce91eb6f9ecda85.js:0:93979)
    at x (https://resources.reed.co.uk/cdn/web-jobseeker-jobs/20260402.1/_next/static/chunks/framework-1ce91eb6f9ecda85.js:0:130703)
    at T (https://resources.reed.co.uk/cdn/web-jobseeker-jobs/20260402.1/_next/static/chunks/framework-1ce91eb6f9ecda85.js:0:131233)
[    2345ms] Uncaught Error: Minified React error #418; visit https://reactjs.org/docs/error-decoder.html?invariant=418 for the full message or use the non-minified dev environment for full errors and additional helpful warnings.
    at lh (https://resources.reed.co.uk/cdn/web-jobseeker-jobs/20260402.1/_next/static/chunks/framework-1ce91eb6f9ecda85.js:0:46549)
    at i (https://resources.reed.co.uk/cdn/web-jobseeker-jobs/20260402.1/_next/static/chunks/framework-1ce91eb6f9ecda85.js:0:121052)
    at oM (https://resources.reed.co.uk/cdn/web-jobseeker-jobs/20260402.1/_next/static/chunks/framework-1ce91eb6f9ecda85.js:0:99036)
    at oF (https://resources.reed.co.uk/cdn/web-jobseeker-jobs/20260402.1/_next/static/chunks/framework-1ce91eb6f9ecda85.js:0:98906)
    at ow (https://resources.reed.co.uk/cdn/web-jobseeker-jobs/20260402.1/_next/static/chunks/framework-1ce91eb6f9ecda85.js:0:93979)
    at x (https://resources.reed.co.uk/cdn/web-jobseeker-jobs/20260402.1/_next/static/chunks/framework-1ce91eb6f9ecda85.js:0:130703)
    at T (https://resources.reed.co.uk/cdn/web-jobseeker-jobs/20260402.1/_next/static/chunks/framework-1ce91eb6f9ecda85.js:0:131233)
[    2346ms] Uncaught Error: Minified React error #418; visit https://reactjs.org/docs/error-decoder.html?invariant=418 for the full message or use the non-minified dev environment for full errors and additional helpful warnings.
    at lh (https://resources.reed.co.uk/cdn/web-jobseeker-jobs/20260402.1/_next/static/chunks/framework-1ce91eb6f9ecda85.js:0:46549)
    at i (https://resources.reed.co.uk/cdn/web-jobseeker-jobs/20260402.1/_next/static/chunks/framework-1ce91eb6f9ecda85.js:0:121052)
    at oM (https://resources.reed.co.uk/cdn/web-jobseeker-jobs/20260402.1/_next/static/chunks/framework-1ce91eb6f9ecda85.js:0:99036)
    at oF (https://resources.reed.co.uk/cdn/web-jobseeker-jobs/20260402.1/_next/static/chunks/framework-1ce91eb6f9ecda85.js:0:98906)
    at ow (https://resources.reed.co.uk/cdn/web-jobseeker-jobs/20260402.1/_next/static/chunks/framework-1ce91eb6f9ecda85.js:0:93979)
    at x (https://resources.reed.co.uk/cdn/web-jobseeker-jobs/20260402.1/_next/static/chunks/framework-1ce91eb6f9ecda85.js:0:130703)
    at T (https://resources.reed.co.uk/cdn/web-jobseeker-jobs/20260402.1/_next/static/chunks/framework-1ce91eb6f9ecda85.js:0:131233)
[    2346ms] Uncaught Error: Minified React error #418; visit https://reactjs.org/docs/error-decoder.html?invariant=418 for the full message or use the non-minified dev environment for full errors and additional helpful warnings.
    at lh (https://resources.reed.co.uk/cdn/web-jobseeker-jobs/20260402.1/_next/static/chunks/framework-1ce91eb6f9ecda85.js:0:46549)
    at i (https://resources.reed.co.uk/cdn/web-jobseeker-jobs/20260402.1/_next/static/chunks/framework-1ce91eb6f9ecda85.js:0:121052)
    at oM (https://resources.reed.co.uk/cdn/web-jobseeker-jobs/20260402.1/_next/static/chunks/framework-1ce91eb6f9ecda85.js:0:99036)
    at oF (https://resources.reed.co.uk/cdn/web-jobseeker-jobs/20260402.1/_next/static/chunks/framework-1ce91eb6f9ecda85.js:0:98906)
    at ow (https://resources.reed.co.uk/cdn/web-jobseeker-jobs/20260402.1/_next/static/chunks/framework-1ce91eb6f9ecda85.js:0:93979)
    at x (https://resources.reed.co.uk/cdn/web-jobseeker-jobs/20260402.1/_next/static/chunks/framework-1ce91eb6f9ecda85.js:0:130703)
    at T (https://resources.reed.co.uk/cdn/web-jobseeker-jobs/20260402.1/_next/static/chunks/framework-1ce91eb6f9ecda85.js:0:131233)
[    2347ms] Uncaught Error: Minified React error #418; visit https://reactjs.org/docs/error-decoder.html?invariant=418 for the full message or use the non-minified dev environment for full errors and additional helpful warnings.
    at lh (https://resources.reed.co.uk/cdn/web-jobseeker-jobs/20260402.1/_next/static/chunks/framework-1ce91eb6f9ecda85.js:0:46549)
    at i (https://resources.reed.co.uk/cdn/web-jobseeker-jobs/20260402.1/_next/static/chunks/framework-1ce91eb6f9ecda85.js:0:121052)
    at oM (https://resources.reed.co.uk/cdn/web-jobseeker-jobs/20260402.1/_next/static/chunks/framework-1ce91eb6f9ecda85.js:0:99036)
    at oF (https://resources.reed.co.uk/cdn/web-jobseeker-jobs/20260402.1/_next/static/chunks/framework-1ce91eb6f9ecda85.js:0:98906)
    at ow (https://resources.reed.co.uk/cdn/web-jobseeker-jobs/20260402.1/_next/static/chunks/framework-1ce91eb6f9ecda85.js:0:93979)
    at x (https://resources.reed.co.uk/cdn/web-jobseeker-jobs/20260402.1/_next/static/chunks/framework-1ce91eb6f9ecda85.js:0:130703)
    at T (https://resources.reed.co.uk/cdn/web-jobseeker-jobs/20260402.1/_next/static/chunks/framework-1ce91eb6f9ecda85.js:0:131233)
[    2347ms] Uncaught Error: Minified React error #418; visit https://reactjs.org/docs/error-decoder.html?invariant=418 for the full message or use the non-minified dev environment for full errors and additional helpful warnings.
    at lh (https://resources.reed.co.uk/cdn/web-jobseeker-jobs/20260402.1/_next/static/chunks/framework-1ce91eb6f9ecda85.js:0:46549)
    at i (https://resources.reed.co.uk/cdn/web-jobseeker-jobs/20260402.1/_next/static/chunks/framework-1ce91eb6f9ecda85.js:0:121052)
    at oM (https://resources.reed.co.uk/cdn/web-jobseeker-jobs/20260402.1/_next/static/chunks/framework-1ce91eb6f9ecda85.js:0:99036)
    at oF (https://resources.reed.co.uk/cdn/web-jobseeker-jobs/20260402.1/_next/static/chunks/framework-1ce91eb6f9ecda85.js:0:98906)
    at ow (https://resources.reed.co.uk/cdn/web-jobseeker-jobs/20260402.1/_next/static/chunks/framework-1ce91eb6f9ecda85.js:0:93979)
    at x (https://resources.reed.co.uk/cdn/web-jobseeker-jobs/20260402.1/_next/static/chunks/framework-1ce91eb6f9ecda85.js:0:130703)
    at T (https://resources.reed.co.uk/cdn/web-jobseeker-jobs/20260402.1/_next/static/chunks/framework-1ce91eb6f9ecda85.js:0:131233)
[    2349ms] Uncaught Error: Minified React error #418; visit https://reactjs.org/docs/error-decoder.html?invariant=418 for the full message or use the non-minified dev environment for full errors and additional helpful warnings.
    at lh (https://resources.reed.co.uk/cdn/web-jobseeker-jobs/20260402.1/_next/static/chunks/framework-1ce91eb6f9ecda85.js:0:46549)
    at i (https://resources.reed.co.uk/cdn/web-jobseeker-jobs/20260402.1/_next/static/chunks/framework-1ce91eb6f9ecda85.js:0:121052)
    at oM (https://resources.reed.co.uk/cdn/web-jobseeker-jobs/20260402.1/_next/static/chunks/framework-1ce91eb6f9ecda85.js:0:99036)
    at oF (https://resources.reed.co.uk/cdn/web-jobseeker-jobs/20260402.1/_next/static/chunks/framework-1ce91eb6f9ecda85.js:0:98906)
    at ow (https://resources.reed.co.uk/cdn/web-jobseeker-jobs/20260402.1/_next/static/chunks/framework-1ce91eb6f9ecda85.js:0:93979)
    at x (https://resources.reed.co.uk/cdn/web-jobseeker-jobs/20260402.1/_next/static/chunks/framework-1ce91eb6f9ecda85.js:0:130703)
    at T (https://resources.reed.co.uk/cdn/web-jobseeker-jobs/20260402.1/_next/static/chunks/framework-1ce91eb6f9ecda85.js:0:131233)
[    2349ms] Uncaught Error: Minified React error #418; visit https://reactjs.org/docs/error-decoder.html?invariant=418 for the full message or use the non-minified dev environment for full errors and additional helpful warnings.
    at lh (https://resources.reed.co.uk/cdn/web-jobseeker-jobs/20260402.1/_next/static/chunks/framework-1ce91eb6f9ecda85.js:0:46549)
    at i (https://resources.reed.co.uk/cdn/web-jobseeker-jobs/20260402.1/_next/static/chunks/framework-1ce91eb6f9ecda85.js:0:121052)
    at oM (https://resources.reed.co.uk/cdn/web-jobseeker-jobs/20260402.1/_next/static/chunks/framework-1ce91eb6f9ecda85.js:0:99036)
    at oF (https://resources.reed.co.uk/cdn/web-jobseeker-jobs/20260402.1/_next/static/chunks/framework-1ce91eb6f9ecda85.js:0:98906)
    at ow (https://resources.reed.co.uk/cdn/web-jobseeker-jobs/20260402.1/_next/static/chunks/framework-1ce91eb6f9ecda85.js:0:93979)
    at x (https://resources.reed.co.uk/cdn/web-jobseeker-jobs/20260402.1/_next/static/chunks/framework-1ce91eb6f9ecda85.js:0:130703)
    at T (https://resources.reed.co.uk/cdn/web-jobseeker-jobs/20260402.1/_next/static/chunks/framework-1ce91eb6f9ecda85.js:0:131233)
[    2350ms] Uncaught Error: Minified React error #418; visit https://reactjs.org/docs/error-decoder.html?invariant=418 for the full message or use the non-minified dev environment for full errors and additional helpful warnings.
    at lh (https://resources.reed.co.uk/cdn/web-jobseeker-jobs/20260402.1/_next/static/chunks/framework-1ce91eb6f9ecda85.js:0:46549)
    at i (https://resources.reed.co.uk/cdn/web-jobseeker-jobs/20260402.1/_next/static/chunks/framework-1ce91eb6f9ecda85.js:0:121052)
    at oM (https://resources.reed.co.uk/cdn/web-jobseeker-jobs/20260402.1/_next/static/chunks/framework-1ce91eb6f9ecda85.js:0:99036)
    at oF (https://resources.reed.co.uk/cdn/web-jobseeker-jobs/20260402.1/_next/static/chunks/framework-1ce91eb6f9ecda85.js:0:98906)
    at ow (https://resources.reed.co.uk/cdn/web-jobseeker-jobs/20260402.1/_next/static/chunks/framework-1ce91eb6f9ecda85.js:0:93979)
    at x (https://resources.reed.co.uk/cdn/web-jobseeker-jobs/20260402.1/_next/static/chunks/framework-1ce91eb6f9ecda85.js:0:130703)
    at T (https://resources.reed.co.uk/cdn/web-jobseeker-jobs/20260402.1/_next/static/chunks/framework-1ce91eb6f9ecda85.js:0:131233)
[    2350ms] Uncaught Error: Minified React error #418; visit https://reactjs.org/docs/error-decoder.html?invariant=418 for the full message or use the non-minified dev environment for full errors and additional helpful warnings.
    at lh (https://resources.reed.co.uk/cdn/web-jobseeker-jobs/20260402.1/_next/static/chunks/framework-1ce91eb6f9ecda85.js:0:46549)
    at i (https://resources.reed.co.uk/cdn/web-jobseeker-jobs/20260402.1/_next/static/chunks/framework-1ce91eb6f9ecda85.js:0:121052)
    at oM (https://resources.reed.co.uk/cdn/web-jobseeker-jobs/20260402.1/_next/static/chunks/framework-1ce91eb6f9ecda85.js:0:99036)
    at oF (https://resources.reed.co.uk/cdn/web-jobseeker-jobs/20260402.1/_next/static/chunks/framework-1ce91eb6f9ecda85.js:0:98906)
    at ow (https://resources.reed.co.uk/cdn/web-jobseeker-jobs/20260402.1/_next/static/chunks/framework-1ce91eb6f9ecda85.js:0:93979)
    at x (https://resources.reed.co.uk/cdn/web-jobseeker-jobs/20260402.1/_next/static/chunks/framework-1ce91eb6f9ecda85.js:0:130703)
    at T (https://resources.reed.co.uk/cdn/web-jobseeker-jobs/20260402.1/_next/static/chunks/framework-1ce91eb6f9ecda85.js:0:131233)
[    2350ms] Uncaught Error: Minified React error #418; visit https://reactjs.org/docs/error-decoder.html?invariant=418 for the full message or use the non-minified dev environment for full errors and additional helpful warnings.
    at lh (https://resources.reed.co.uk/cdn/web-jobseeker-jobs/20260402.1/_next/static/chunks/framework-1ce91eb6f9ecda85.js:0:46549)
    at i (https://resources.reed.co.uk/cdn/web-jobseeker-jobs/20260402.1/_next/static/chunks/framework-1ce91eb6f9ecda85.js:0:121052)
    at oM (https://resources.reed.co.uk/cdn/web-jobseeker-jobs/20260402.1/_next/static/chunks/framework-1ce91eb6f9ecda85.js:0:99036)
    at oF (https://resources.reed.co.uk/cdn/web-jobseeker-jobs/20260402.1/_next/static/chunks/framework-1ce91eb6f9ecda85.js:0:98906)
    at ow (https://resources.reed.co.uk/cdn/web-jobseeker-jobs/20260402.1/_next/static/chunks/framework-1ce91eb6f9ecda85.js:0:93979)
    at x (https://resources.reed.co.uk/cdn/web-jobseeker-jobs/20260402.1/_next/static/chunks/framework-1ce91eb6f9ecda85.js:0:130703)
    at T (https://resources.reed.co.uk/cdn/web-jobseeker-jobs/20260402.1/_next/static/chunks/framework-1ce91eb6f9ecda85.js:0:131233)
[    2351ms] Uncaught Error: Minified React error #418; visit https://reactjs.org/docs/error-decoder.html?invariant=418 for the full message or use the non-minified dev environment for full errors and additional helpful warnings.
    at lh (https://resources.reed.co.uk/cdn/web-jobseeker-jobs/20260402.1/_next/static/chunks/framework-1ce91eb6f9ecda85.js:0:46549)
    at i (https://resources.reed.co.uk/cdn/web-jobseeker-jobs/20260402.1/_next/static/chunks/framework-1ce91eb6f9ecda85.js:0:121052)
    at oM (https://resources.reed.co.uk/cdn/web-jobseeker-jobs/20260402.1/_next/static/chunks/framework-1ce91eb6f9ecda85.js:0:99036)
    at oF (https://resources.reed.co.uk/cdn/web-jobseeker-jobs/20260402.1/_next/static/chunks/framework-1ce91eb6f9ecda85.js:0:98906)
    at ow (https://resources.reed.co.uk/cdn/web-jobseeker-jobs/20260402.1/_next/static/chunks/framework-1ce91eb6f9ecda85.js:0:93979)
    at x (https://resources.reed.co.uk/cdn/web-jobseeker-jobs/20260402.1/_next/static/chunks/framework-1ce91eb6f9ecda85.js:0:130703)
    at T (https://resources.reed.co.uk/cdn/web-jobseeker-jobs/20260402.1/_next/static/chunks/framework-1ce91eb6f9ecda85.js:0:131233)
[    2351ms] Uncaught Error: Minified React error #418; visit https://reactjs.org/docs/error-decoder.html?invariant=418 for the full message or use the non-minified dev environment for full errors and additional helpful warnings.
    at lh (https://resources.reed.co.uk/cdn/web-jobseeker-jobs/20260402.1/_next/static/chunks/framework-1ce91eb6f9ecda85.js:0:46549)
    at i (https://resources.reed.co.uk/cdn/web-jobseeker-jobs/20260402.1/_next/static/chunks/framework-1ce91eb6f9ecda85.js:0:121052)
    at oM (https://resources.reed.co.uk/cdn/web-jobseeker-jobs/20260402.1/_next/static/chunks/framework-1ce91eb6f9ecda85.js:0:99036)
    at oF (https://resources.reed.co.uk/cdn/web-jobseeker-jobs/20260402.1/_next/static/chunks/framework-1ce91eb6f9ecda85.js:0:98906)
    at ow (https://resources.reed.co.uk/cdn/web-jobseeker-jobs/20260402.1/_next/static/chunks/framework-1ce91eb6f9ecda85.js:0:93979)
    at x (https://resources.reed.co.uk/cdn/web-jobseeker-jobs/20260402.1/_next/static/chunks/framework-1ce91eb6f9ecda85.js:0:130703)
    at T (https://resources.reed.co.uk/cdn/web-jobseeker-jobs/20260402.1/_next/static/chunks/framework-1ce91eb6f9ecda85.js:0:131233)
[    2351ms] Uncaught Error: Minified React error #418; visit https://reactjs.org/docs/error-decoder.html?invariant=418 for the full message or use the non-minified dev environment for full errors and additional helpful warnings.
    at lh (https://resources.reed.co.uk/cdn/web-jobseeker-jobs/20260402.1/_next/static/chunks/framework-1ce91eb6f9ecda85.js:0:46549)
    at i (https://resources.reed.co.uk/cdn/web-jobseeker-jobs/20260402.1/_next/static/chunks/framework-1ce91eb6f9ecda85.js:0:121052)
    at oM (https://resources.reed.co.uk/cdn/web-jobseeker-jobs/20260402.1/_next/static/chunks/framework-1ce91eb6f9ecda85.js:0:99036)
    at oF (https://resources.reed.co.uk/cdn/web-jobseeker-jobs/20260402.1/_next/static/chunks/framework-1ce91eb6f9ecda85.js:0:98906)
    at ow (https://resources.reed.co.uk/cdn/web-jobseeker-jobs/20260402.1/_next/static/chunks/framework-1ce91eb6f9ecda85.js:0:93979)
    at x (https://resources.reed.co.uk/cdn/web-jobseeker-jobs/20260402.1/_next/static/chunks/framework-1ce91eb6f9ecda85.js:0:130703)
    at T (https://resources.reed.co.uk/cdn/web-jobseeker-jobs/20260402.1/_next/static/chunks/framework-1ce91eb6f9ecda85.js:0:131233)
[    2352ms] Uncaught Error: Minified React error #418; visit https://reactjs.org/docs/error-decoder.html?invariant=418 for the full message or use the non-minified dev environment for full errors and additional helpful warnings.
    at lh (https://resources.reed.co.uk/cdn/web-jobseeker-jobs/20260402.1/_next/static/chunks/framework-1ce91eb6f9ecda85.js:0:46549)
    at i (https://resources.reed.co.uk/cdn/web-jobseeker-jobs/20260402.1/_next/static/chunks/framework-1ce91eb6f9ecda85.js:0:121052)
    at oM (https://resources.reed.co.uk/cdn/web-jobseeker-jobs/20260402.1/_next/static/chunks/framework-1ce91eb6f9ecda85.js:0:99036)
    at oF (https://resources.reed.co.uk/cdn/web-jobseeker-jobs/20260402.1/_next/static/chunks/framework-1ce91eb6f9ecda85.js:0:98906)
    at ow (https://resources.reed.co.uk/cdn/web-jobseeker-jobs/20260402.1/_next/static/chunks/framework-1ce91eb6f9ecda85.js:0:93979)
    at x (https://resources.reed.co.uk/cdn/web-jobseeker-jobs/20260402.1/_next/static/chunks/framework-1ce91eb6f9ecda85.js:0:130703)
    at T (https://resources.reed.co.uk/cdn/web-jobseeker-jobs/20260402.1/_next/static/chunks/framework-1ce91eb6f9ecda85.js:0:131233)
[    2352ms] Uncaught Error: Minified React error #418; visit https://reactjs.org/docs/error-decoder.html?invariant=418 for the full message or use the non-minified dev environment for full errors and additional helpful warnings.
    at lh (https://resources.reed.co.uk/cdn/web-jobseeker-jobs/20260402.1/_next/static/chunks/framework-1ce91eb6f9ecda85.js:0:46549)
    at i (https://resources.reed.co.uk/cdn/web-jobseeker-jobs/20260402.1/_next/static/chunks/framework-1ce91eb6f9ecda85.js:0:121052)
    at oM (https://resources.reed.co.uk/cdn/web-jobseeker-jobs/20260402.1/_next/static/chunks/framework-1ce91eb6f9ecda85.js:0:99036)
    at oF (https://resources.reed.co.uk/cdn/web-jobseeker-jobs/20260402.1/_next/static/chunks/framework-1ce91eb6f9ecda85.js:0:98906)
    at ow (https://resources.reed.co.uk/cdn/web-jobseeker-jobs/20260402.1/_next/static/chunks/framework-1ce91eb6f9ecda85.js:0:93979)
    at x (https://resources.reed.co.uk/cdn/web-jobseeker-jobs/20260402.1/_next/static/chunks/framework-1ce91eb6f9ecda85.js:0:130703)
    at T (https://resources.reed.co.uk/cdn/web-jobseeker-jobs/20260402.1/_next/static/chunks/framework-1ce91eb6f9ecda85.js:0:131233)
[    2353ms] Uncaught Error: Minified React error #418; visit https://reactjs.org/docs/error-decoder.html?invariant=418 for the full message or use the non-minified dev environment for full errors and additional helpful warnings.
    at lh (https://resources.reed.co.uk/cdn/web-jobseeker-jobs/20260402.1/_next/static/chunks/framework-1ce91eb6f9ecda85.js:0:46549)
    at i (https://resources.reed.co.uk/cdn/web-jobseeker-jobs/20260402.1/_next/static/chunks/framework-1ce91eb6f9ecda85.js:0:121052)
    at oM (https://resources.reed.co.uk/cdn/web-jobseeker-jobs/20260402.1/_next/static/chunks/framework-1ce91eb6f9ecda85.js:0:99036)
    at oF (https://resources.reed.co.uk/cdn/web-jobseeker-jobs/20260402.1/_next/static/chunks/framework-1ce91eb6f9ecda85.js:0:98906)
    at ow (https://resources.reed.co.uk/cdn/web-jobseeker-jobs/20260402.1/_next/static/chunks/framework-1ce91eb6f9ecda85.js:0:93979)
    at x (https://resources.reed.co.uk/cdn/web-jobseeker-jobs/20260402.1/_next/static/chunks/framework-1ce91eb6f9ecda85.js:0:130703)
    at T (https://resources.reed.co.uk/cdn/web-jobseeker-jobs/20260402.1/_next/static/chunks/framework-1ce91eb6f9ecda85.js:0:131233)
[    2353ms] Uncaught Error: Minified React error #418; visit https://reactjs.org/docs/error-decoder.html?invariant=418 for the full message or use the non-minified dev environment for full errors and additional helpful warnings.
    at lh (https://resources.reed.co.uk/cdn/web-jobseeker-jobs/20260402.1/_next/static/chunks/framework-1ce91eb6f9ecda85.js:0:46549)
    at i (https://resources.reed.co.uk/cdn/web-jobseeker-jobs/20260402.1/_next/static/chunks/framework-1ce91eb6f9ecda85.js:0:121052)
    at oM (https://resources.reed.co.uk/cdn/web-jobseeker-jobs/20260402.1/_next/static/chunks/framework-1ce91eb6f9ecda85.js:0:99036)
    at oF (https://resources.reed.co.uk/cdn/web-jobseeker-jobs/20260402.1/_next/static/chunks/framework-1ce91eb6f9ecda85.js:0:98906)
    at ow (https://resources.reed.co.uk/cdn/web-jobseeker-jobs/20260402.1/_next/static/chunks/framework-1ce91eb6f9ecda85.js:0:93979)
    at x (https://resources.reed.co.uk/cdn/web-jobseeker-jobs/20260402.1/_next/static/chunks/framework-1ce91eb6f9ecda85.js:0:130703)
    at T (https://resources.reed.co.uk/cdn/web-jobseeker-jobs/20260402.1/_next/static/chunks/framework-1ce91eb6f9ecda85.js:0:131233)
[    2354ms] Uncaught Error: Minified React error #418; visit https://reactjs.org/docs/error-decoder.html?invariant=418 for the full message or use the non-minified dev environment for full errors and additional helpful warnings.
    at lh (https://resources.reed.co.uk/cdn/web-jobseeker-jobs/20260402.1/_next/static/chunks/framework-1ce91eb6f9ecda85.js:0:46549)
    at i (https://resources.reed.co.uk/cdn/web-jobseeker-jobs/20260402.1/_next/static/chunks/framework-1ce91eb6f9ecda85.js:0:121052)
    at oM (https://resources.reed.co.uk/cdn/web-jobseeker-jobs/20260402.1/_next/static/chunks/framework-1ce91eb6f9ecda85.js:0:99036)
    at oF (https://resources.reed.co.uk/cdn/web-jobseeker-jobs/20260402.1/_next/static/chunks/framework-1ce91eb6f9ecda85.js:0:98906)
    at ow (https://resources.reed.co.uk/cdn/web-jobseeker-jobs/20260402.1/_next/static/chunks/framework-1ce91eb6f9ecda85.js:0:93979)
    at x (https://resources.reed.co.uk/cdn/web-jobseeker-jobs/20260402.1/_next/static/chunks/framework-1ce91eb6f9ecda85.js:0:130703)
    at T (https://resources.reed.co.uk/cdn/web-jobseeker-jobs/20260402.1/_next/static/chunks/framework-1ce91eb6f9ecda85.js:0:131233)
[    2354ms] Uncaught Error: Minified React error #418; visit https://reactjs.org/docs/error-decoder.html?invariant=418 for the full message or use the non-minified dev environment for full errors and additional helpful warnings.
    at lh (https://resources.reed.co.uk/cdn/web-jobseeker-jobs/20260402.1/_next/static/chunks/framework-1ce91eb6f9ecda85.js:0:46549)
    at i (https://resources.reed.co.uk/cdn/web-jobseeker-jobs/20260402.1/_next/static/chunks/framework-1ce91eb6f9ecda85.js:0:121052)
    at oM (https://resources.reed.co.uk/cdn/web-jobseeker-jobs/20260402.1/_next/static/chunks/framework-1ce91eb6f9ecda85.js:0:99036)
    at oF (https://resources.reed.co.uk/cdn/web-jobseeker-jobs/20260402.1/_next/static/chunks/framework-1ce91eb6f9ecda85.js:0:98906)
    at ow (https://resources.reed.co.uk/cdn/web-jobseeker-jobs/20260402.1/_next/static/chunks/framework-1ce91eb6f9ecda85.js:0:93979)
    at x (https://resources.reed.co.uk/cdn/web-jobseeker-jobs/20260402.1/_next/static/chunks/framework-1ce91eb6f9ecda85.js:0:130703)
    at T (https://resources.reed.co.uk/cdn/web-jobseeker-jobs/20260402.1/_next/static/chunks/framework-1ce91eb6f9ecda85.js:0:131233)
[    2354ms] Uncaught Error: Minified React error #418; visit https://reactjs.org/docs/error-decoder.html?invariant=418 for the full message or use the non-minified dev environment for full errors and additional helpful warnings.
    at lh (https://resources.reed.co.uk/cdn/web-jobseeker-jobs/20260402.1/_next/static/chunks/framework-1ce91eb6f9ecda85.js:0:46549)
    at i (https://resources.reed.co.uk/cdn/web-jobseeker-jobs/20260402.1/_next/static/chunks/framework-1ce91eb6f9ecda85.js:0:121052)
    at oM (https://resources.reed.co.uk/cdn/web-jobseeker-jobs/20260402.1/_next/static/chunks/framework-1ce91eb6f9ecda85.js:0:99036)
    at oF (https://resources.reed.co.uk/cdn/web-jobseeker-jobs/20260402.1/_next/static/chunks/framework-1ce91eb6f9ecda85.js:0:98906)
    at ow (https://resources.reed.co.uk/cdn/web-jobseeker-jobs/20260402.1/_next/static/chunks/framework-1ce91eb6f9ecda85.js:0:93979)
    at x (https://resources.reed.co.uk/cdn/web-jobseeker-jobs/20260402.1/_next/static/chunks/framework-1ce91eb6f9ecda85.js:0:130703)
    at T (https://resources.reed.co.uk/cdn/web-jobseeker-jobs/20260402.1/_next/static/chunks/framework-1ce91eb6f9ecda85.js:0:131233)
[    2355ms] Uncaught Error: Minified React error #418; visit https://reactjs.org/docs/error-decoder.html?invariant=418 for the full message or use the non-minified dev environment for full errors and additional helpful warnings.
    at lh (https://resources.reed.co.uk/cdn/web-jobseeker-jobs/20260402.1/_next/static/chunks/framework-1ce91eb6f9ecda85.js:0:46549)
    at i (https://resources.reed.co.uk/cdn/web-jobseeker-jobs/20260402.1/_next/static/chunks/framework-1ce91eb6f9ecda85.js:0:121052)
    at oM (https://resources.reed.co.uk/cdn/web-jobseeker-jobs/20260402.1/_next/static/chunks/framework-1ce91eb6f9ecda85.js:0:99036)
    at oF (https://resources.reed.co.uk/cdn/web-jobseeker-jobs/20260402.1/_next/static/chunks/framework-1ce91eb6f9ecda85.js:0:98906)
    at ow (https://resources.reed.co.uk/cdn/web-jobseeker-jobs/20260402.1/_next/static/chunks/framework-1ce91eb6f9ecda85.js:0:93979)
    at x (https://resources.reed.co.uk/cdn/web-jobseeker-jobs/20260402.1/_next/static/chunks/framework-1ce91eb6f9ecda85.js:0:130703)
    at T (https://resources.reed.co.uk/cdn/web-jobseeker-jobs/20260402.1/_next/static/chunks/framework-1ce91eb6f9ecda85.js:0:131233)
[    2356ms] Uncaught Error: Minified React error #418; visit https://reactjs.org/docs/error-decoder.html?invariant=418 for the full message or use the non-minified dev environment for full errors and additional helpful warnings.
    at lh (https://resources.reed.co.uk/cdn/web-jobseeker-jobs/20260402.1/_next/static/chunks/framework-1ce91eb6f9ecda85.js:0:46549)
    at i (https://resources.reed.co.uk/cdn/web-jobseeker-jobs/20260402.1/_next/static/chunks/framework-1ce91eb6f9ecda85.js:0:121052)
    at oM (https://resources.reed.co.uk/cdn/web-jobseeker-jobs/20260402.1/_next/static/chunks/framework-1ce91eb6f9ecda85.js:0:99036)
    at oF (https://resources.reed.co.uk/cdn/web-jobseeker-jobs/20260402.1/_next/static/chunks/framework-1ce91eb6f9ecda85.js:0:98906)
    at ow (https://resources.reed.co.uk/cdn/web-jobseeker-jobs/20260402.1/_next/static/chunks/framework-1ce91eb6f9ecda85.js:0:93979)
    at x (https://resources.reed.co.uk/cdn/web-jobseeker-jobs/20260402.1/_next/static/chunks/framework-1ce91eb6f9ecda85.js:0:130703)
    at T (https://resources.reed.co.uk/cdn/web-jobseeker-jobs/20260402.1/_next/static/chunks/framework-1ce91eb6f9ecda85.js:0:131233)
[    2356ms] Uncaught Error: Minified React error #418; visit https://reactjs.org/docs/error-decoder.html?invariant=418 for the full message or use the non-minified dev environment for full errors and additional helpful warnings.
    at lh (https://resources.reed.co.uk/cdn/web-jobseeker-jobs/20260402.1/_next/static/chunks/framework-1ce91eb6f9ecda85.js:0:46549)
    at i (https://resources.reed.co.uk/cdn/web-jobseeker-jobs/20260402.1/_next/static/chunks/framework-1ce91eb6f9ecda85.js:0:121052)
    at oM (https://resources.reed.co.uk/cdn/web-jobseeker-jobs/20260402.1/_next/static/chunks/framework-1ce91eb6f9ecda85.js:0:99036)
    at oF (https://resources.reed.co.uk/cdn/web-jobseeker-jobs/20260402.1/_next/static/chunks/framework-1ce91eb6f9ecda85.js:0:98906)
    at ow (https://resources.reed.co.uk/cdn/web-jobseeker-jobs/20260402.1/_next/static/chunks/framework-1ce91eb6f9ecda85.js:0:93979)
    at x (https://resources.reed.co.uk/cdn/web-jobseeker-jobs/20260402.1/_next/static/chunks/framework-1ce91eb6f9ecda85.js:0:130703)
    at T (https://resources.reed.co.uk/cdn/web-jobseeker-jobs/20260402.1/_next/static/chunks/framework-1ce91eb6f9ecda85.js:0:131233)
[    2357ms] Uncaught Error: Minified React error #423; visit https://reactjs.org/docs/error-decoder.html?invariant=423 for the full message or use the non-minified dev environment for full errors and additional helpful warnings.
    at i (https://resources.reed.co.uk/cdn/web-jobseeker-jobs/20260402.1/_next/static/chunks/framework-1ce91eb6f9ecda85.js:0:120711)
    at oM (https://resources.reed.co.uk/cdn/web-jobseeker-jobs/20260402.1/_next/static/chunks/framework-1ce91eb6f9ecda85.js:0:99036)
    at oF (https://resources.reed.co.uk/cdn/web-jobseeker-jobs/20260402.1/_next/static/chunks/framework-1ce91eb6f9ecda85.js:0:98906)
    at oS (https://resources.reed.co.uk/cdn/web-jobseeker-jobs/20260402.1/_next/static/chunks/framework-1ce91eb6f9ecda85.js:0:95677)
    at ow (https://resources.reed.co.uk/cdn/web-jobseeker-jobs/20260402.1/_next/static/chunks/framework-1ce91eb6f9ecda85.js:0:94232)
    at x (https://resources.reed.co.uk/cdn/web-jobseeker-jobs/20260402.1/_next/static/chunks/framework-1ce91eb6f9ecda85.js:0:130703)
    at T (https://resources.reed.co.uk/cdn/web-jobseeker-jobs/20260402.1/_next/static/chunks/framework-1ce91eb6f9ecda85.js:0:131233)
[    4438ms] [LOG] Visibility threshold pct=50, Visibility threshold ms = 0 @ https://tag.durationmedia.net/sites/11540/dm.js:0
[    4588ms] [INFO] [REFRESH PATCH] pubads.refresh patched @ https://cdn1.anonymised.io/light/loader.js?ref=gtm:0
[    4755ms] [LOG] Influent Media script initialized @ https://resources.reed.co.uk/cdn/web-jobseeker-jobs/20260402.1/_next/static/chunks/307-fdbeae25a91c3798.js:0
[    5680ms] [LOG] Starting 3pc test @ https://static.anonm.io/light/check3pc.html:9
[    5684ms] [LOG] 3PC enabled: true @ https://static.anonm.io/light/check3pc.html:32
[    5685ms] [LOG] Storage API: cookie access granted @ https://static.anonm.io/light/check3pc.html:15
[    5692ms] [INFO] [REFRESH PATCH] Injecting targeting {key: AnonymisedSignalLift, value: 0} @ https://cdn1.anonymised.io/light/loader.js?ref=gtm:0
[    7013ms] [WARNING] Mixed Content: The page at 'https://ssum-sec.casalemedia.com/usermatch?gdpr=1&gdpr_consent=CQiCGJgQiCGJgAcABBENCYFsAP_gAEPgAChQMPtR_G__bWlr-bb3abtkeYxP9_hr7sQxBgbJk24FzLvW7JwHx2E5NAzatqIKmRIAu3TBIQNlHJDURUCgKIgFryDMaE2U4TNKJ6BkiFMZA2tYCFxvm4tjWQCY4ur_5lc1mB-t7dr82dzyy6hHn3a5fmS1UJCdIYetDfv8ZBOT-9IEd-x8v4v4_EbpEm-eS1n_pGtp4jd6YnM_dBmxt-Tyff7Pn__rl_e7X_ve_n3zv8oXH77r____f_-7___2b_-___b-__7IMPAAmGhUQRlkQKBAoCEECABQVhABQIAgAASBogIATBgQ5AwAXWEyAEAKAAYIAQAAgwABAAAJAAhEAEABAIAQIBAoAAwAIAgIAGBgADABYiAQAAgOgYpgQQCBYAJEZVBpgSgAJBAS2VCCUDAgrhCkWOAQQIiYKAAAEAAoAAEB8LAQklBKxIIAuILoAACAAAKIESBFIWYAgqDNFoKwJOAyNMAyfMEySnQZAEwQkZBkQmqCQeKYohQQ5AbFLMAdPEFADLtZIQ_wAAAA.f_wACHwAAAAA&d=https%3A%2F%2Fwww.reed.co.uk%2F&s=184674&cb=https%3A%2F%2Fcdn.indexww.com%2Fht%2Fhtw-pixel.gif%3F' was loaded over HTTPS, but requested an insecure element 'http://rtb2-useast.delivrdsp.ai/sync?exchange=1378&r=https%3A%2F%2Fdsum-sec.casalemedia.com%2Fcrum%3Fcm_dsp_id%3D282%26external_user_id%3D%7BUID%7D&us_privacy='. This request was automatically upgraded to HTTPS, For more information see https://blog.chromium.org/2019/10/no-more-mixed-messages-about-https.html @ https://ssum-sec.casalemedia.com/usermatch?gdpr=1&gdpr_consent=CQiCGJgQiCGJgAcABBENCYFsAP_gAEPgAChQMPtR_G__bWlr-bb3abtkeYxP9_hr7sQxBgbJk24FzLvW7JwHx2E5NAzatqIKmRIAu3TBIQNlHJDURUCgKIgFryDMaE2U4TNKJ6BkiFMZA2tYCFxvm4tjWQCY4ur_5lc1mB-t7dr82dzyy6hHn3a5fmS1UJCdIYetDfv8ZBOT-9IEd-x8v4v4_EbpEm-eS1n_pGtp4jd6YnM_dBmxt-Tyff7Pn__rl_e7X_ve_n3zv8oXH77r____f_-7___2b_-___b-__7IMPAAmGhUQRlkQKBAoCEECABQVhABQIAgAASBogIATBgQ5AwAXWEyAEAKAAYIAQAAgwABAAAJAAhEAEABAIAQIBAoAAwAIAgIAGBgADABYiAQAAgOgYpgQQCBYAJEZVBpgSgAJBAS2VCCUDAgrhCkWOAQQIiYKAAAEAAoAAEB8LAQklBKxIIAuILoAACAAAKIESBFIWYAgqDNFoKwJOAyNMAyfMEySnQZAEwQkZBkQmqCQeKYohQQ5AbFLMAdPEFADLtZIQ_wAAAA.f_wACHwAAAAA&d=https%3A%2F%2Fwww.reed.co.uk%2F&s=184674&cb=https%3A%2F%2Fcdn.indexww.com%2Fht%2Fhtw-pixel.gif%3F:0
[    7020ms] [WARNING] Mixed Content: The page at 'https://ssum-sec.casalemedia.com/usermatch?gdpr=1&gdpr_consent=CQiCGJgQiCGJgAcABBENCYFsAP_gAEPgAChQMPtR_G__bWlr-bb3abtkeYxP9_hr7sQxBgbJk24FzLvW7JwHx2E5NAzatqIKmRIAu3TBIQNlHJDURUCgKIgFryDMaE2U4TNKJ6BkiFMZA2tYCFxvm4tjWQCY4ur_5lc1mB-t7dr82dzyy6hHn3a5fmS1UJCdIYetDfv8ZBOT-9IEd-x8v4v4_EbpEm-eS1n_pGtp4jd6YnM_dBmxt-Tyff7Pn__rl_e7X_ve_n3zv8oXH77r____f_-7___2b_-___b-__7IMPAAmGhUQRlkQKBAoCEECABQVhABQIAgAASBogIATBgQ5AwAXWEyAEAKAAYIAQAAgwABAAAJAAhEAEABAIAQIBAoAAwAIAgIAGBgADABYiAQAAgOgYpgQQCBYAJEZVBpgSgAJBAS2VCCUDAgrhCkWOAQQIiYKAAAEAAoAAEB8LAQklBKxIIAuILoAACAAAKIESBFIWYAgqDNFoKwJOAyNMAyfMEySnQZAEwQkZBkQmqCQeKYohQQ5AbFLMAdPEFADLtZIQ_wAAAA.f_wACHwAAAAA&d=https%3A%2F%2Fwww.reed.co.uk%2F&s=184674&cb=https%3A%2F%2Fcdn.indexww.com%2Fht%2Fhtw-pixel.gif%3F' was loaded over HTTPS, but requested an insecure element 'http://rtb2-useast.delivrdsp.ai/sync?exchange=1378&r=https%3A%2F%2Fdsum-sec.casalemedia.com%2Fcrum%3Fcm_dsp_id%3D282%26external_user_id%3D%7BUID%7D&us_privacy='. This request was automatically upgraded to HTTPS, For more information see https://blog.chromium.org/2019/10/no-more-mixed-messages-about-https.html @ https://ssum-sec.casalemedia.com/usermatch?gdpr=1&gdpr_consent=CQiCGJgQiCGJgAcABBENCYFsAP_gAEPgAChQMPtR_G__bWlr-bb3abtkeYxP9_hr7sQxBgbJk24FzLvW7JwHx2E5NAzatqIKmRIAu3TBIQNlHJDURUCgKIgFryDMaE2U4TNKJ6BkiFMZA2tYCFxvm4tjWQCY4ur_5lc1mB-t7dr82dzyy6hHn3a5fmS1UJCdIYetDfv8ZBOT-9IEd-x8v4v4_EbpEm-eS1n_pGtp4jd6YnM_dBmxt-Tyff7Pn__rl_e7X_ve_n3zv8oXH77r____f_-7___2b_-___b-__7IMPAAmGhUQRlkQKBAoCEECABQVhABQIAgAASBogIATBgQ5AwAXWEyAEAKAAYIAQAAgwABAAAJAAhEAEABAIAQIBAoAAwAIAgIAGBgADABYiAQAAgOgYpgQQCBYAJEZVBpgSgAJBAS2VCCUDAgrhCkWOAQQIiYKAAAEAAoAAEB8LAQklBKxIIAuILoAACAAAKIESBFIWYAgqDNFoKwJOAyNMAyfMEySnQZAEwQkZBkQmqCQeKYohQQ5AbFLMAdPEFADLtZIQ_wAAAA.f_wACHwAAAAA&d=https%3A%2F%2Fwww.reed.co.uk%2F&s=184674&cb=https%3A%2F%2Fcdn.indexww.com%2Fht%2Fhtw-pixel.gif%3F:0
[    8251ms] [ERROR] Failed to load resource: the server responded with a status of 404 () @ https://id5-sync.com/k/155.gif?puid=AABvLE7TnQgAAAHq-Qt-qA&id5AccountNum=155&numCascadesAllowed=9&gdpr=0:0
[   29317ms] [ERROR] Failed to load resource: net::ERR_NAME_NOT_RESOLVED @ https://visitor-rtbmix.omnitagjs.com/visitor/bsync?uid=681194867b1fea57a9aee256eb5ea0a7&name=gen01&url=https%3A%2F%2Fsync.adtech.ink%2Fpsync%3Ft%3Dd%26e%3D103%26u%3DPARTNER_USER_ID%26clp%3DaHR0cHM6Ly9tYXRjaC4zNjB5aWVsZC5jb20vbWF0Y2g_cHVibGlzaGVyX2RzcF9pZD01MDUmZXh0ZXJuYWxfdXNlcl9pZD0lVVNFUl9JRCU:0
